<?xml version="1.0" encoding="UTF-8"?>
<testsuites name="VETXML_REST" time="3" tests="1" failures="0" errors="0">
   <testsuite name="VETXML_REST" tests="1" failures="0" errors="0" time="3" timestamp="2018-09-12 08:40:04" hostname="Agato - 192.168.1.3" id="Test Suites/VETXML_REST">
      <properties>
         <property name="deviceName" value=""/>
         <property name="devicePlatform" value=""/>
         <property name="logFolder" value="C:\\Users\\Agato\\git\\Abaxis\\Reports\\VETXML_REST\\20180912_083954"/>
         <property name="logFiles" value="C:\\Users\\Agato\\git\\Abaxis\\Reports\\VETXML_REST\\20180912_083954\\execution0.log"/>
         <property name="attachments" value=""/>
         <property name="hostName" value="Agato - 192.168.1.3"/>
         <property name="hostAddress" value="192.168.1.3"/>
         <property name="os" value="Windows 10 64bit"/>
         <property name="katalonVersion" value="5.6.3.1"/>
      </properties>
      <testcase name="Test Cases/VETXML_Rest/TC/ServiciosRest" classname="Test Cases/VETXML_Rest/TC/ServiciosRest" status="PASSED">
         <system-out><![CDATA[2018-09-12 08:40:04 - [TEST_CASE][PASSED] - Test Cases/VETXML_Rest/TC/ServiciosRest: Test Cases/VETXML_Rest/TC/ServiciosRest

2018-09-12 08:40:04 - [TEST_STEP][PASSED] - Statement - response = com.kms.katalon.core.webservice.keyword.WSBuiltInKeywords.sendRequest(com.kms.katalon.core.testobject.ObjectRepository.findTestObject(VETXML_REST/GetAllCountries)): Send request successfully

2018-09-12 08:40:07 - [MESSAGE][PASSED] - Send request successfully

2018-09-12 08:40:07 - [TEST_STEP][PASSED] - verifyResponseStatusCode: Verify response status code successfully

2018-09-12 08:40:07 - [MESSAGE][PASSED] - Verify response status code successfully

2018-09-12 08:40:07 - [TEST_STEP][PASSED] - verifyElementPropertyValue: Verify element property value successfully

2018-09-12 08:40:07 - [MESSAGE][PASSED] - Verify element property value successfully]]></system-out>
         <system-err><![CDATA[]]></system-err>
      </testcase>
      <system-out><![CDATA[2018-09-12 08:40:04 - [TEST_SUITE][PASSED] - VETXML_REST: Test Cases/VETXML_Rest/TC/ServiciosRest]]></system-out>
      <system-err><![CDATA[]]></system-err>
   </testsuite>
</testsuites>
