<?xml version="1.0" encoding="UTF-8"?>
<testsuites name="VETXML_REST" time="1" tests="1" failures="0" errors="0">
   <testsuite name="VETXML_REST" tests="1" failures="0" errors="0" time="1" timestamp="2018-09-12 10:46:37" hostname="Agato - 172.20.13.209" id="Test Suites/VETXML_REST">
      <properties>
         <property name="deviceName" value=""/>
         <property name="devicePlatform" value=""/>
         <property name="logFolder" value="C:\\Users\\Agato\\git\\Abaxis\\Reports\\VETXML_REST\\20180912_104636"/>
         <property name="logFiles" value="C:\\Users\\Agato\\git\\Abaxis\\Reports\\VETXML_REST\\20180912_104636\\execution0.log"/>
         <property name="attachments" value=""/>
         <property name="hostName" value="Agato - 172.20.13.209"/>
         <property name="hostAddress" value="172.20.13.209"/>
         <property name="os" value="Windows 10 64bit"/>
         <property name="katalonVersion" value="5.6.3.1"/>
      </properties>
      <testcase name="Test Cases/VETXML_Rest/TC/TC_ServiciosRest" classname="Test Cases/VETXML_Rest/TC/TC_ServiciosRest" status="PASSED">
         <system-out><![CDATA[2018-09-12 10:46:38 - [TEST_CASE][PASSED] - Test Cases/VETXML_Rest/TC/TC_ServiciosRest: Test Cases/VETXML_Rest/TC/TC_ServiciosRest

2018-09-12 10:46:38 - [TEST_STEP][PASSED] - Statement - response = com.kms.katalon.core.webservice.keyword.WSBuiltInKeywords.sendRequest(com.kms.katalon.core.testobject.ObjectRepository.findTestObject(VETXML_REST/Prueba_ServicioRest)): Send request successfully

2018-09-12 10:46:39 - [MESSAGE][PASSED] - Send request successfully]]></system-out>
         <system-err><![CDATA[]]></system-err>
      </testcase>
      <system-out><![CDATA[2018-09-12 10:46:37 - [TEST_SUITE][PASSED] - VETXML_REST: Test Cases/VETXML_Rest/TC/TC_ServiciosRest]]></system-out>
      <system-err><![CDATA[]]></system-err>
   </testsuite>
</testsuites>
