<?xml version="1.0" encoding="UTF-8"?>
<testsuites name="TS_Test Consult" time="13" tests="1" failures="0" errors="0">
   <testsuite name="TS_Test Consult" tests="1" failures="0" errors="0" time="13" timestamp="2018-09-19 10:56:24" hostname="Agato - 192.168.1.4" id="Test Suites/TS_Test Consult">
      <properties>
         <property name="deviceName" value=""/>
         <property name="devicePlatform" value=""/>
         <property name="logFolder" value="C:\\Users\\Agato\\git\\Abaxis\\Reports\\TS_Test Consult\\20180919_105606"/>
         <property name="logFiles" value="C:\\Users\\Agato\\git\\Abaxis\\Reports\\TS_Test Consult\\20180919_105606\\execution0.log"/>
         <property name="attachments" value=""/>
         <property name="hostName" value="Agato - 192.168.1.4"/>
         <property name="os" value="Windows 10 64bit"/>
         <property name="katalonVersion" value="5.7.1.1"/>
         <property name="browser" value="Chrome 68.0.3440.106"/>
         <property name="hostAddress" value="192.168.1.4"/>
         <property name="sessionId" value="85307c2c8c9e82f046174c8fbf2487ff"/>
         <property name="seleniumVersion" value="3.7.1"/>
         <property name="proxyInformation" value="ProxyInformation{proxyOption=NO_PROXY, proxyServerType=HTTP, password=, proxyServerAddress=, proxyServerPort=0}"/>
         <property name="platform" value="Windows 10"/>
      </properties>
      <testcase name="Test Cases/Web/FUSE/TC/TC_NewTest" classname="Test Cases/Web/FUSE/TC/TC_NewTest" status="PASSED">
         <system-out><![CDATA[2018-09-19 10:56:24 - [TEST_CASE][PASSED] - Test Cases/Web/FUSE/TC/TC_NewTest: Test Cases/Web/FUSE/TC/TC_NewTest

2018-09-19 10:56:24 - [TEST_STEP][PASSED] - Start listener action : sampleBeforeTestCase: Invoke 'com.kms.katalon.core.annotation.BeforeTestCase' method: 'NewTestListener.sampleBeforeTestCase(...)' completed.

2018-09-19 10:56:24 - [TEST_STEP][PASSED] - Statement - println(testCaseContext.getTestCaseId()): null

2018-09-19 10:56:24 - [TEST_STEP][PASSED] - Statement - println(testCaseContext.getTestCaseVariables()): Invoke 'com.kms.katalon.core.annotation.BeforeTestCase' method: 'NewTestListener.sampleBeforeTestCase(...)' completed.

2018-09-19 10:56:24 - [TEST_STEP][PASSED] - callTestCase: Call Test Case 'Test Cases/Web/FUSE/Lib/OpenBrowser' successfully

2018-09-19 10:56:25 - [TEST_CASE][PASSED] - Test Cases/Web/FUSE/Lib/OpenBrowser: Test Cases/Web/FUSE/Lib/OpenBrowser

2018-09-19 10:56:25 - [TEST_STEP][PASSED] - openBrowser: Browser is opened with url: ''

2018-09-19 10:56:28 - [MESSAGE][PASSED] - Browser is opened with url: ''

2018-09-19 10:56:28 - [TEST_STEP][PASSED] - navigateToUrl: Navigate to 'http://192.168.1.150:8080/' successfully

2018-09-19 10:56:31 - [MESSAGE][PASSED] - Navigate to 'http://192.168.1.150:8080/' successfully

2018-09-19 10:56:31 - [TEST_STEP][PASSED] - callTestCase: Call Test Case 'Test Cases/Web/Delay' successfully

2018-09-19 10:56:31 - [TEST_CASE][PASSED] - Test Cases/Web/Delay: Test Cases/Web/Delay

2018-09-19 10:56:31 - [TEST_STEP][PASSED] - Statement - return null: null

2018-09-19 10:56:31 - [MESSAGE][PASSED] - Call Test Case 'Test Cases/Web/Delay' successfully

2018-09-19 10:56:31 - [TEST_STEP][PASSED] - maximizeWindow: Current window maximized

2018-09-19 10:56:32 - [MESSAGE][PASSED] - Current window maximized

2018-09-19 10:56:32 - [MESSAGE][PASSED] - Call Test Case 'Test Cases/Web/FUSE/Lib/OpenBrowser' successfully

2018-09-19 10:56:32 - [TEST_STEP][PASSED] - callTestCase: Call Test Case 'Test Cases/Web/FUSE/Lib/LoginFUSE' successfully

2018-09-19 10:56:32 - [TEST_CASE][PASSED] - Test Cases/Web/FUSE/Lib/LoginFUSE: Test Cases/Web/FUSE/Lib/LoginFUSE

2018-09-19 10:56:32 - [TEST_STEP][PASSED] - click: Object: 'Object Repository/WEB/FUSE/WF1/Page_Abaxis VetScan Fuse/form_Login' is clicked on

2018-09-19 10:56:32 - [MESSAGE][PASSED] - Object: 'Object Repository/WEB/FUSE/WF1/Page_Abaxis VetScan Fuse/form_Login' is clicked on

2018-09-19 10:56:32 - [TEST_STEP][PASSED] - setText: Text 'admin' is set on object 'Object Repository/WEB/FUSE/WF1/Page_Abaxis VetScan Fuse/input_username'

2018-09-19 10:56:32 - [MESSAGE][PASSED] - Text 'admin' is set on object 'Object Repository/WEB/FUSE/WF1/Page_Abaxis VetScan Fuse/input_username'

2018-09-19 10:56:32 - [TEST_STEP][PASSED] - setEncryptedText: Text ****** has been set on object 'Object Repository/WEB/FUSE/WF1/Page_Abaxis VetScan Fuse/input_password'

2018-09-19 10:56:33 - [MESSAGE][PASSED] - Text ****** has been set on object 'Object Repository/WEB/FUSE/WF1/Page_Abaxis VetScan Fuse/input_password'

2018-09-19 10:56:33 - [TEST_STEP][PASSED] - click: Object: 'Object Repository/WEB/FUSE/WF1/Page_Abaxis VetScan Fuse/button_Login' is clicked on

2018-09-19 10:56:33 - [MESSAGE][PASSED] - Object: 'Object Repository/WEB/FUSE/WF1/Page_Abaxis VetScan Fuse/button_Login' is clicked on

2018-09-19 10:56:33 - [MESSAGE][PASSED] - Call Test Case 'Test Cases/Web/FUSE/Lib/LoginFUSE' successfully

2018-09-19 10:56:33 - [TEST_STEP][PASSED] - callTestCase: Call Test Case 'Test Cases/Web/FUSE/Lib/Menus/NewTest_WF/NewTest' successfully

2018-09-19 10:56:33 - [TEST_CASE][PASSED] - Test Cases/Web/FUSE/Lib/Menus/NewTest_WF/NewTest: Test Cases/Web/FUSE/Lib/Menus/NewTest_WF/NewTest

2018-09-19 10:56:33 - [TEST_STEP][PASSED] - click: Object: 'Object Repository/WEB/FUSE/WF1/Page_Abaxis VetScan Fuse/Page_Abaxis VetScan Fuse/button_New Test' is clicked on

2018-09-19 10:56:34 - [MESSAGE][PASSED] - Object: 'Object Repository/WEB/FUSE/WF1/Page_Abaxis VetScan Fuse/Page_Abaxis VetScan Fuse/button_New Test' is clicked on

2018-09-19 10:56:34 - [MESSAGE][PASSED] - Call Test Case 'Test Cases/Web/FUSE/Lib/Menus/NewTest_WF/NewTest' successfully

2018-09-19 10:56:34 - [TEST_STEP][PASSED] - callTestCase: Call Test Case 'Test Cases/Web/FUSE/Lib/CloseBrowser' successfully

2018-09-19 10:56:34 - [TEST_CASE][PASSED] - Test Cases/Web/FUSE/Lib/CloseBrowser: Test Cases/Web/FUSE/Lib/CloseBrowser

2018-09-19 10:56:34 - [TEST_STEP][PASSED] - closeBrowser: Browser is closed

2018-09-19 10:56:35 - [MESSAGE][PASSED] - Browser is closed

2018-09-19 10:56:35 - [MESSAGE][PASSED] - Call Test Case 'Test Cases/Web/FUSE/Lib/CloseBrowser' successfully

2018-09-19 10:56:35 - [TEST_STEP][PASSED] - Start listener action : sampleAfterTestCase: Invoke 'com.kms.katalon.core.annotation.AfterTestCase' method: 'NewTestListener.sampleAfterTestCase(...)' completed.

2018-09-19 10:56:35 - [TEST_STEP][PASSED] - Statement - println(testCaseContext.getTestCaseId()): null

2018-09-19 10:56:35 - [TEST_STEP][PASSED] - Statement - println(testCaseContext.getTestCaseStatus()): Invoke 'com.kms.katalon.core.annotation.AfterTestCase' method: 'NewTestListener.sampleAfterTestCase(...)' completed.]]></system-out>
         <system-err><![CDATA[]]></system-err>
      </testcase>
      <system-out><![CDATA[2018-09-19 10:56:24 - [TEST_SUITE][PASSED] - TS_Test Consult: Test Cases/Web/FUSE/TC/TC_NewTest]]></system-out>
      <system-err><![CDATA[]]></system-err>
   </testsuite>
</testsuites>
