<?xml version="1.0" encoding="UTF-8"?>
<testsuites name="TS_Mobile" time="336" tests="5" failures="0" errors="0">
   <testsuite name="TS_Mobile" tests="5" failures="0" errors="0" time="336" timestamp="2018-09-07 11:44:44" hostname="Agato - 192.168.1.3" id="Test Suites/TS_Mobile">
      <properties>
         <property name="deviceName" value="samsung SM-G920F (Android 7.0)"/>
         <property name="devicePlatform" value=""/>
         <property name="logFolder" value="C:\\Users\\Agato\\git\\Abaxis\\Reports\\TS_Mobile\\20180907_114441"/>
         <property name="logFiles" value="C:\\Users\\Agato\\git\\Abaxis\\Reports\\TS_Mobile\\20180907_114441\\appium.log, C:\\Users\\Agato\\git\\Abaxis\\Reports\\TS_Mobile\\20180907_114441\\execution0.log"/>
         <property name="attachments" value=""/>
         <property name="hostName" value="Agato - 192.168.1.3"/>
         <property name="os" value="Windows 10 64bit"/>
         <property name="katalonVersion" value="5.6.3.1"/>
         <property name="deviceOS" value="Android"/>
         <property name="appiumVersion" value="1.8.1"/>
         <property name="deviceModel" value="SM-G920F"/>
         <property name="hostAddress" value="192.168.1.3"/>
         <property name="deviceManufacturer" value="samsung"/>
         <property name="deviceId" value="10160a0973263f03"/>
         <property name="deviceName" value="samsung SM-G920F (Android 7.0)"/>
         <property name="deviceOSVersion" value="7.0"/>
      </properties>
      <testcase name="Test Cases/Android/TC/TC_LoginApp" classname="Test Cases/Android/TC/TC_LoginApp" status="PASSED">
         <system-out><![CDATA[2018-09-07 11:44:44 - [TEST_CASE][PASSED] - Test Cases/Android/TC/TC_LoginApp: Test Cases/Android/TC/TC_LoginApp

2018-09-07 11:44:44 - [TEST_STEP][PASSED] - callTestCase: Call Test Case 'Test Cases/Android/Lib/OpenApp' successfully

2018-09-07 11:44:44 - [TEST_CASE][PASSED] - Test Cases/Android/Lib/OpenApp: Test Cases/Android/Lib/OpenApp

2018-09-07 11:44:44 - [TEST_STEP][PASSED] - startApplication: Started app at: 'C:\temp\app-development-debug.apk'

2018-09-07 11:45:29 - [MESSAGE][PASSED] - Started app at: 'C:\temp\app-development-debug.apk'

2018-09-07 11:45:29 - [MESSAGE][PASSED] - Call Test Case 'Test Cases/Android/Lib/OpenApp' successfully

2018-09-07 11:45:29 - [TEST_STEP][PASSED] - callTestCase: Call Test Case 'Test Cases/Android/Lib/EndToEnd' successfully

2018-09-07 11:45:29 - [TEST_CASE][PASSED] - Test Cases/Android/Lib/EndToEnd: Test Cases/Android/Lib/EndToEnd

2018-09-07 11:45:30 - [TEST_STEP][PASSED] - callTestCase: Call Test Case 'Test Cases/Android/Lib/Onboarding' successfully

2018-09-07 11:45:30 - [TEST_CASE][PASSED] - Test Cases/Android/Lib/Onboarding: Test Cases/Android/Lib/Onboarding

2018-09-07 11:45:30 - [TEST_STEP][PASSED] - tap: Tapped on element 'Object Repository/Android/WF1/android.widget.ImageView1'

2018-09-07 11:45:30 - [MESSAGE][WARNING] - Timeout '0' is invalid. Using default page load timeout: '30'

2018-09-07 11:45:32 - [MESSAGE][PASSED] - Tapped on element 'Object Repository/Android/WF1/android.widget.ImageView1'

2018-09-07 11:45:32 - [TEST_STEP][PASSED] - tap: Tapped on element 'Object Repository/Android/WF1/android.widget.Button0 - LOGIN'

2018-09-07 11:45:32 - [MESSAGE][WARNING] - Timeout '0' is invalid. Using default page load timeout: '30'

2018-09-07 11:45:35 - [MESSAGE][PASSED] - Tapped on element 'Object Repository/Android/WF1/android.widget.Button0 - LOGIN'

2018-09-07 11:45:35 - [TEST_STEP][PASSED] - tap: Tapped on element 'Object Repository/Android/WF1/android.widget.ImageView1 (1)'

2018-09-07 11:45:35 - [MESSAGE][WARNING] - Timeout '0' is invalid. Using default page load timeout: '30'

2018-09-07 11:45:36 - [MESSAGE][PASSED] - Tapped on element 'Object Repository/Android/WF1/android.widget.ImageView1 (1)'

2018-09-07 11:45:36 - [TEST_STEP][PASSED] - tap: Tapped on element 'Object Repository/Android/WF1/android.widget.Button1 - YES'

2018-09-07 11:45:36 - [MESSAGE][WARNING] - Timeout '0' is invalid. Using default page load timeout: '30'

2018-09-07 11:45:38 - [MESSAGE][PASSED] - Tapped on element 'Object Repository/Android/WF1/android.widget.Button1 - YES'

2018-09-07 11:45:38 - [TEST_STEP][PASSED] - tap: Tapped on element 'Object Repository/Android/WF1/android.widget.Button0 - OK'

2018-09-07 11:45:38 - [MESSAGE][WARNING] - Timeout '0' is invalid. Using default page load timeout: '30'

2018-09-07 11:45:40 - [MESSAGE][PASSED] - Tapped on element 'Object Repository/Android/WF1/android.widget.Button0 - OK'

2018-09-07 11:45:40 - [MESSAGE][PASSED] - Call Test Case 'Test Cases/Android/Lib/Onboarding' successfully

2018-09-07 11:45:40 - [TEST_STEP][PASSED] - callTestCase: Call Test Case 'Test Cases/Android/Lib/Menu/VUEMenu/VUE' successfully

2018-09-07 11:45:41 - [TEST_CASE][PASSED] - Test Cases/Android/Lib/Menu/VUEMenu/VUE: Test Cases/Android/Lib/Menu/VUEMenu/VUE

2018-09-07 11:45:41 - [TEST_STEP][PASSED] - Statement - return null: null

2018-09-07 11:45:41 - [MESSAGE][PASSED] - Call Test Case 'Test Cases/Android/Lib/Menu/VUEMenu/VUE' successfully

2018-09-07 11:45:41 - [TEST_STEP][PASSED] - callTestCase: Call Test Case 'Test Cases/Android/Lib/Menu/UsersMenu/User' successfully

2018-09-07 11:45:41 - [TEST_CASE][PASSED] - Test Cases/Android/Lib/Menu/UsersMenu/User: Test Cases/Android/Lib/Menu/UsersMenu/User

2018-09-07 11:45:41 - [TEST_STEP][PASSED] - tap: Tapped on element 'Object Repository/Android/WF1/android.widget.ImageButton3'

2018-09-07 11:45:41 - [MESSAGE][WARNING] - Timeout '0' is invalid. Using default page load timeout: '30'

2018-09-07 11:45:42 - [MESSAGE][PASSED] - Tapped on element 'Object Repository/Android/WF1/android.widget.ImageButton3'

2018-09-07 11:45:42 - [MESSAGE][PASSED] - Call Test Case 'Test Cases/Android/Lib/Menu/UsersMenu/User' successfully

2018-09-07 11:45:42 - [TEST_STEP][PASSED] - callTestCase: Call Test Case 'Test Cases/Android/Lib/Menu/HistoricoMenu/Historico' successfully

2018-09-07 11:45:42 - [TEST_CASE][PASSED] - Test Cases/Android/Lib/Menu/HistoricoMenu/Historico: Test Cases/Android/Lib/Menu/HistoricoMenu/Historico

2018-09-07 11:45:42 - [TEST_STEP][PASSED] - Statement - return null: null

2018-09-07 11:45:42 - [MESSAGE][PASSED] - Call Test Case 'Test Cases/Android/Lib/Menu/HistoricoMenu/Historico' successfully

2018-09-07 11:45:42 - [TEST_STEP][PASSED] - callTestCase: Call Test Case 'Test Cases/Android/Lib/Menu/ConfigurationMenu/Configuration' successfully

2018-09-07 11:45:42 - [TEST_CASE][PASSED] - Test Cases/Android/Lib/Menu/ConfigurationMenu/Configuration: Test Cases/Android/Lib/Menu/ConfigurationMenu/Configuration

2018-09-07 11:45:42 - [TEST_STEP][PASSED] - tap: Tapped on element 'Object Repository/Android/WF1/android.widget.ImageButton4'

2018-09-07 11:45:42 - [MESSAGE][WARNING] - Timeout '0' is invalid. Using default page load timeout: '30'

2018-09-07 11:45:45 - [MESSAGE][PASSED] - Tapped on element 'Object Repository/Android/WF1/android.widget.ImageButton4'

2018-09-07 11:45:45 - [MESSAGE][PASSED] - Call Test Case 'Test Cases/Android/Lib/Menu/ConfigurationMenu/Configuration' successfully

2018-09-07 11:45:45 - [TEST_STEP][PASSED] - pressBack: Press back button successfully

2018-09-07 11:45:46 - [MESSAGE][PASSED] - Press back button successfully

2018-09-07 11:45:46 - [TEST_STEP][PASSED] - tap: Tapped on element 'Object Repository/Android/WF1/android.widget.Button1 - YES'

2018-09-07 11:45:46 - [MESSAGE][WARNING] - Timeout '0' is invalid. Using default page load timeout: '30'

2018-09-07 11:45:48 - [MESSAGE][PASSED] - Tapped on element 'Object Repository/Android/WF1/android.widget.Button1 - YES'

2018-09-07 11:45:48 - [MESSAGE][PASSED] - Call Test Case 'Test Cases/Android/Lib/EndToEnd' successfully

2018-09-07 11:45:48 - [TEST_STEP][PASSED] - callTestCase: Call Test Case 'Test Cases/Android/Lib/CloseApp' successfully

2018-09-07 11:45:48 - [TEST_CASE][PASSED] - Test Cases/Android/Lib/CloseApp: Test Cases/Android/Lib/CloseApp

2018-09-07 11:45:48 - [TEST_STEP][PASSED] - closeApplication: Close app successfully

2018-09-07 11:45:53 - [MESSAGE][PASSED] - Close app successfully

2018-09-07 11:45:53 - [MESSAGE][PASSED] - Call Test Case 'Test Cases/Android/Lib/CloseApp' successfully]]></system-out>
         <system-err><![CDATA[]]></system-err>
      </testcase>
      <testcase name="Test Cases/Android/TC/TC_Configuration" classname="Test Cases/Android/TC/TC_Configuration" status="PASSED">
         <system-out><![CDATA[2018-09-07 11:45:53 - [TEST_CASE][PASSED] - Test Cases/Android/TC/TC_Configuration: Test Cases/Android/TC/TC_Configuration

2018-09-07 11:45:53 - [TEST_STEP][PASSED] - callTestCase: Call Test Case 'Test Cases/Android/Lib/OpenApp' successfully

2018-09-07 11:45:53 - [TEST_CASE][PASSED] - Test Cases/Android/Lib/OpenApp: Test Cases/Android/Lib/OpenApp

2018-09-07 11:45:53 - [TEST_STEP][PASSED] - startApplication: Started app at: 'C:\temp\app-development-debug.apk'

2018-09-07 11:46:40 - [MESSAGE][PASSED] - Started app at: 'C:\temp\app-development-debug.apk'

2018-09-07 11:46:40 - [MESSAGE][PASSED] - Call Test Case 'Test Cases/Android/Lib/OpenApp' successfully

2018-09-07 11:46:40 - [TEST_STEP][PASSED] - callTestCase: Call Test Case 'Test Cases/Android/Lib/Onboarding' successfully

2018-09-07 11:46:40 - [TEST_CASE][PASSED] - Test Cases/Android/Lib/Onboarding: Test Cases/Android/Lib/Onboarding

2018-09-07 11:46:40 - [TEST_STEP][PASSED] - tap: Tapped on element 'Object Repository/Android/WF1/android.widget.ImageView1'

2018-09-07 11:46:40 - [MESSAGE][WARNING] - Timeout '0' is invalid. Using default page load timeout: '30'

2018-09-07 11:46:43 - [MESSAGE][PASSED] - Tapped on element 'Object Repository/Android/WF1/android.widget.ImageView1'

2018-09-07 11:46:43 - [TEST_STEP][PASSED] - tap: Tapped on element 'Object Repository/Android/WF1/android.widget.Button0 - LOGIN'

2018-09-07 11:46:43 - [MESSAGE][WARNING] - Timeout '0' is invalid. Using default page load timeout: '30'

2018-09-07 11:46:45 - [MESSAGE][PASSED] - Tapped on element 'Object Repository/Android/WF1/android.widget.Button0 - LOGIN'

2018-09-07 11:46:45 - [TEST_STEP][PASSED] - tap: Tapped on element 'Object Repository/Android/WF1/android.widget.ImageView1 (1)'

2018-09-07 11:46:45 - [MESSAGE][WARNING] - Timeout '0' is invalid. Using default page load timeout: '30'

2018-09-07 11:46:46 - [MESSAGE][PASSED] - Tapped on element 'Object Repository/Android/WF1/android.widget.ImageView1 (1)'

2018-09-07 11:46:46 - [TEST_STEP][PASSED] - tap: Tapped on element 'Object Repository/Android/WF1/android.widget.Button1 - YES'

2018-09-07 11:46:46 - [MESSAGE][WARNING] - Timeout '0' is invalid. Using default page load timeout: '30'

2018-09-07 11:46:49 - [MESSAGE][PASSED] - Tapped on element 'Object Repository/Android/WF1/android.widget.Button1 - YES'

2018-09-07 11:46:49 - [TEST_STEP][PASSED] - tap: Tapped on element 'Object Repository/Android/WF1/android.widget.Button0 - OK'

2018-09-07 11:46:49 - [MESSAGE][WARNING] - Timeout '0' is invalid. Using default page load timeout: '30'

2018-09-07 11:46:50 - [MESSAGE][PASSED] - Tapped on element 'Object Repository/Android/WF1/android.widget.Button0 - OK'

2018-09-07 11:46:50 - [MESSAGE][PASSED] - Call Test Case 'Test Cases/Android/Lib/Onboarding' successfully

2018-09-07 11:46:50 - [TEST_STEP][PASSED] - callTestCase: Call Test Case 'Test Cases/Android/Lib/Menu/ConfigurationMenu/Configuration' successfully

2018-09-07 11:46:50 - [TEST_CASE][PASSED] - Test Cases/Android/Lib/Menu/ConfigurationMenu/Configuration: Test Cases/Android/Lib/Menu/ConfigurationMenu/Configuration

2018-09-07 11:46:50 - [TEST_STEP][PASSED] - tap: Tapped on element 'Object Repository/Android/WF1/android.widget.ImageButton4'

2018-09-07 11:46:50 - [MESSAGE][WARNING] - Timeout '0' is invalid. Using default page load timeout: '30'

2018-09-07 11:46:52 - [MESSAGE][PASSED] - Tapped on element 'Object Repository/Android/WF1/android.widget.ImageButton4'

2018-09-07 11:46:52 - [MESSAGE][PASSED] - Call Test Case 'Test Cases/Android/Lib/Menu/ConfigurationMenu/Configuration' successfully

2018-09-07 11:46:52 - [TEST_STEP][PASSED] - callTestCase: Call Test Case 'Test Cases/Android/Lib/CloseApp' successfully

2018-09-07 11:46:52 - [TEST_CASE][PASSED] - Test Cases/Android/Lib/CloseApp: Test Cases/Android/Lib/CloseApp

2018-09-07 11:46:52 - [TEST_STEP][PASSED] - closeApplication: Close app successfully

2018-09-07 11:46:56 - [MESSAGE][PASSED] - Close app successfully

2018-09-07 11:46:56 - [MESSAGE][PASSED] - Call Test Case 'Test Cases/Android/Lib/CloseApp' successfully]]></system-out>
         <system-err><![CDATA[]]></system-err>
      </testcase>
      <testcase name="Test Cases/Android/TC/TC_Historico" classname="Test Cases/Android/TC/TC_Historico" status="PASSED">
         <system-out><![CDATA[2018-09-07 11:46:56 - [TEST_CASE][PASSED] - Test Cases/Android/TC/TC_Historico: Test Cases/Android/TC/TC_Historico

2018-09-07 11:46:56 - [TEST_STEP][PASSED] - callTestCase: Call Test Case 'Test Cases/Android/Lib/OpenApp' successfully

2018-09-07 11:46:56 - [TEST_CASE][PASSED] - Test Cases/Android/Lib/OpenApp: Test Cases/Android/Lib/OpenApp

2018-09-07 11:46:56 - [TEST_STEP][PASSED] - startApplication: Started app at: 'C:\temp\app-development-debug.apk'

2018-09-07 11:47:45 - [MESSAGE][PASSED] - Started app at: 'C:\temp\app-development-debug.apk'

2018-09-07 11:47:45 - [MESSAGE][PASSED] - Call Test Case 'Test Cases/Android/Lib/OpenApp' successfully

2018-09-07 11:47:45 - [TEST_STEP][PASSED] - callTestCase: Call Test Case 'Test Cases/Android/Lib/Onboarding' successfully

2018-09-07 11:47:45 - [TEST_CASE][PASSED] - Test Cases/Android/Lib/Onboarding: Test Cases/Android/Lib/Onboarding

2018-09-07 11:47:45 - [TEST_STEP][PASSED] - tap: Tapped on element 'Object Repository/Android/WF1/android.widget.ImageView1'

2018-09-07 11:47:45 - [MESSAGE][WARNING] - Timeout '0' is invalid. Using default page load timeout: '30'

2018-09-07 11:47:48 - [MESSAGE][PASSED] - Tapped on element 'Object Repository/Android/WF1/android.widget.ImageView1'

2018-09-07 11:47:48 - [TEST_STEP][PASSED] - tap: Tapped on element 'Object Repository/Android/WF1/android.widget.Button0 - LOGIN'

2018-09-07 11:47:48 - [MESSAGE][WARNING] - Timeout '0' is invalid. Using default page load timeout: '30'

2018-09-07 11:47:50 - [MESSAGE][PASSED] - Tapped on element 'Object Repository/Android/WF1/android.widget.Button0 - LOGIN'

2018-09-07 11:47:50 - [TEST_STEP][PASSED] - tap: Tapped on element 'Object Repository/Android/WF1/android.widget.ImageView1 (1)'

2018-09-07 11:47:50 - [MESSAGE][WARNING] - Timeout '0' is invalid. Using default page load timeout: '30'

2018-09-07 11:47:51 - [MESSAGE][PASSED] - Tapped on element 'Object Repository/Android/WF1/android.widget.ImageView1 (1)'

2018-09-07 11:47:51 - [TEST_STEP][PASSED] - tap: Tapped on element 'Object Repository/Android/WF1/android.widget.Button1 - YES'

2018-09-07 11:47:51 - [MESSAGE][WARNING] - Timeout '0' is invalid. Using default page load timeout: '30'

2018-09-07 11:47:54 - [MESSAGE][PASSED] - Tapped on element 'Object Repository/Android/WF1/android.widget.Button1 - YES'

2018-09-07 11:47:54 - [TEST_STEP][PASSED] - tap: Tapped on element 'Object Repository/Android/WF1/android.widget.Button0 - OK'

2018-09-07 11:47:54 - [MESSAGE][WARNING] - Timeout '0' is invalid. Using default page load timeout: '30'

2018-09-07 11:47:55 - [MESSAGE][PASSED] - Tapped on element 'Object Repository/Android/WF1/android.widget.Button0 - OK'

2018-09-07 11:47:55 - [MESSAGE][PASSED] - Call Test Case 'Test Cases/Android/Lib/Onboarding' successfully

2018-09-07 11:47:55 - [TEST_STEP][PASSED] - callTestCase: Call Test Case 'Test Cases/Android/Lib/Menu/HistoricoMenu/Historico' successfully

2018-09-07 11:47:55 - [TEST_CASE][PASSED] - Test Cases/Android/Lib/Menu/HistoricoMenu/Historico: Test Cases/Android/Lib/Menu/HistoricoMenu/Historico

2018-09-07 11:47:55 - [TEST_STEP][PASSED] - Statement - return null: null

2018-09-07 11:47:55 - [MESSAGE][PASSED] - Call Test Case 'Test Cases/Android/Lib/Menu/HistoricoMenu/Historico' successfully

2018-09-07 11:47:55 - [TEST_STEP][PASSED] - callTestCase: Call Test Case 'Test Cases/Android/Lib/CloseApp' successfully

2018-09-07 11:47:55 - [TEST_CASE][PASSED] - Test Cases/Android/Lib/CloseApp: Test Cases/Android/Lib/CloseApp

2018-09-07 11:47:55 - [TEST_STEP][PASSED] - closeApplication: Close app successfully

2018-09-07 11:47:59 - [MESSAGE][PASSED] - Close app successfully

2018-09-07 11:47:59 - [MESSAGE][PASSED] - Call Test Case 'Test Cases/Android/Lib/CloseApp' successfully]]></system-out>
         <system-err><![CDATA[]]></system-err>
      </testcase>
      <testcase name="Test Cases/Android/TC/TC_Users" classname="Test Cases/Android/TC/TC_Users" status="PASSED">
         <system-out><![CDATA[2018-09-07 11:47:59 - [TEST_CASE][PASSED] - Test Cases/Android/TC/TC_Users: Test Cases/Android/TC/TC_Users

2018-09-07 11:47:59 - [TEST_STEP][PASSED] - callTestCase: Call Test Case 'Test Cases/Android/Lib/OpenApp' successfully

2018-09-07 11:47:59 - [TEST_CASE][PASSED] - Test Cases/Android/Lib/OpenApp: Test Cases/Android/Lib/OpenApp

2018-09-07 11:47:59 - [TEST_STEP][PASSED] - startApplication: Started app at: 'C:\temp\app-development-debug.apk'

2018-09-07 11:48:54 - [MESSAGE][PASSED] - Started app at: 'C:\temp\app-development-debug.apk'

2018-09-07 11:48:54 - [MESSAGE][PASSED] - Call Test Case 'Test Cases/Android/Lib/OpenApp' successfully

2018-09-07 11:48:54 - [TEST_STEP][PASSED] - callTestCase: Call Test Case 'Test Cases/Android/Lib/Onboarding' successfully

2018-09-07 11:48:54 - [TEST_CASE][PASSED] - Test Cases/Android/Lib/Onboarding: Test Cases/Android/Lib/Onboarding

2018-09-07 11:48:54 - [TEST_STEP][PASSED] - tap: Tapped on element 'Object Repository/Android/WF1/android.widget.ImageView1'

2018-09-07 11:48:54 - [MESSAGE][WARNING] - Timeout '0' is invalid. Using default page load timeout: '30'

2018-09-07 11:48:57 - [MESSAGE][PASSED] - Tapped on element 'Object Repository/Android/WF1/android.widget.ImageView1'

2018-09-07 11:48:57 - [TEST_STEP][PASSED] - tap: Tapped on element 'Object Repository/Android/WF1/android.widget.Button0 - LOGIN'

2018-09-07 11:48:57 - [MESSAGE][WARNING] - Timeout '0' is invalid. Using default page load timeout: '30'

2018-09-07 11:48:59 - [MESSAGE][PASSED] - Tapped on element 'Object Repository/Android/WF1/android.widget.Button0 - LOGIN'

2018-09-07 11:48:59 - [TEST_STEP][PASSED] - tap: Tapped on element 'Object Repository/Android/WF1/android.widget.ImageView1 (1)'

2018-09-07 11:48:59 - [MESSAGE][WARNING] - Timeout '0' is invalid. Using default page load timeout: '30'

2018-09-07 11:49:01 - [MESSAGE][PASSED] - Tapped on element 'Object Repository/Android/WF1/android.widget.ImageView1 (1)'

2018-09-07 11:49:01 - [TEST_STEP][PASSED] - tap: Tapped on element 'Object Repository/Android/WF1/android.widget.Button1 - YES'

2018-09-07 11:49:01 - [MESSAGE][WARNING] - Timeout '0' is invalid. Using default page load timeout: '30'

2018-09-07 11:49:03 - [MESSAGE][PASSED] - Tapped on element 'Object Repository/Android/WF1/android.widget.Button1 - YES'

2018-09-07 11:49:03 - [TEST_STEP][PASSED] - tap: Tapped on element 'Object Repository/Android/WF1/android.widget.Button0 - OK'

2018-09-07 11:49:03 - [MESSAGE][WARNING] - Timeout '0' is invalid. Using default page load timeout: '30'

2018-09-07 11:49:05 - [MESSAGE][PASSED] - Tapped on element 'Object Repository/Android/WF1/android.widget.Button0 - OK'

2018-09-07 11:49:05 - [MESSAGE][PASSED] - Call Test Case 'Test Cases/Android/Lib/Onboarding' successfully

2018-09-07 11:49:05 - [TEST_STEP][PASSED] - callTestCase: Call Test Case 'Test Cases/Android/Lib/Menu/VUEMenu/VUE' successfully

2018-09-07 11:49:05 - [TEST_CASE][PASSED] - Test Cases/Android/Lib/Menu/VUEMenu/VUE: Test Cases/Android/Lib/Menu/VUEMenu/VUE

2018-09-07 11:49:05 - [TEST_STEP][PASSED] - Statement - return null: null

2018-09-07 11:49:05 - [MESSAGE][PASSED] - Call Test Case 'Test Cases/Android/Lib/Menu/VUEMenu/VUE' successfully

2018-09-07 11:49:05 - [TEST_STEP][PASSED] - callTestCase: Call Test Case 'Test Cases/Android/Lib/CloseApp' successfully

2018-09-07 11:49:05 - [TEST_CASE][PASSED] - Test Cases/Android/Lib/CloseApp: Test Cases/Android/Lib/CloseApp

2018-09-07 11:49:05 - [TEST_STEP][PASSED] - closeApplication: Close app successfully

2018-09-07 11:49:07 - [MESSAGE][PASSED] - Close app successfully

2018-09-07 11:49:07 - [MESSAGE][PASSED] - Call Test Case 'Test Cases/Android/Lib/CloseApp' successfully]]></system-out>
         <system-err><![CDATA[]]></system-err>
      </testcase>
      <testcase name="Test Cases/Android/TC/TC_VUE" classname="Test Cases/Android/TC/TC_VUE" status="PASSED">
         <system-out><![CDATA[2018-09-07 11:49:07 - [TEST_CASE][PASSED] - Test Cases/Android/TC/TC_VUE: Test Cases/Android/TC/TC_VUE

2018-09-07 11:49:08 - [TEST_STEP][PASSED] - callTestCase: Call Test Case 'Test Cases/Android/Lib/OpenApp' successfully

2018-09-07 11:49:08 - [TEST_CASE][PASSED] - Test Cases/Android/Lib/OpenApp: Test Cases/Android/Lib/OpenApp

2018-09-07 11:49:08 - [TEST_STEP][PASSED] - startApplication: Started app at: 'C:\temp\app-development-debug.apk'

2018-09-07 11:50:02 - [MESSAGE][PASSED] - Started app at: 'C:\temp\app-development-debug.apk'

2018-09-07 11:50:02 - [MESSAGE][PASSED] - Call Test Case 'Test Cases/Android/Lib/OpenApp' successfully

2018-09-07 11:50:02 - [TEST_STEP][PASSED] - callTestCase: Call Test Case 'Test Cases/Android/Lib/Onboarding' successfully

2018-09-07 11:50:02 - [TEST_CASE][PASSED] - Test Cases/Android/Lib/Onboarding: Test Cases/Android/Lib/Onboarding

2018-09-07 11:50:02 - [TEST_STEP][PASSED] - tap: Tapped on element 'Object Repository/Android/WF1/android.widget.ImageView1'

2018-09-07 11:50:02 - [MESSAGE][WARNING] - Timeout '0' is invalid. Using default page load timeout: '30'

2018-09-07 11:50:05 - [MESSAGE][PASSED] - Tapped on element 'Object Repository/Android/WF1/android.widget.ImageView1'

2018-09-07 11:50:05 - [TEST_STEP][PASSED] - tap: Tapped on element 'Object Repository/Android/WF1/android.widget.Button0 - LOGIN'

2018-09-07 11:50:05 - [MESSAGE][WARNING] - Timeout '0' is invalid. Using default page load timeout: '30'

2018-09-07 11:50:06 - [MESSAGE][PASSED] - Tapped on element 'Object Repository/Android/WF1/android.widget.Button0 - LOGIN'

2018-09-07 11:50:06 - [TEST_STEP][PASSED] - tap: Tapped on element 'Object Repository/Android/WF1/android.widget.ImageView1 (1)'

2018-09-07 11:50:06 - [MESSAGE][WARNING] - Timeout '0' is invalid. Using default page load timeout: '30'

2018-09-07 11:50:10 - [MESSAGE][PASSED] - Tapped on element 'Object Repository/Android/WF1/android.widget.ImageView1 (1)'

2018-09-07 11:50:10 - [TEST_STEP][PASSED] - tap: Tapped on element 'Object Repository/Android/WF1/android.widget.Button1 - YES'

2018-09-07 11:50:10 - [MESSAGE][WARNING] - Timeout '0' is invalid. Using default page load timeout: '30'

2018-09-07 11:50:13 - [MESSAGE][PASSED] - Tapped on element 'Object Repository/Android/WF1/android.widget.Button1 - YES'

2018-09-07 11:50:13 - [TEST_STEP][PASSED] - tap: Tapped on element 'Object Repository/Android/WF1/android.widget.Button0 - OK'

2018-09-07 11:50:13 - [MESSAGE][WARNING] - Timeout '0' is invalid. Using default page load timeout: '30'

2018-09-07 11:50:14 - [MESSAGE][PASSED] - Tapped on element 'Object Repository/Android/WF1/android.widget.Button0 - OK'

2018-09-07 11:50:14 - [MESSAGE][PASSED] - Call Test Case 'Test Cases/Android/Lib/Onboarding' successfully

2018-09-07 11:50:14 - [TEST_STEP][PASSED] - callTestCase: Call Test Case 'Test Cases/Android/Lib/Menu/UsersMenu/User' successfully

2018-09-07 11:50:14 - [TEST_CASE][PASSED] - Test Cases/Android/Lib/Menu/UsersMenu/User: Test Cases/Android/Lib/Menu/UsersMenu/User

2018-09-07 11:50:14 - [TEST_STEP][PASSED] - tap: Tapped on element 'Object Repository/Android/WF1/android.widget.ImageButton3'

2018-09-07 11:50:14 - [MESSAGE][WARNING] - Timeout '0' is invalid. Using default page load timeout: '30'

2018-09-07 11:50:15 - [MESSAGE][PASSED] - Tapped on element 'Object Repository/Android/WF1/android.widget.ImageButton3'

2018-09-07 11:50:15 - [MESSAGE][PASSED] - Call Test Case 'Test Cases/Android/Lib/Menu/UsersMenu/User' successfully

2018-09-07 11:50:15 - [TEST_STEP][PASSED] - callTestCase: Call Test Case 'Test Cases/Android/Lib/CloseApp' successfully

2018-09-07 11:50:15 - [TEST_CASE][PASSED] - Test Cases/Android/Lib/CloseApp: Test Cases/Android/Lib/CloseApp

2018-09-07 11:50:15 - [TEST_STEP][PASSED] - closeApplication: Close app successfully

2018-09-07 11:50:20 - [MESSAGE][PASSED] - Close app successfully

2018-09-07 11:50:20 - [MESSAGE][PASSED] - Call Test Case 'Test Cases/Android/Lib/CloseApp' successfully]]></system-out>
         <system-err><![CDATA[]]></system-err>
      </testcase>
      <system-out><![CDATA[2018-09-07 11:44:44 - [TEST_SUITE][PASSED] - TS_Mobile: Test Cases/Android/TC/TC_VUE]]></system-out>
      <system-err><![CDATA[]]></system-err>
   </testsuite>
</testsuites>
