<?xml version="1.0" encoding="UTF-8"?>
<testsuites name="TS_Web" time="64" tests="0" failures="5" errors="0">
   <testsuite name="TS_Web" tests="0" failures="5" errors="0" time="64" timestamp="2018-09-12 10:47:14" hostname="Agato - 172.20.13.209" id="Test Suites/TS_Web">
      <properties>
         <property name="deviceName" value=""/>
         <property name="devicePlatform" value=""/>
         <property name="logFolder" value="C:\\Users\\Agato\\git\\Abaxis\\Reports\\TS_Web\\20180912_104712"/>
         <property name="logFiles" value="C:\\Users\\Agato\\git\\Abaxis\\Reports\\TS_Web\\20180912_104712\\execution0.log"/>
         <property name="attachments" value="C:\\Users\\Agato\\git\\Abaxis\\Reports\\TS_Web\\20180912_104712\\1536742038545.png, C:\\Users\\Agato\\git\\Abaxis\\Reports\\TS_Web\\20180912_104712\\1536742063310.png, C:\\Users\\Agato\\git\\Abaxis\\Reports\\TS_Web\\20180912_104712\\1536742066668.png, C:\\Users\\Agato\\git\\Abaxis\\Reports\\TS_Web\\20180912_104712\\1536742090647.png"/>
         <property name="hostName" value="Agato - 172.20.13.209"/>
         <property name="os" value="Windows 10 64bit"/>
         <property name="katalonVersion" value="5.6.3.1"/>
         <property name="browser" value="Firefox 61.0"/>
         <property name="hostAddress" value="172.20.13.209"/>
         <property name="sessionId" value="b1e5c692-f84b-4a8e-94e5-422de3f49993"/>
         <property name="seleniumVersion" value="3.7.1"/>
         <property name="proxyInformation" value="ProxyInformation{proxyOption=NO_PROXY, proxyServerType=HTTP, password=, proxyServerAddress=, proxyServerPort=0}"/>
         <property name="platform" value="Windows 10"/>
      </properties>
      <testcase name="Test Cases/Web/BO FUSE/TC/TC_Login" classname="Test Cases/Web/BO FUSE/TC/TC_Login" status="FAILED">
         <failure type="FAILED" message="Unable to navigate to 'null' (Root cause: java.lang.IllegalArgumentException: Url cannot be null or empty)"/>
         <system-out><![CDATA[2018-09-12 10:47:14 - [TEST_CASE][FAILED] - Test Cases/Web/BO FUSE/TC/TC_Login: Test Cases/Web/BO FUSE/TC/TC_Login FAILED because (of) Unable to navigate to 'null' (Root cause: java.lang.IllegalArgumentException: Url cannot be null or empty)

2018-09-12 10:47:14 - [TEST_STEP][FAILED] - callTestCase: Unable to call Test Case with id 'Test Cases/Web/BO FUSE/Lib/OpenBrowser' (Root cause: Call Test Case 'Test Cases/Web/BO FUSE/Lib/OpenBrowser' failed)

2018-09-12 10:47:14 - [TEST_CASE][FAILED] - Test Cases/Web/BO FUSE/Lib/OpenBrowser: Test Cases/Web/BO FUSE/Lib/OpenBrowser FAILED because (of) Unable to navigate to 'null' (Root cause: java.lang.IllegalArgumentException: Url cannot be null or empty)

2018-09-12 10:47:14 - [TEST_STEP][PASSED] - openBrowser: Browser is opened with url: ''

2018-09-12 10:47:18 - [MESSAGE][PASSED] - Browser is opened with url: ''

2018-09-12 10:47:18 - [TEST_STEP][FAILED] - navigateToUrl: Unable to navigate to 'null' (Root cause: java.lang.IllegalArgumentException: Url cannot be null or empty)

2018-09-12 10:47:18 - [MESSAGE][FAILED] - Unable to navigate to 'null' (Root cause: java.lang.IllegalArgumentException: Url cannot be null or empty)
[[ATTACHMENT|C:\\Users\\Agato\\git\\Abaxis\\Reports\\TS_Web\\20180912_104712\\1536742038545.png]]

2018-09-12 10:47:18 - [MESSAGE][FAILED] - Unable to call Test Case with id 'Test Cases/Web/BO FUSE/Lib/OpenBrowser' (Root cause: Call Test Case 'Test Cases/Web/BO FUSE/Lib/OpenBrowser' failed)]]></system-out>
         <system-err><![CDATA[2018-09-12 10:47:14 - [TEST_CASE][FAILED] - Test Cases/Web/BO FUSE/TC/TC_Login: Test Cases/Web/BO FUSE/TC/TC_Login FAILED because (of) Unable to navigate to 'null' (Root cause: java.lang.IllegalArgumentException: Url cannot be null or empty)]]></system-err>
      </testcase>
      <testcase name="Test Cases/Web/FUSE/TC/TC_LoginFUSE" classname="Test Cases/Web/FUSE/TC/TC_LoginFUSE" status="FAILED">
         <failure type="FAILED" message="Unable to navigate to 'http://192.168.1.201:8080/#/' (Root cause: org.openqa.selenium.WebDriverException: Reached error page: about:neterror?e=netTimeout&amp;u=http%3A//192.168.1.201%3A8080/%23/&amp;c=UTF-8&amp;f=regular&amp;d=El%20servidor%20192.168.1.201%20est%C3%A1%20tardando%20demasiado%20en%20responder.
Build info: version: '3.7.1', revision: '8a0099a', time: '2017-11-06T21:07:36.161Z'
System info: host: 'PC251', ip: '172.20.13.209', os.name: 'Windows 10', os.arch: 'amd64', os.version: '10.0', java.version: '1.8.0_102'
Driver info: com.kms.katalon.core.webui.driver.firefox.CGeckoDriver
Capabilities {acceptInsecureCerts: true, browserName: firefox, browserVersion: 61.0.2, javascriptEnabled: true, moz:accessibilityChecks: false, moz:headless: false, moz:processID: 1696, moz:profile: C:\Users\Agato\AppData\Loca..., moz:useNonSpecCompliantPointerOrigin: false, moz:webdriverClick: true, pageLoadStrategy: normal, platform: XP, platformName: XP, platformVersion: 10.0, proxy: Proxy(direct), rotatable: false, timeouts: {implicit: 0, pageLoad: 300000, script: 30000}}
Session ID: a7f90a9b-cec7-4759-b156-72061a45306f)"/>
         <system-out><![CDATA[2018-09-12 10:47:18 - [TEST_CASE][FAILED] - Test Cases/Web/FUSE/TC/TC_LoginFUSE: Test Cases/Web/FUSE/TC/TC_LoginFUSE FAILED because (of) Unable to navigate to 'http://192.168.1.201:8080/#/' (Root cause: org.openqa.selenium.WebDriverException: Reached error page: about:neterror?e=netTimeout&u=http%3A//192.168.1.201%3A8080/%23/&c=UTF-8&f=regular&d=El%20servidor%20192.168.1.201%20est%C3%A1%20tardando%20demasiado%20en%20responder.
Build info: version: '3.7.1', revision: '8a0099a', time: '2017-11-06T21:07:36.161Z'
System info: host: 'PC251', ip: '172.20.13.209', os.name: 'Windows 10', os.arch: 'amd64', os.version: '10.0', java.version: '1.8.0_102'
Driver info: com.kms.katalon.core.webui.driver.firefox.CGeckoDriver
Capabilities {acceptInsecureCerts: true, browserName: firefox, browserVersion: 61.0.2, javascriptEnabled: true, moz:accessibilityChecks: false, moz:headless: false, moz:processID: 1696, moz:profile: C:\Users\Agato\AppData\Loca..., moz:useNonSpecCompliantPointerOrigin: false, moz:webdriverClick: true, pageLoadStrategy: normal, platform: XP, platformName: XP, platformVersion: 10.0, proxy: Proxy(direct), rotatable: false, timeouts: {implicit: 0, pageLoad: 300000, script: 30000}}
Session ID: a7f90a9b-cec7-4759-b156-72061a45306f)

2018-09-12 10:47:18 - [TEST_STEP][FAILED] - callTestCase: Unable to call Test Case with id 'Test Cases/Web/FUSE/Lib/OpenBrowser' (Root cause: Call Test Case 'Test Cases/Web/FUSE/Lib/OpenBrowser' failed)

2018-09-12 10:47:18 - [TEST_CASE][FAILED] - Test Cases/Web/FUSE/Lib/OpenBrowser: Test Cases/Web/FUSE/Lib/OpenBrowser FAILED because (of) Unable to navigate to 'http://192.168.1.201:8080/#/' (Root cause: org.openqa.selenium.WebDriverException: Reached error page: about:neterror?e=netTimeout&u=http%3A//192.168.1.201%3A8080/%23/&c=UTF-8&f=regular&d=El%20servidor%20192.168.1.201%20est%C3%A1%20tardando%20demasiado%20en%20responder.
Build info: version: '3.7.1', revision: '8a0099a', time: '2017-11-06T21:07:36.161Z'
System info: host: 'PC251', ip: '172.20.13.209', os.name: 'Windows 10', os.arch: 'amd64', os.version: '10.0', java.version: '1.8.0_102'
Driver info: com.kms.katalon.core.webui.driver.firefox.CGeckoDriver
Capabilities {acceptInsecureCerts: true, browserName: firefox, browserVersion: 61.0.2, javascriptEnabled: true, moz:accessibilityChecks: false, moz:headless: false, moz:processID: 1696, moz:profile: C:\Users\Agato\AppData\Loca..., moz:useNonSpecCompliantPointerOrigin: false, moz:webdriverClick: true, pageLoadStrategy: normal, platform: XP, platformName: XP, platformVersion: 10.0, proxy: Proxy(direct), rotatable: false, timeouts: {implicit: 0, pageLoad: 300000, script: 30000}}
Session ID: a7f90a9b-cec7-4759-b156-72061a45306f)

2018-09-12 10:47:19 - [TEST_STEP][PASSED] - openBrowser: Browser is opened with url: ''

2018-09-12 10:47:19 - [MESSAGE][WARNING] - A browser is already opened. Closing browser and opening a new one

2018-09-12 10:47:22 - [MESSAGE][PASSED] - Browser is opened with url: ''

2018-09-12 10:47:22 - [TEST_STEP][FAILED] - navigateToUrl: Unable to navigate to 'http://192.168.1.201:8080/#/' (Root cause: org.openqa.selenium.WebDriverException: Reached error page: about:neterror?e=netTimeout&u=http%3A//192.168.1.201%3A8080/%23/&c=UTF-8&f=regular&d=El%20servidor%20192.168.1.201%20est%C3%A1%20tardando%20demasiado%20en%20responder.
Build info: version: '3.7.1', revision: '8a0099a', time: '2017-11-06T21:07:36.161Z'
System info: host: 'PC251', ip: '172.20.13.209', os.name: 'Windows 10', os.arch: 'amd64', os.version: '10.0', java.version: '1.8.0_102'
Driver info: com.kms.katalon.core.webui.driver.firefox.CGeckoDriver
Capabilities {acceptInsecureCerts: true, browserName: firefox, browserVersion: 61.0.2, javascriptEnabled: true, moz:accessibilityChecks: false, moz:headless: false, moz:processID: 1696, moz:profile: C:\Users\Agato\AppData\Loca..., moz:useNonSpecCompliantPointerOrigin: false, moz:webdriverClick: true, pageLoadStrategy: normal, platform: XP, platformName: XP, platformVersion: 10.0, proxy: Proxy(direct), rotatable: false, timeouts: {implicit: 0, pageLoad: 300000, script: 30000}}
Session ID: a7f90a9b-cec7-4759-b156-72061a45306f)

2018-09-12 10:47:43 - [MESSAGE][FAILED] - Unable to navigate to 'http://192.168.1.201:8080/#/' (Root cause: org.openqa.selenium.WebDriverException: Reached error page: about:neterror?e=netTimeout&u=http%3A//192.168.1.201%3A8080/%23/&c=UTF-8&f=regular&d=El%20servidor%20192.168.1.201%20est%C3%A1%20tardando%20demasiado%20en%20responder.
Build info: version: '3.7.1', revision: '8a0099a', time: '2017-11-06T21:07:36.161Z'
System info: host: 'PC251', ip: '172.20.13.209', os.name: 'Windows 10', os.arch: 'amd64', os.version: '10.0', java.version: '1.8.0_102'
Driver info: com.kms.katalon.core.webui.driver.firefox.CGeckoDriver
Capabilities {acceptInsecureCerts: true, browserName: firefox, browserVersion: 61.0.2, javascriptEnabled: true, moz:accessibilityChecks: false, moz:headless: false, moz:processID: 1696, moz:profile: C:\Users\Agato\AppData\Loca..., moz:useNonSpecCompliantPointerOrigin: false, moz:webdriverClick: true, pageLoadStrategy: normal, platform: XP, platformName: XP, platformVersion: 10.0, proxy: Proxy(direct), rotatable: false, timeouts: {implicit: 0, pageLoad: 300000, script: 30000}}
Session ID: a7f90a9b-cec7-4759-b156-72061a45306f)
[[ATTACHMENT|C:\\Users\\Agato\\git\\Abaxis\\Reports\\TS_Web\\20180912_104712\\1536742063310.png]]

2018-09-12 10:47:43 - [MESSAGE][FAILED] - Unable to call Test Case with id 'Test Cases/Web/FUSE/Lib/OpenBrowser' (Root cause: Call Test Case 'Test Cases/Web/FUSE/Lib/OpenBrowser' failed)]]></system-out>
         <system-err><![CDATA[2018-09-12 10:47:18 - [TEST_CASE][FAILED] - Test Cases/Web/FUSE/TC/TC_LoginFUSE: Test Cases/Web/FUSE/TC/TC_LoginFUSE FAILED because (of) Unable to navigate to 'http://192.168.1.201:8080/#/' (Root cause: org.openqa.selenium.WebDriverException: Reached error page: about:neterror?e=netTimeout&u=http%3A//192.168.1.201%3A8080/%23/&c=UTF-8&f=regular&d=El%20servidor%20192.168.1.201%20est%C3%A1%20tardando%20demasiado%20en%20responder.
Build info: version: '3.7.1', revision: '8a0099a', time: '2017-11-06T21:07:36.161Z'
System info: host: 'PC251', ip: '172.20.13.209', os.name: 'Windows 10', os.arch: 'amd64', os.version: '10.0', java.version: '1.8.0_102'
Driver info: com.kms.katalon.core.webui.driver.firefox.CGeckoDriver
Capabilities {acceptInsecureCerts: true, browserName: firefox, browserVersion: 61.0.2, javascriptEnabled: true, moz:accessibilityChecks: false, moz:headless: false, moz:processID: 1696, moz:profile: C:\Users\Agato\AppData\Loca..., moz:useNonSpecCompliantPointerOrigin: false, moz:webdriverClick: true, pageLoadStrategy: normal, platform: XP, platformName: XP, platformVersion: 10.0, proxy: Proxy(direct), rotatable: false, timeouts: {implicit: 0, pageLoad: 300000, script: 30000}}
Session ID: a7f90a9b-cec7-4759-b156-72061a45306f)]]></system-err>
      </testcase>
      <testcase name="Test Cases/Web/BO FUSE/TC/TC_Users" classname="Test Cases/Web/BO FUSE/TC/TC_Users" status="FAILED">
         <failure type="FAILED" message="Unable to navigate to 'null' (Root cause: java.lang.IllegalArgumentException: Url cannot be null or empty)"/>
         <system-out><![CDATA[2018-09-12 10:47:43 - [TEST_CASE][FAILED] - Test Cases/Web/BO FUSE/TC/TC_Users: Test Cases/Web/BO FUSE/TC/TC_Users FAILED because (of) Unable to navigate to 'null' (Root cause: java.lang.IllegalArgumentException: Url cannot be null or empty)

2018-09-12 10:47:43 - [TEST_STEP][FAILED] - callTestCase: Unable to call Test Case with id 'Test Cases/Web/BO FUSE/Lib/OpenBrowser' (Root cause: Call Test Case 'Test Cases/Web/BO FUSE/Lib/OpenBrowser' failed)

2018-09-12 10:47:43 - [TEST_CASE][FAILED] - Test Cases/Web/BO FUSE/Lib/OpenBrowser: Test Cases/Web/BO FUSE/Lib/OpenBrowser FAILED because (of) Unable to navigate to 'null' (Root cause: java.lang.IllegalArgumentException: Url cannot be null or empty)

2018-09-12 10:47:43 - [TEST_STEP][PASSED] - openBrowser: Browser is opened with url: ''

2018-09-12 10:47:43 - [MESSAGE][WARNING] - A browser is already opened. Closing browser and opening a new one

2018-09-12 10:47:46 - [MESSAGE][PASSED] - Browser is opened with url: ''

2018-09-12 10:47:46 - [TEST_STEP][FAILED] - navigateToUrl: Unable to navigate to 'null' (Root cause: java.lang.IllegalArgumentException: Url cannot be null or empty)

2018-09-12 10:47:46 - [MESSAGE][FAILED] - Unable to navigate to 'null' (Root cause: java.lang.IllegalArgumentException: Url cannot be null or empty)
[[ATTACHMENT|C:\\Users\\Agato\\git\\Abaxis\\Reports\\TS_Web\\20180912_104712\\1536742066668.png]]

2018-09-12 10:47:46 - [MESSAGE][FAILED] - Unable to call Test Case with id 'Test Cases/Web/BO FUSE/Lib/OpenBrowser' (Root cause: Call Test Case 'Test Cases/Web/BO FUSE/Lib/OpenBrowser' failed)]]></system-out>
         <system-err><![CDATA[2018-09-12 10:47:43 - [TEST_CASE][FAILED] - Test Cases/Web/BO FUSE/TC/TC_Users: Test Cases/Web/BO FUSE/TC/TC_Users FAILED because (of) Unable to navigate to 'null' (Root cause: java.lang.IllegalArgumentException: Url cannot be null or empty)]]></system-err>
      </testcase>
      <testcase name="Test Cases/Web/FUSE/TC/TC_Navigation" classname="Test Cases/Web/FUSE/TC/TC_Navigation" status="FAILED">
         <failure type="FAILED" message="Unable to navigate to 'http://192.168.1.201:8080/#/' (Root cause: org.openqa.selenium.WebDriverException: Reached error page: about:neterror?e=netTimeout&amp;u=http%3A//192.168.1.201%3A8080/%23/&amp;c=UTF-8&amp;f=regular&amp;d=El%20servidor%20192.168.1.201%20est%C3%A1%20tardando%20demasiado%20en%20responder.
Build info: version: '3.7.1', revision: '8a0099a', time: '2017-11-06T21:07:36.161Z'
System info: host: 'PC251', ip: '172.20.13.209', os.name: 'Windows 10', os.arch: 'amd64', os.version: '10.0', java.version: '1.8.0_102'
Driver info: com.kms.katalon.core.webui.driver.firefox.CGeckoDriver
Capabilities {acceptInsecureCerts: true, browserName: firefox, browserVersion: 61.0.2, javascriptEnabled: true, moz:accessibilityChecks: false, moz:headless: false, moz:processID: 5456, moz:profile: C:\Users\Agato\AppData\Loca..., moz:useNonSpecCompliantPointerOrigin: false, moz:webdriverClick: true, pageLoadStrategy: normal, platform: XP, platformName: XP, platformVersion: 10.0, proxy: Proxy(direct), rotatable: false, timeouts: {implicit: 0, pageLoad: 300000, script: 30000}}
Session ID: f391e4bb-9cb1-45f9-be69-e111c4866896)"/>
         <system-out><![CDATA[2018-09-12 10:47:46 - [TEST_CASE][FAILED] - Test Cases/Web/FUSE/TC/TC_Navigation: Test Cases/Web/FUSE/TC/TC_Navigation FAILED because (of) Unable to navigate to 'http://192.168.1.201:8080/#/' (Root cause: org.openqa.selenium.WebDriverException: Reached error page: about:neterror?e=netTimeout&u=http%3A//192.168.1.201%3A8080/%23/&c=UTF-8&f=regular&d=El%20servidor%20192.168.1.201%20est%C3%A1%20tardando%20demasiado%20en%20responder.
Build info: version: '3.7.1', revision: '8a0099a', time: '2017-11-06T21:07:36.161Z'
System info: host: 'PC251', ip: '172.20.13.209', os.name: 'Windows 10', os.arch: 'amd64', os.version: '10.0', java.version: '1.8.0_102'
Driver info: com.kms.katalon.core.webui.driver.firefox.CGeckoDriver
Capabilities {acceptInsecureCerts: true, browserName: firefox, browserVersion: 61.0.2, javascriptEnabled: true, moz:accessibilityChecks: false, moz:headless: false, moz:processID: 5456, moz:profile: C:\Users\Agato\AppData\Loca..., moz:useNonSpecCompliantPointerOrigin: false, moz:webdriverClick: true, pageLoadStrategy: normal, platform: XP, platformName: XP, platformVersion: 10.0, proxy: Proxy(direct), rotatable: false, timeouts: {implicit: 0, pageLoad: 300000, script: 30000}}
Session ID: f391e4bb-9cb1-45f9-be69-e111c4866896)

2018-09-12 10:47:46 - [TEST_STEP][FAILED] - callTestCase: Unable to call Test Case with id 'Test Cases/Web/FUSE/Lib/OpenBrowser' (Root cause: Call Test Case 'Test Cases/Web/FUSE/Lib/OpenBrowser' failed)

2018-09-12 10:47:46 - [TEST_CASE][FAILED] - Test Cases/Web/FUSE/Lib/OpenBrowser: Test Cases/Web/FUSE/Lib/OpenBrowser FAILED because (of) Unable to navigate to 'http://192.168.1.201:8080/#/' (Root cause: org.openqa.selenium.WebDriverException: Reached error page: about:neterror?e=netTimeout&u=http%3A//192.168.1.201%3A8080/%23/&c=UTF-8&f=regular&d=El%20servidor%20192.168.1.201%20est%C3%A1%20tardando%20demasiado%20en%20responder.
Build info: version: '3.7.1', revision: '8a0099a', time: '2017-11-06T21:07:36.161Z'
System info: host: 'PC251', ip: '172.20.13.209', os.name: 'Windows 10', os.arch: 'amd64', os.version: '10.0', java.version: '1.8.0_102'
Driver info: com.kms.katalon.core.webui.driver.firefox.CGeckoDriver
Capabilities {acceptInsecureCerts: true, browserName: firefox, browserVersion: 61.0.2, javascriptEnabled: true, moz:accessibilityChecks: false, moz:headless: false, moz:processID: 5456, moz:profile: C:\Users\Agato\AppData\Loca..., moz:useNonSpecCompliantPointerOrigin: false, moz:webdriverClick: true, pageLoadStrategy: normal, platform: XP, platformName: XP, platformVersion: 10.0, proxy: Proxy(direct), rotatable: false, timeouts: {implicit: 0, pageLoad: 300000, script: 30000}}
Session ID: f391e4bb-9cb1-45f9-be69-e111c4866896)

2018-09-12 10:47:46 - [TEST_STEP][PASSED] - openBrowser: Browser is opened with url: ''

2018-09-12 10:47:46 - [MESSAGE][WARNING] - A browser is already opened. Closing browser and opening a new one

2018-09-12 10:47:49 - [MESSAGE][PASSED] - Browser is opened with url: ''

2018-09-12 10:47:49 - [TEST_STEP][FAILED] - navigateToUrl: Unable to navigate to 'http://192.168.1.201:8080/#/' (Root cause: org.openqa.selenium.WebDriverException: Reached error page: about:neterror?e=netTimeout&u=http%3A//192.168.1.201%3A8080/%23/&c=UTF-8&f=regular&d=El%20servidor%20192.168.1.201%20est%C3%A1%20tardando%20demasiado%20en%20responder.
Build info: version: '3.7.1', revision: '8a0099a', time: '2017-11-06T21:07:36.161Z'
System info: host: 'PC251', ip: '172.20.13.209', os.name: 'Windows 10', os.arch: 'amd64', os.version: '10.0', java.version: '1.8.0_102'
Driver info: com.kms.katalon.core.webui.driver.firefox.CGeckoDriver
Capabilities {acceptInsecureCerts: true, browserName: firefox, browserVersion: 61.0.2, javascriptEnabled: true, moz:accessibilityChecks: false, moz:headless: false, moz:processID: 5456, moz:profile: C:\Users\Agato\AppData\Loca..., moz:useNonSpecCompliantPointerOrigin: false, moz:webdriverClick: true, pageLoadStrategy: normal, platform: XP, platformName: XP, platformVersion: 10.0, proxy: Proxy(direct), rotatable: false, timeouts: {implicit: 0, pageLoad: 300000, script: 30000}}
Session ID: f391e4bb-9cb1-45f9-be69-e111c4866896)

2018-09-12 10:48:10 - [MESSAGE][FAILED] - Unable to navigate to 'http://192.168.1.201:8080/#/' (Root cause: org.openqa.selenium.WebDriverException: Reached error page: about:neterror?e=netTimeout&u=http%3A//192.168.1.201%3A8080/%23/&c=UTF-8&f=regular&d=El%20servidor%20192.168.1.201%20est%C3%A1%20tardando%20demasiado%20en%20responder.
Build info: version: '3.7.1', revision: '8a0099a', time: '2017-11-06T21:07:36.161Z'
System info: host: 'PC251', ip: '172.20.13.209', os.name: 'Windows 10', os.arch: 'amd64', os.version: '10.0', java.version: '1.8.0_102'
Driver info: com.kms.katalon.core.webui.driver.firefox.CGeckoDriver
Capabilities {acceptInsecureCerts: true, browserName: firefox, browserVersion: 61.0.2, javascriptEnabled: true, moz:accessibilityChecks: false, moz:headless: false, moz:processID: 5456, moz:profile: C:\Users\Agato\AppData\Loca..., moz:useNonSpecCompliantPointerOrigin: false, moz:webdriverClick: true, pageLoadStrategy: normal, platform: XP, platformName: XP, platformVersion: 10.0, proxy: Proxy(direct), rotatable: false, timeouts: {implicit: 0, pageLoad: 300000, script: 30000}}
Session ID: f391e4bb-9cb1-45f9-be69-e111c4866896)
[[ATTACHMENT|C:\\Users\\Agato\\git\\Abaxis\\Reports\\TS_Web\\20180912_104712\\1536742090647.png]]

2018-09-12 10:48:10 - [MESSAGE][FAILED] - Unable to call Test Case with id 'Test Cases/Web/FUSE/Lib/OpenBrowser' (Root cause: Call Test Case 'Test Cases/Web/FUSE/Lib/OpenBrowser' failed)]]></system-out>
         <system-err><![CDATA[2018-09-12 10:47:46 - [TEST_CASE][FAILED] - Test Cases/Web/FUSE/TC/TC_Navigation: Test Cases/Web/FUSE/TC/TC_Navigation FAILED because (of) Unable to navigate to 'http://192.168.1.201:8080/#/' (Root cause: org.openqa.selenium.WebDriverException: Reached error page: about:neterror?e=netTimeout&u=http%3A//192.168.1.201%3A8080/%23/&c=UTF-8&f=regular&d=El%20servidor%20192.168.1.201%20est%C3%A1%20tardando%20demasiado%20en%20responder.
Build info: version: '3.7.1', revision: '8a0099a', time: '2017-11-06T21:07:36.161Z'
System info: host: 'PC251', ip: '172.20.13.209', os.name: 'Windows 10', os.arch: 'amd64', os.version: '10.0', java.version: '1.8.0_102'
Driver info: com.kms.katalon.core.webui.driver.firefox.CGeckoDriver
Capabilities {acceptInsecureCerts: true, browserName: firefox, browserVersion: 61.0.2, javascriptEnabled: true, moz:accessibilityChecks: false, moz:headless: false, moz:processID: 5456, moz:profile: C:\Users\Agato\AppData\Loca..., moz:useNonSpecCompliantPointerOrigin: false, moz:webdriverClick: true, pageLoadStrategy: normal, platform: XP, platformName: XP, platformVersion: 10.0, proxy: Proxy(direct), rotatable: false, timeouts: {implicit: 0, pageLoad: 300000, script: 30000}}
Session ID: f391e4bb-9cb1-45f9-be69-e111c4866896)]]></system-err>
      </testcase>
      <testcase name="Test Cases/Web/FUSE/TC/TC_NewOwner" classname="Test Cases/Web/FUSE/TC/TC_NewOwner" status="FAILED">
         <failure type="FAILED" message="Unable to click on object 'Object Repository/WEB/FUSE/WF1/Page_Abaxis VetScan Fuse/form_Login' (Root cause: org.openqa.selenium.WebDriverException: Failed to decode response from marionette
Build info: version: '3.7.1', revision: '8a0099a', time: '2017-11-06T21:07:36.161Z'
System info: host: 'PC251', ip: '172.20.13.209', os.name: 'Windows 10', os.arch: 'amd64', os.version: '10.0', java.version: '1.8.0_102'
Driver info: com.kms.katalon.core.webui.driver.firefox.CGeckoDriver
Capabilities {acceptInsecureCerts: true, browserName: firefox, browserVersion: 61.0.2, javascriptEnabled: true, moz:accessibilityChecks: false, moz:headless: false, moz:processID: 8460, moz:profile: C:\Users\Agato\AppData\Loca..., moz:useNonSpecCompliantPointerOrigin: false, moz:webdriverClick: true, pageLoadStrategy: normal, platform: XP, platformName: XP, platformVersion: 10.0, proxy: Proxy(direct), rotatable: false, timeouts: {implicit: 0, pageLoad: 300000, script: 30000}}
Session ID: b1e5c692-f84b-4a8e-94e5-422de3f49993
*** Element info: {Using=xpath, value=//form[@name = 'login.form' and (text() = 'Login ' or . = 'Login ')]})"/>
         <system-out><![CDATA[2018-09-12 10:48:10 - [TEST_CASE][FAILED] - Test Cases/Web/FUSE/TC/TC_NewOwner: Test Cases/Web/FUSE/TC/TC_NewOwner FAILED because (of) Unable to click on object 'Object Repository/WEB/FUSE/WF1/Page_Abaxis VetScan Fuse/form_Login' (Root cause: org.openqa.selenium.WebDriverException: Failed to decode response from marionette
Build info: version: '3.7.1', revision: '8a0099a', time: '2017-11-06T21:07:36.161Z'
System info: host: 'PC251', ip: '172.20.13.209', os.name: 'Windows 10', os.arch: 'amd64', os.version: '10.0', java.version: '1.8.0_102'
Driver info: com.kms.katalon.core.webui.driver.firefox.CGeckoDriver
Capabilities {acceptInsecureCerts: true, browserName: firefox, browserVersion: 61.0.2, javascriptEnabled: true, moz:accessibilityChecks: false, moz:headless: false, moz:processID: 8460, moz:profile: C:\Users\Agato\AppData\Loca..., moz:useNonSpecCompliantPointerOrigin: false, moz:webdriverClick: true, pageLoadStrategy: normal, platform: XP, platformName: XP, platformVersion: 10.0, proxy: Proxy(direct), rotatable: false, timeouts: {implicit: 0, pageLoad: 300000, script: 30000}}
Session ID: b1e5c692-f84b-4a8e-94e5-422de3f49993
*** Element info: {Using=xpath, value=//form[@name = 'login.form' and (text() = 'Login ' or . = 'Login ')]})

2018-09-12 10:48:10 - [TEST_STEP][PASSED] - callTestCase: Call Test Case 'Test Cases/Web/FUSE/Lib/OpenBrowser' successfully

2018-09-12 10:48:10 - [TEST_CASE][PASSED] - Test Cases/Web/FUSE/Lib/OpenBrowser: Test Cases/Web/FUSE/Lib/OpenBrowser

2018-09-12 10:48:10 - [TEST_STEP][PASSED] - openBrowser: Browser is opened with url: ''

2018-09-12 10:48:10 - [MESSAGE][WARNING] - A browser is already opened. Closing browser and opening a new one

2018-09-12 10:48:13 - [MESSAGE][PASSED] - Browser is opened with url: ''

2018-09-12 10:48:13 - [TEST_STEP][PASSED] - navigateToUrl: Navigate to 'http://192.168.1.201:8080/#/' successfully

2018-09-12 10:48:17 - [MESSAGE][PASSED] - Navigate to 'http://192.168.1.201:8080/#/' successfully

2018-09-12 10:48:17 - [TEST_STEP][PASSED] - callTestCase: Call Test Case 'Test Cases/Web/Delay' successfully

2018-09-12 10:48:17 - [TEST_CASE][PASSED] - Test Cases/Web/Delay: Test Cases/Web/Delay

2018-09-12 10:48:17 - [TEST_STEP][PASSED] - Statement - return null: null

2018-09-12 10:48:17 - [MESSAGE][PASSED] - Call Test Case 'Test Cases/Web/Delay' successfully

2018-09-12 10:48:17 - [MESSAGE][PASSED] - Call Test Case 'Test Cases/Web/FUSE/Lib/OpenBrowser' successfully

2018-09-12 10:48:17 - [TEST_STEP][FAILED] - callTestCase: Unable to call Test Case with id 'Test Cases/Web/FUSE/Lib/LoginFUSE' (Root cause: Call Test Case 'Test Cases/Web/FUSE/Lib/LoginFUSE' failed)

2018-09-12 10:48:17 - [TEST_CASE][FAILED] - Test Cases/Web/FUSE/Lib/LoginFUSE: Test Cases/Web/FUSE/Lib/LoginFUSE FAILED because (of) Unable to click on object 'Object Repository/WEB/FUSE/WF1/Page_Abaxis VetScan Fuse/form_Login' (Root cause: org.openqa.selenium.WebDriverException: Failed to decode response from marionette
Build info: version: '3.7.1', revision: '8a0099a', time: '2017-11-06T21:07:36.161Z'
System info: host: 'PC251', ip: '172.20.13.209', os.name: 'Windows 10', os.arch: 'amd64', os.version: '10.0', java.version: '1.8.0_102'
Driver info: com.kms.katalon.core.webui.driver.firefox.CGeckoDriver
Capabilities {acceptInsecureCerts: true, browserName: firefox, browserVersion: 61.0.2, javascriptEnabled: true, moz:accessibilityChecks: false, moz:headless: false, moz:processID: 8460, moz:profile: C:\Users\Agato\AppData\Loca..., moz:useNonSpecCompliantPointerOrigin: false, moz:webdriverClick: true, pageLoadStrategy: normal, platform: XP, platformName: XP, platformVersion: 10.0, proxy: Proxy(direct), rotatable: false, timeouts: {implicit: 0, pageLoad: 300000, script: 30000}}
Session ID: b1e5c692-f84b-4a8e-94e5-422de3f49993
*** Element info: {Using=xpath, value=//form[@name = 'login.form' and (text() = 'Login ' or . = 'Login ')]})

2018-09-12 10:48:17 - [TEST_STEP][FAILED] - click: Unable to click on object 'Object Repository/WEB/FUSE/WF1/Page_Abaxis VetScan Fuse/form_Login' (Root cause: org.openqa.selenium.WebDriverException: Failed to decode response from marionette
Build info: version: '3.7.1', revision: '8a0099a', time: '2017-11-06T21:07:36.161Z'
System info: host: 'PC251', ip: '172.20.13.209', os.name: 'Windows 10', os.arch: 'amd64', os.version: '10.0', java.version: '1.8.0_102'
Driver info: com.kms.katalon.core.webui.driver.firefox.CGeckoDriver
Capabilities {acceptInsecureCerts: true, browserName: firefox, browserVersion: 61.0.2, javascriptEnabled: true, moz:accessibilityChecks: false, moz:headless: false, moz:processID: 8460, moz:profile: C:\Users\Agato\AppData\Loca..., moz:useNonSpecCompliantPointerOrigin: false, moz:webdriverClick: true, pageLoadStrategy: normal, platform: XP, platformName: XP, platformVersion: 10.0, proxy: Proxy(direct), rotatable: false, timeouts: {implicit: 0, pageLoad: 300000, script: 30000}}
Session ID: b1e5c692-f84b-4a8e-94e5-422de3f49993
*** Element info: {Using=xpath, value=//form[@name = 'login.form' and (text() = 'Login ' or . = 'Login ')]})

2018-09-12 10:48:18 - [MESSAGE][WARNING] - Cannot take screenshot

2018-09-12 10:48:18 - [MESSAGE][FAILED] - Unable to click on object 'Object Repository/WEB/FUSE/WF1/Page_Abaxis VetScan Fuse/form_Login' (Root cause: org.openqa.selenium.WebDriverException: Failed to decode response from marionette
Build info: version: '3.7.1', revision: '8a0099a', time: '2017-11-06T21:07:36.161Z'
System info: host: 'PC251', ip: '172.20.13.209', os.name: 'Windows 10', os.arch: 'amd64', os.version: '10.0', java.version: '1.8.0_102'
Driver info: com.kms.katalon.core.webui.driver.firefox.CGeckoDriver
Capabilities {acceptInsecureCerts: true, browserName: firefox, browserVersion: 61.0.2, javascriptEnabled: true, moz:accessibilityChecks: false, moz:headless: false, moz:processID: 8460, moz:profile: C:\Users\Agato\AppData\Loca..., moz:useNonSpecCompliantPointerOrigin: false, moz:webdriverClick: true, pageLoadStrategy: normal, platform: XP, platformName: XP, platformVersion: 10.0, proxy: Proxy(direct), rotatable: false, timeouts: {implicit: 0, pageLoad: 300000, script: 30000}}
Session ID: b1e5c692-f84b-4a8e-94e5-422de3f49993
*** Element info: {Using=xpath, value=//form[@name = 'login.form' and (text() = 'Login ' or . = 'Login ')]})

2018-09-12 10:48:18 - [MESSAGE][FAILED] - Unable to call Test Case with id 'Test Cases/Web/FUSE/Lib/LoginFUSE' (Root cause: Call Test Case 'Test Cases/Web/FUSE/Lib/LoginFUSE' failed)]]></system-out>
         <system-err><![CDATA[2018-09-12 10:48:10 - [TEST_CASE][FAILED] - Test Cases/Web/FUSE/TC/TC_NewOwner: Test Cases/Web/FUSE/TC/TC_NewOwner FAILED because (of) Unable to click on object 'Object Repository/WEB/FUSE/WF1/Page_Abaxis VetScan Fuse/form_Login' (Root cause: org.openqa.selenium.WebDriverException: Failed to decode response from marionette
Build info: version: '3.7.1', revision: '8a0099a', time: '2017-11-06T21:07:36.161Z'
System info: host: 'PC251', ip: '172.20.13.209', os.name: 'Windows 10', os.arch: 'amd64', os.version: '10.0', java.version: '1.8.0_102'
Driver info: com.kms.katalon.core.webui.driver.firefox.CGeckoDriver
Capabilities {acceptInsecureCerts: true, browserName: firefox, browserVersion: 61.0.2, javascriptEnabled: true, moz:accessibilityChecks: false, moz:headless: false, moz:processID: 8460, moz:profile: C:\Users\Agato\AppData\Loca..., moz:useNonSpecCompliantPointerOrigin: false, moz:webdriverClick: true, pageLoadStrategy: normal, platform: XP, platformName: XP, platformVersion: 10.0, proxy: Proxy(direct), rotatable: false, timeouts: {implicit: 0, pageLoad: 300000, script: 30000}}
Session ID: b1e5c692-f84b-4a8e-94e5-422de3f49993
*** Element info: {Using=xpath, value=//form[@name = 'login.form' and (text() = 'Login ' or . = 'Login ')]})]]></system-err>
      </testcase>
      <system-out><![CDATA[2018-09-12 10:47:14 - [TEST_SUITE][INCOMPLETE] - TS_Web: null]]></system-out>
      <system-err><![CDATA[2018-09-12 10:47:14 - [TEST_SUITE][INCOMPLETE] - TS_Web: null]]></system-err>
   </testsuite>
</testsuites>
