<?xml version="1.0" encoding="UTF-8"?>
<testsuites name="VETXML_REST" time="2" tests="1" failures="0" errors="0">
   <testsuite name="VETXML_REST" tests="1" failures="0" errors="0" time="2" timestamp="2018-09-12 10:39:16" hostname="Agato - 192.168.1.7" id="Test Suites/VETXML_REST">
      <properties>
         <property name="deviceName" value=""/>
         <property name="devicePlatform" value=""/>
         <property name="logFolder" value="C:\\Users\\Agato\\git\\Abaxis\\Reports\\VETXML_REST\\20180912_103914"/>
         <property name="logFiles" value="C:\\Users\\Agato\\git\\Abaxis\\Reports\\VETXML_REST\\20180912_103914\\execution0.log"/>
         <property name="attachments" value=""/>
         <property name="hostName" value="Agato - 192.168.1.7"/>
         <property name="hostAddress" value="192.168.1.7"/>
         <property name="os" value="Windows 10 64bit"/>
         <property name="katalonVersion" value="5.6.3.1"/>
      </properties>
      <testcase name="Test Cases/VETXML_Rest/TC/ServiciosRest" classname="Test Cases/VETXML_Rest/TC/ServiciosRest" status="PASSED">
         <system-out><![CDATA[2018-09-12 10:39:16 - [TEST_CASE][PASSED] - Test Cases/VETXML_Rest/TC/ServiciosRest: Test Cases/VETXML_Rest/TC/ServiciosRest

2018-09-12 10:39:16 - [TEST_STEP][PASSED] - Statement - response = com.kms.katalon.core.webservice.keyword.WSBuiltInKeywords.sendRequest(com.kms.katalon.core.testobject.ObjectRepository.findTestObject(VETXML_REST/Prueba_ServicioRest)): Send request successfully

2018-09-12 10:39:18 - [MESSAGE][PASSED] - Send request successfully

2018-09-12 10:39:18 - [TEST_STEP][PASSED] - verifyResponseStatusCode: Verify response status code successfully

2018-09-12 10:39:18 - [MESSAGE][PASSED] - Verify response status code successfully

2018-09-12 10:39:18 - [TEST_STEP][NOT_RUN] - verifyElementPropertyValue: NOT_RUN: verifyElementPropertyValue

2018-09-12 10:39:18 - [MESSAGE][NOT_RUN] - NOT_RUN: verifyElementPropertyValue]]></system-out>
         <system-err><![CDATA[]]></system-err>
      </testcase>
      <system-out><![CDATA[2018-09-12 10:39:16 - [TEST_SUITE][PASSED] - VETXML_REST: Test Cases/VETXML_Rest/TC/ServiciosRest]]></system-out>
      <system-err><![CDATA[]]></system-err>
   </testsuite>
</testsuites>
