<?xml version="1.0" encoding="UTF-8"?>
<testsuites name="TS_Mobile" time="700" tests="7" failures="0" errors="0">
   <testsuite name="TS_Mobile" tests="7" failures="0" errors="0" time="700" timestamp="2018-09-17 21:21:39" hostname="Agato - 192.168.1.5" id="Test Suites/TS_Mobile">
      <properties>
         <property name="deviceName" value="samsung SM-G920F (Android 7.0)"/>
         <property name="devicePlatform" value=""/>
         <property name="logFolder" value="C:\\Users\\Agato\\git\\Abaxis\\Reports\\TS_Mobile\\20180917_212137"/>
         <property name="logFiles" value="C:\\Users\\Agato\\git\\Abaxis\\Reports\\TS_Mobile\\20180917_212137\\appium.log, C:\\Users\\Agato\\git\\Abaxis\\Reports\\TS_Mobile\\20180917_212137\\execution0.log"/>
         <property name="attachments" value=""/>
         <property name="hostName" value="Agato - 192.168.1.5"/>
         <property name="os" value="Windows 10 64bit"/>
         <property name="katalonVersion" value="5.7.1.1"/>
         <property name="deviceOS" value="Android"/>
         <property name="appiumVersion" value="1.8.1"/>
         <property name="deviceModel" value="SM-G920F"/>
         <property name="hostAddress" value="192.168.1.5"/>
         <property name="deviceManufacturer" value="samsung"/>
         <property name="deviceId" value="10160a0973263f03"/>
         <property name="deviceName" value="samsung SM-G920F (Android 7.0)"/>
         <property name="deviceOSVersion" value="7.0"/>
      </properties>
      <testcase name="Test Cases/Android/TC/TC_LoginApp" classname="Test Cases/Android/TC/TC_LoginApp" status="PASSED">
         <system-out><![CDATA[2018-09-17 21:21:39 - [TEST_CASE][PASSED] - Test Cases/Android/TC/TC_LoginApp: Test Cases/Android/TC/TC_LoginApp

2018-09-17 21:21:39 - [TEST_STEP][PASSED] - Start listener action : sampleBeforeTestCase: Invoke 'com.kms.katalon.core.annotation.BeforeTestCase' method: 'NewTestListener.sampleBeforeTestCase(...)' completed.

2018-09-17 21:21:39 - [TEST_STEP][PASSED] - Statement - println(testCaseContext.getTestCaseId()): null

2018-09-17 21:21:39 - [TEST_STEP][PASSED] - Statement - println(testCaseContext.getTestCaseVariables()): Invoke 'com.kms.katalon.core.annotation.BeforeTestCase' method: 'NewTestListener.sampleBeforeTestCase(...)' completed.

2018-09-17 21:21:40 - [TEST_STEP][PASSED] - callTestCase: Call Test Case 'Test Cases/Android/Lib/OpenApp' successfully

2018-09-17 21:21:40 - [TEST_CASE][PASSED] - Test Cases/Android/Lib/OpenApp: Test Cases/Android/Lib/OpenApp

2018-09-17 21:21:40 - [TEST_STEP][PASSED] - startApplication: Started app at: 'C:\temp\app-development-debug.apk'

2018-09-17 21:22:37 - [MESSAGE][PASSED] - Started app at: 'C:\temp\app-development-debug.apk'

2018-09-17 21:22:37 - [MESSAGE][PASSED] - Call Test Case 'Test Cases/Android/Lib/OpenApp' successfully

2018-09-17 21:22:37 - [TEST_STEP][PASSED] - callTestCase: Call Test Case 'Test Cases/Android/Lib/EndToEnd' successfully

2018-09-17 21:22:37 - [TEST_CASE][PASSED] - Test Cases/Android/Lib/EndToEnd: Test Cases/Android/Lib/EndToEnd

2018-09-17 21:22:37 - [TEST_STEP][PASSED] - callTestCase: Call Test Case 'Test Cases/Android/Lib/Onboarding' successfully

2018-09-17 21:22:37 - [TEST_CASE][PASSED] - Test Cases/Android/Lib/Onboarding: Test Cases/Android/Lib/Onboarding

2018-09-17 21:22:37 - [TEST_STEP][PASSED] - tap: Tapped on element 'Object Repository/Android/WF1/android.widget.ImageView1'

2018-09-17 21:22:37 - [MESSAGE][WARNING] - Timeout '0' is invalid. Using default page load timeout: '30'

2018-09-17 21:22:40 - [MESSAGE][PASSED] - Tapped on element 'Object Repository/Android/WF1/android.widget.ImageView1'

2018-09-17 21:22:40 - [TEST_STEP][PASSED] - tap: Tapped on element 'Object Repository/Android/WF1/android.widget.Button0 - LOGIN'

2018-09-17 21:22:40 - [MESSAGE][WARNING] - Timeout '0' is invalid. Using default page load timeout: '30'

2018-09-17 21:22:42 - [MESSAGE][PASSED] - Tapped on element 'Object Repository/Android/WF1/android.widget.Button0 - LOGIN'

2018-09-17 21:22:42 - [TEST_STEP][PASSED] - tap: Tapped on element 'Object Repository/Android/WF1/android.widget.ImageView1 (1)'

2018-09-17 21:22:42 - [MESSAGE][WARNING] - Timeout '0' is invalid. Using default page load timeout: '30'

2018-09-17 21:22:43 - [MESSAGE][PASSED] - Tapped on element 'Object Repository/Android/WF1/android.widget.ImageView1 (1)'

2018-09-17 21:22:44 - [TEST_STEP][PASSED] - tap: Tapped on element 'Object Repository/Android/WF1/android.widget.Button1 - YES'

2018-09-17 21:22:44 - [MESSAGE][WARNING] - Timeout '0' is invalid. Using default page load timeout: '30'

2018-09-17 21:22:45 - [MESSAGE][PASSED] - Tapped on element 'Object Repository/Android/WF1/android.widget.Button1 - YES'

2018-09-17 21:22:45 - [TEST_STEP][PASSED] - tap: Tapped on element 'Object Repository/Android/WF1/android.widget.Button0 - OK'

2018-09-17 21:22:45 - [MESSAGE][WARNING] - Timeout '0' is invalid. Using default page load timeout: '30'

2018-09-17 21:22:47 - [MESSAGE][PASSED] - Tapped on element 'Object Repository/Android/WF1/android.widget.Button0 - OK'

2018-09-17 21:22:47 - [MESSAGE][PASSED] - Call Test Case 'Test Cases/Android/Lib/Onboarding' successfully

2018-09-17 21:22:47 - [TEST_STEP][PASSED] - callTestCase: Call Test Case 'Test Cases/Android/Lib/Menu/VUEMenu/VUE' successfully

2018-09-17 21:22:47 - [TEST_CASE][PASSED] - Test Cases/Android/Lib/Menu/VUEMenu/VUE: Test Cases/Android/Lib/Menu/VUEMenu/VUE

2018-09-17 21:22:48 - [TEST_STEP][PASSED] - tap: Tapped on element 'Object Repository/Android/WFVUE/android.widget.ImageButton2'

2018-09-17 21:22:48 - [MESSAGE][WARNING] - Timeout '0' is invalid. Using default page load timeout: '30'

2018-09-17 21:22:48 - [MESSAGE][PASSED] - Tapped on element 'Object Repository/Android/WFVUE/android.widget.ImageButton2'

2018-09-17 21:22:48 - [MESSAGE][PASSED] - Call Test Case 'Test Cases/Android/Lib/Menu/VUEMenu/VUE' successfully

2018-09-17 21:22:48 - [TEST_STEP][PASSED] - callTestCase: Call Test Case 'Test Cases/Android/Lib/Menu/UsersMenu/User' successfully

2018-09-17 21:22:48 - [TEST_CASE][PASSED] - Test Cases/Android/Lib/Menu/UsersMenu/User: Test Cases/Android/Lib/Menu/UsersMenu/User

2018-09-17 21:22:49 - [TEST_STEP][PASSED] - tap: Tapped on element 'Object Repository/Android/WF1/android.widget.ImageButton3'

2018-09-17 21:22:49 - [MESSAGE][WARNING] - Timeout '0' is invalid. Using default page load timeout: '30'

2018-09-17 21:22:49 - [MESSAGE][PASSED] - Tapped on element 'Object Repository/Android/WF1/android.widget.ImageButton3'

2018-09-17 21:22:49 - [MESSAGE][PASSED] - Call Test Case 'Test Cases/Android/Lib/Menu/UsersMenu/User' successfully

2018-09-17 21:22:49 - [TEST_STEP][PASSED] - callTestCase: Call Test Case 'Test Cases/Android/Lib/Menu/HistoricoMenu/Historico' successfully

2018-09-17 21:22:49 - [TEST_CASE][PASSED] - Test Cases/Android/Lib/Menu/HistoricoMenu/Historico: Test Cases/Android/Lib/Menu/HistoricoMenu/Historico

2018-09-17 21:22:50 - [TEST_STEP][PASSED] - tap: Tapped on element 'Object Repository/Android/WF1/android.widget.ImageButton1'

2018-09-17 21:22:50 - [MESSAGE][WARNING] - Timeout '0' is invalid. Using default page load timeout: '30'

2018-09-17 21:22:51 - [MESSAGE][PASSED] - Tapped on element 'Object Repository/Android/WF1/android.widget.ImageButton1'

2018-09-17 21:22:51 - [MESSAGE][PASSED] - Call Test Case 'Test Cases/Android/Lib/Menu/HistoricoMenu/Historico' successfully

2018-09-17 21:22:51 - [TEST_STEP][PASSED] - callTestCase: Call Test Case 'Test Cases/Android/Lib/Menu/ConfigurationMenu/Configuration' successfully

2018-09-17 21:22:51 - [TEST_CASE][PASSED] - Test Cases/Android/Lib/Menu/ConfigurationMenu/Configuration: Test Cases/Android/Lib/Menu/ConfigurationMenu/Configuration

2018-09-17 21:22:51 - [TEST_STEP][PASSED] - tap: Tapped on element 'Object Repository/Android/WF1/android.widget.ImageButton4'

2018-09-17 21:22:51 - [MESSAGE][WARNING] - Timeout '0' is invalid. Using default page load timeout: '30'

2018-09-17 21:22:52 - [MESSAGE][PASSED] - Tapped on element 'Object Repository/Android/WF1/android.widget.ImageButton4'

2018-09-17 21:22:52 - [MESSAGE][PASSED] - Call Test Case 'Test Cases/Android/Lib/Menu/ConfigurationMenu/Configuration' successfully

2018-09-17 21:22:52 - [TEST_STEP][PASSED] - pressBack: Press back button successfully

2018-09-17 21:22:53 - [MESSAGE][PASSED] - Press back button successfully

2018-09-17 21:22:53 - [TEST_STEP][PASSED] - tap: Tapped on element 'Object Repository/Android/WF1/android.widget.Button1 - YES'

2018-09-17 21:22:53 - [MESSAGE][WARNING] - Timeout '0' is invalid. Using default page load timeout: '30'

2018-09-17 21:22:55 - [MESSAGE][PASSED] - Tapped on element 'Object Repository/Android/WF1/android.widget.Button1 - YES'

2018-09-17 21:22:55 - [MESSAGE][PASSED] - Call Test Case 'Test Cases/Android/Lib/EndToEnd' successfully

2018-09-17 21:22:55 - [TEST_STEP][PASSED] - callTestCase: Call Test Case 'Test Cases/Android/Lib/CloseApp' successfully

2018-09-17 21:22:55 - [TEST_CASE][PASSED] - Test Cases/Android/Lib/CloseApp: Test Cases/Android/Lib/CloseApp

2018-09-17 21:22:55 - [TEST_STEP][PASSED] - closeApplication: Close app successfully

2018-09-17 21:23:07 - [MESSAGE][PASSED] - Close app successfully

2018-09-17 21:23:07 - [MESSAGE][PASSED] - Call Test Case 'Test Cases/Android/Lib/CloseApp' successfully

2018-09-17 21:23:07 - [TEST_STEP][PASSED] - Start listener action : sampleAfterTestCase: Invoke 'com.kms.katalon.core.annotation.AfterTestCase' method: 'NewTestListener.sampleAfterTestCase(...)' completed.

2018-09-17 21:23:07 - [TEST_STEP][PASSED] - Statement - println(testCaseContext.getTestCaseId()): null

2018-09-17 21:23:07 - [TEST_STEP][PASSED] - Statement - println(testCaseContext.getTestCaseStatus()): Invoke 'com.kms.katalon.core.annotation.AfterTestCase' method: 'NewTestListener.sampleAfterTestCase(...)' completed.]]></system-out>
         <system-err><![CDATA[]]></system-err>
      </testcase>
      <testcase name="Test Cases/Android/TC/TC_Configuration" classname="Test Cases/Android/TC/TC_Configuration" status="PASSED">
         <system-out><![CDATA[2018-09-17 21:23:09 - [TEST_CASE][PASSED] - Test Cases/Android/TC/TC_Configuration: Test Cases/Android/TC/TC_Configuration

2018-09-17 21:23:09 - [TEST_STEP][PASSED] - Start listener action : sampleBeforeTestCase: Invoke 'com.kms.katalon.core.annotation.BeforeTestCase' method: 'NewTestListener.sampleBeforeTestCase(...)' completed.

2018-09-17 21:23:09 - [TEST_STEP][PASSED] - Statement - println(testCaseContext.getTestCaseId()): null

2018-09-17 21:23:09 - [TEST_STEP][PASSED] - Statement - println(testCaseContext.getTestCaseVariables()): Invoke 'com.kms.katalon.core.annotation.BeforeTestCase' method: 'NewTestListener.sampleBeforeTestCase(...)' completed.

2018-09-17 21:23:09 - [TEST_STEP][PASSED] - callTestCase: Call Test Case 'Test Cases/Android/Lib/OpenApp' successfully

2018-09-17 21:23:09 - [TEST_CASE][PASSED] - Test Cases/Android/Lib/OpenApp: Test Cases/Android/Lib/OpenApp

2018-09-17 21:23:09 - [TEST_STEP][PASSED] - startApplication: Started app at: 'C:\temp\app-development-debug.apk'

2018-09-17 21:24:26 - [MESSAGE][PASSED] - Started app at: 'C:\temp\app-development-debug.apk'

2018-09-17 21:24:26 - [MESSAGE][PASSED] - Call Test Case 'Test Cases/Android/Lib/OpenApp' successfully

2018-09-17 21:24:26 - [TEST_STEP][PASSED] - callTestCase: Call Test Case 'Test Cases/Android/Lib/Onboarding' successfully

2018-09-17 21:24:26 - [TEST_CASE][PASSED] - Test Cases/Android/Lib/Onboarding: Test Cases/Android/Lib/Onboarding

2018-09-17 21:24:26 - [TEST_STEP][PASSED] - tap: Tapped on element 'Object Repository/Android/WF1/android.widget.ImageView1'

2018-09-17 21:24:26 - [MESSAGE][WARNING] - Timeout '0' is invalid. Using default page load timeout: '30'

2018-09-17 21:24:29 - [MESSAGE][PASSED] - Tapped on element 'Object Repository/Android/WF1/android.widget.ImageView1'

2018-09-17 21:24:29 - [TEST_STEP][PASSED] - tap: Tapped on element 'Object Repository/Android/WF1/android.widget.Button0 - LOGIN'

2018-09-17 21:24:29 - [MESSAGE][WARNING] - Timeout '0' is invalid. Using default page load timeout: '30'

2018-09-17 21:24:32 - [MESSAGE][PASSED] - Tapped on element 'Object Repository/Android/WF1/android.widget.Button0 - LOGIN'

2018-09-17 21:24:32 - [TEST_STEP][PASSED] - tap: Tapped on element 'Object Repository/Android/WF1/android.widget.ImageView1 (1)'

2018-09-17 21:24:32 - [MESSAGE][WARNING] - Timeout '0' is invalid. Using default page load timeout: '30'

2018-09-17 21:24:33 - [MESSAGE][PASSED] - Tapped on element 'Object Repository/Android/WF1/android.widget.ImageView1 (1)'

2018-09-17 21:24:33 - [TEST_STEP][PASSED] - tap: Tapped on element 'Object Repository/Android/WF1/android.widget.Button1 - YES'

2018-09-17 21:24:33 - [MESSAGE][WARNING] - Timeout '0' is invalid. Using default page load timeout: '30'

2018-09-17 21:24:36 - [MESSAGE][PASSED] - Tapped on element 'Object Repository/Android/WF1/android.widget.Button1 - YES'

2018-09-17 21:24:36 - [TEST_STEP][PASSED] - tap: Tapped on element 'Object Repository/Android/WF1/android.widget.Button0 - OK'

2018-09-17 21:24:36 - [MESSAGE][WARNING] - Timeout '0' is invalid. Using default page load timeout: '30'

2018-09-17 21:24:37 - [MESSAGE][PASSED] - Tapped on element 'Object Repository/Android/WF1/android.widget.Button0 - OK'

2018-09-17 21:24:37 - [MESSAGE][PASSED] - Call Test Case 'Test Cases/Android/Lib/Onboarding' successfully

2018-09-17 21:24:37 - [TEST_STEP][PASSED] - callTestCase: Call Test Case 'Test Cases/Android/Lib/Menu/ConfigurationMenu/Configuration' successfully

2018-09-17 21:24:37 - [TEST_CASE][PASSED] - Test Cases/Android/Lib/Menu/ConfigurationMenu/Configuration: Test Cases/Android/Lib/Menu/ConfigurationMenu/Configuration

2018-09-17 21:24:37 - [TEST_STEP][PASSED] - tap: Tapped on element 'Object Repository/Android/WF1/android.widget.ImageButton4'

2018-09-17 21:24:37 - [MESSAGE][WARNING] - Timeout '0' is invalid. Using default page load timeout: '30'

2018-09-17 21:24:37 - [MESSAGE][PASSED] - Tapped on element 'Object Repository/Android/WF1/android.widget.ImageButton4'

2018-09-17 21:24:37 - [MESSAGE][PASSED] - Call Test Case 'Test Cases/Android/Lib/Menu/ConfigurationMenu/Configuration' successfully

2018-09-17 21:24:37 - [TEST_STEP][PASSED] - callTestCase: Call Test Case 'Test Cases/Android/Lib/CloseApp' successfully

2018-09-17 21:24:37 - [TEST_CASE][PASSED] - Test Cases/Android/Lib/CloseApp: Test Cases/Android/Lib/CloseApp

2018-09-17 21:24:37 - [TEST_STEP][PASSED] - closeApplication: Close app successfully

2018-09-17 21:24:42 - [MESSAGE][PASSED] - Close app successfully

2018-09-17 21:24:42 - [MESSAGE][PASSED] - Call Test Case 'Test Cases/Android/Lib/CloseApp' successfully

2018-09-17 21:24:42 - [TEST_STEP][PASSED] - Start listener action : sampleAfterTestCase: Invoke 'com.kms.katalon.core.annotation.AfterTestCase' method: 'NewTestListener.sampleAfterTestCase(...)' completed.

2018-09-17 21:24:42 - [TEST_STEP][PASSED] - Statement - println(testCaseContext.getTestCaseId()): null

2018-09-17 21:24:42 - [TEST_STEP][PASSED] - Statement - println(testCaseContext.getTestCaseStatus()): Invoke 'com.kms.katalon.core.annotation.AfterTestCase' method: 'NewTestListener.sampleAfterTestCase(...)' completed.]]></system-out>
         <system-err><![CDATA[]]></system-err>
      </testcase>
      <testcase name="Test Cases/Android/TC/TC_Historico" classname="Test Cases/Android/TC/TC_Historico" status="PASSED">
         <system-out><![CDATA[2018-09-17 21:24:44 - [TEST_CASE][PASSED] - Test Cases/Android/TC/TC_Historico: Test Cases/Android/TC/TC_Historico

2018-09-17 21:24:44 - [TEST_STEP][PASSED] - Start listener action : sampleBeforeTestCase: Invoke 'com.kms.katalon.core.annotation.BeforeTestCase' method: 'NewTestListener.sampleBeforeTestCase(...)' completed.

2018-09-17 21:24:44 - [TEST_STEP][PASSED] - Statement - println(testCaseContext.getTestCaseId()): null

2018-09-17 21:24:44 - [TEST_STEP][PASSED] - Statement - println(testCaseContext.getTestCaseVariables()): Invoke 'com.kms.katalon.core.annotation.BeforeTestCase' method: 'NewTestListener.sampleBeforeTestCase(...)' completed.

2018-09-17 21:24:44 - [TEST_STEP][PASSED] - callTestCase: Call Test Case 'Test Cases/Android/Lib/OpenApp' successfully

2018-09-17 21:24:44 - [TEST_CASE][PASSED] - Test Cases/Android/Lib/OpenApp: Test Cases/Android/Lib/OpenApp

2018-09-17 21:24:44 - [TEST_STEP][PASSED] - startApplication: Started app at: 'C:\temp\app-development-debug.apk'

2018-09-17 21:25:44 - [MESSAGE][PASSED] - Started app at: 'C:\temp\app-development-debug.apk'

2018-09-17 21:25:44 - [MESSAGE][PASSED] - Call Test Case 'Test Cases/Android/Lib/OpenApp' successfully

2018-09-17 21:25:44 - [TEST_STEP][PASSED] - callTestCase: Call Test Case 'Test Cases/Android/Lib/Onboarding' successfully

2018-09-17 21:25:44 - [TEST_CASE][PASSED] - Test Cases/Android/Lib/Onboarding: Test Cases/Android/Lib/Onboarding

2018-09-17 21:25:44 - [TEST_STEP][PASSED] - tap: Tapped on element 'Object Repository/Android/WF1/android.widget.ImageView1'

2018-09-17 21:25:44 - [MESSAGE][WARNING] - Timeout '0' is invalid. Using default page load timeout: '30'

2018-09-17 21:25:48 - [MESSAGE][PASSED] - Tapped on element 'Object Repository/Android/WF1/android.widget.ImageView1'

2018-09-17 21:25:48 - [TEST_STEP][PASSED] - tap: Tapped on element 'Object Repository/Android/WF1/android.widget.Button0 - LOGIN'

2018-09-17 21:25:48 - [MESSAGE][WARNING] - Timeout '0' is invalid. Using default page load timeout: '30'

2018-09-17 21:25:50 - [MESSAGE][PASSED] - Tapped on element 'Object Repository/Android/WF1/android.widget.Button0 - LOGIN'

2018-09-17 21:25:50 - [TEST_STEP][PASSED] - tap: Tapped on element 'Object Repository/Android/WF1/android.widget.ImageView1 (1)'

2018-09-17 21:25:50 - [MESSAGE][WARNING] - Timeout '0' is invalid. Using default page load timeout: '30'

2018-09-17 21:25:51 - [MESSAGE][PASSED] - Tapped on element 'Object Repository/Android/WF1/android.widget.ImageView1 (1)'

2018-09-17 21:25:51 - [TEST_STEP][PASSED] - tap: Tapped on element 'Object Repository/Android/WF1/android.widget.Button1 - YES'

2018-09-17 21:25:51 - [MESSAGE][WARNING] - Timeout '0' is invalid. Using default page load timeout: '30'

2018-09-17 21:25:54 - [MESSAGE][PASSED] - Tapped on element 'Object Repository/Android/WF1/android.widget.Button1 - YES'

2018-09-17 21:25:54 - [TEST_STEP][PASSED] - tap: Tapped on element 'Object Repository/Android/WF1/android.widget.Button0 - OK'

2018-09-17 21:25:54 - [MESSAGE][WARNING] - Timeout '0' is invalid. Using default page load timeout: '30'

2018-09-17 21:25:55 - [MESSAGE][PASSED] - Tapped on element 'Object Repository/Android/WF1/android.widget.Button0 - OK'

2018-09-17 21:25:55 - [MESSAGE][PASSED] - Call Test Case 'Test Cases/Android/Lib/Onboarding' successfully

2018-09-17 21:25:55 - [TEST_STEP][PASSED] - callTestCase: Call Test Case 'Test Cases/Android/Lib/Menu/HistoricoMenu/Historico' successfully

2018-09-17 21:25:55 - [TEST_CASE][PASSED] - Test Cases/Android/Lib/Menu/HistoricoMenu/Historico: Test Cases/Android/Lib/Menu/HistoricoMenu/Historico

2018-09-17 21:25:55 - [TEST_STEP][PASSED] - tap: Tapped on element 'Object Repository/Android/WF1/android.widget.ImageButton1'

2018-09-17 21:25:55 - [MESSAGE][WARNING] - Timeout '0' is invalid. Using default page load timeout: '30'

2018-09-17 21:25:55 - [MESSAGE][PASSED] - Tapped on element 'Object Repository/Android/WF1/android.widget.ImageButton1'

2018-09-17 21:25:55 - [MESSAGE][PASSED] - Call Test Case 'Test Cases/Android/Lib/Menu/HistoricoMenu/Historico' successfully

2018-09-17 21:25:55 - [TEST_STEP][PASSED] - callTestCase: Call Test Case 'Test Cases/Android/Lib/CloseApp' successfully

2018-09-17 21:25:55 - [TEST_CASE][PASSED] - Test Cases/Android/Lib/CloseApp: Test Cases/Android/Lib/CloseApp

2018-09-17 21:25:55 - [TEST_STEP][PASSED] - closeApplication: Close app successfully

2018-09-17 21:26:00 - [MESSAGE][PASSED] - Close app successfully

2018-09-17 21:26:00 - [MESSAGE][PASSED] - Call Test Case 'Test Cases/Android/Lib/CloseApp' successfully

2018-09-17 21:26:00 - [TEST_STEP][PASSED] - Start listener action : sampleAfterTestCase: Invoke 'com.kms.katalon.core.annotation.AfterTestCase' method: 'NewTestListener.sampleAfterTestCase(...)' completed.

2018-09-17 21:26:00 - [TEST_STEP][PASSED] - Statement - println(testCaseContext.getTestCaseId()): null

2018-09-17 21:26:00 - [TEST_STEP][PASSED] - Statement - println(testCaseContext.getTestCaseStatus()): Invoke 'com.kms.katalon.core.annotation.AfterTestCase' method: 'NewTestListener.sampleAfterTestCase(...)' completed.]]></system-out>
         <system-err><![CDATA[]]></system-err>
      </testcase>
      <testcase name="Test Cases/Android/TC/TC_Users" classname="Test Cases/Android/TC/TC_Users" status="PASSED">
         <system-out><![CDATA[2018-09-17 21:26:02 - [TEST_CASE][PASSED] - Test Cases/Android/TC/TC_Users: Test Cases/Android/TC/TC_Users

2018-09-17 21:26:02 - [TEST_STEP][PASSED] - Start listener action : sampleBeforeTestCase: Invoke 'com.kms.katalon.core.annotation.BeforeTestCase' method: 'NewTestListener.sampleBeforeTestCase(...)' completed.

2018-09-17 21:26:02 - [TEST_STEP][PASSED] - Statement - println(testCaseContext.getTestCaseId()): null

2018-09-17 21:26:02 - [TEST_STEP][PASSED] - Statement - println(testCaseContext.getTestCaseVariables()): Invoke 'com.kms.katalon.core.annotation.BeforeTestCase' method: 'NewTestListener.sampleBeforeTestCase(...)' completed.

2018-09-17 21:26:02 - [TEST_STEP][PASSED] - callTestCase: Call Test Case 'Test Cases/Android/Lib/OpenApp' successfully

2018-09-17 21:26:02 - [TEST_CASE][PASSED] - Test Cases/Android/Lib/OpenApp: Test Cases/Android/Lib/OpenApp

2018-09-17 21:26:02 - [TEST_STEP][PASSED] - startApplication: Started app at: 'C:\temp\app-development-debug.apk'

2018-09-17 21:27:08 - [MESSAGE][PASSED] - Started app at: 'C:\temp\app-development-debug.apk'

2018-09-17 21:27:08 - [MESSAGE][PASSED] - Call Test Case 'Test Cases/Android/Lib/OpenApp' successfully

2018-09-17 21:27:08 - [TEST_STEP][PASSED] - callTestCase: Call Test Case 'Test Cases/Android/Lib/Onboarding' successfully

2018-09-17 21:27:08 - [TEST_CASE][PASSED] - Test Cases/Android/Lib/Onboarding: Test Cases/Android/Lib/Onboarding

2018-09-17 21:27:08 - [TEST_STEP][PASSED] - tap: Tapped on element 'Object Repository/Android/WF1/android.widget.ImageView1'

2018-09-17 21:27:08 - [MESSAGE][WARNING] - Timeout '0' is invalid. Using default page load timeout: '30'

2018-09-17 21:27:11 - [MESSAGE][PASSED] - Tapped on element 'Object Repository/Android/WF1/android.widget.ImageView1'

2018-09-17 21:27:11 - [TEST_STEP][PASSED] - tap: Tapped on element 'Object Repository/Android/WF1/android.widget.Button0 - LOGIN'

2018-09-17 21:27:11 - [MESSAGE][WARNING] - Timeout '0' is invalid. Using default page load timeout: '30'

2018-09-17 21:27:14 - [MESSAGE][PASSED] - Tapped on element 'Object Repository/Android/WF1/android.widget.Button0 - LOGIN'

2018-09-17 21:27:14 - [TEST_STEP][PASSED] - tap: Tapped on element 'Object Repository/Android/WF1/android.widget.ImageView1 (1)'

2018-09-17 21:27:14 - [MESSAGE][WARNING] - Timeout '0' is invalid. Using default page load timeout: '30'

2018-09-17 21:27:15 - [MESSAGE][PASSED] - Tapped on element 'Object Repository/Android/WF1/android.widget.ImageView1 (1)'

2018-09-17 21:27:15 - [TEST_STEP][PASSED] - tap: Tapped on element 'Object Repository/Android/WF1/android.widget.Button1 - YES'

2018-09-17 21:27:15 - [MESSAGE][WARNING] - Timeout '0' is invalid. Using default page load timeout: '30'

2018-09-17 21:27:18 - [MESSAGE][PASSED] - Tapped on element 'Object Repository/Android/WF1/android.widget.Button1 - YES'

2018-09-17 21:27:18 - [TEST_STEP][PASSED] - tap: Tapped on element 'Object Repository/Android/WF1/android.widget.Button0 - OK'

2018-09-17 21:27:18 - [MESSAGE][WARNING] - Timeout '0' is invalid. Using default page load timeout: '30'

2018-09-17 21:27:19 - [MESSAGE][PASSED] - Tapped on element 'Object Repository/Android/WF1/android.widget.Button0 - OK'

2018-09-17 21:27:19 - [MESSAGE][PASSED] - Call Test Case 'Test Cases/Android/Lib/Onboarding' successfully

2018-09-17 21:27:19 - [TEST_STEP][PASSED] - callTestCase: Call Test Case 'Test Cases/Android/Lib/Menu/VUEMenu/VUE' successfully

2018-09-17 21:27:19 - [TEST_CASE][PASSED] - Test Cases/Android/Lib/Menu/VUEMenu/VUE: Test Cases/Android/Lib/Menu/VUEMenu/VUE

2018-09-17 21:27:19 - [TEST_STEP][PASSED] - tap: Tapped on element 'Object Repository/Android/WFVUE/android.widget.ImageButton2'

2018-09-17 21:27:19 - [MESSAGE][WARNING] - Timeout '0' is invalid. Using default page load timeout: '30'

2018-09-17 21:27:20 - [MESSAGE][PASSED] - Tapped on element 'Object Repository/Android/WFVUE/android.widget.ImageButton2'

2018-09-17 21:27:20 - [MESSAGE][PASSED] - Call Test Case 'Test Cases/Android/Lib/Menu/VUEMenu/VUE' successfully

2018-09-17 21:27:20 - [TEST_STEP][PASSED] - callTestCase: Call Test Case 'Test Cases/Android/Lib/CloseApp' successfully

2018-09-17 21:27:20 - [TEST_CASE][PASSED] - Test Cases/Android/Lib/CloseApp: Test Cases/Android/Lib/CloseApp

2018-09-17 21:27:20 - [TEST_STEP][PASSED] - closeApplication: Close app successfully

2018-09-17 21:27:24 - [MESSAGE][PASSED] - Close app successfully

2018-09-17 21:27:24 - [MESSAGE][PASSED] - Call Test Case 'Test Cases/Android/Lib/CloseApp' successfully

2018-09-17 21:27:24 - [TEST_STEP][PASSED] - Start listener action : sampleAfterTestCase: Invoke 'com.kms.katalon.core.annotation.AfterTestCase' method: 'NewTestListener.sampleAfterTestCase(...)' completed.

2018-09-17 21:27:24 - [TEST_STEP][PASSED] - Statement - println(testCaseContext.getTestCaseId()): null

2018-09-17 21:27:24 - [TEST_STEP][PASSED] - Statement - println(testCaseContext.getTestCaseStatus()): Invoke 'com.kms.katalon.core.annotation.AfterTestCase' method: 'NewTestListener.sampleAfterTestCase(...)' completed.]]></system-out>
         <system-err><![CDATA[]]></system-err>
      </testcase>
      <testcase name="Test Cases/Android/TC/TC_VUE" classname="Test Cases/Android/TC/TC_VUE" status="PASSED">
         <system-out><![CDATA[2018-09-17 21:27:26 - [TEST_CASE][PASSED] - Test Cases/Android/TC/TC_VUE: Test Cases/Android/TC/TC_VUE

2018-09-17 21:27:26 - [TEST_STEP][PASSED] - Start listener action : sampleBeforeTestCase: Invoke 'com.kms.katalon.core.annotation.BeforeTestCase' method: 'NewTestListener.sampleBeforeTestCase(...)' completed.

2018-09-17 21:27:26 - [TEST_STEP][PASSED] - Statement - println(testCaseContext.getTestCaseId()): null

2018-09-17 21:27:26 - [TEST_STEP][PASSED] - Statement - println(testCaseContext.getTestCaseVariables()): Invoke 'com.kms.katalon.core.annotation.BeforeTestCase' method: 'NewTestListener.sampleBeforeTestCase(...)' completed.

2018-09-17 21:27:26 - [TEST_STEP][PASSED] - callTestCase: Call Test Case 'Test Cases/Android/Lib/OpenApp' successfully

2018-09-17 21:27:26 - [TEST_CASE][PASSED] - Test Cases/Android/Lib/OpenApp: Test Cases/Android/Lib/OpenApp

2018-09-17 21:27:26 - [TEST_STEP][PASSED] - startApplication: Started app at: 'C:\temp\app-development-debug.apk'

2018-09-17 21:28:32 - [MESSAGE][PASSED] - Started app at: 'C:\temp\app-development-debug.apk'

2018-09-17 21:28:32 - [MESSAGE][PASSED] - Call Test Case 'Test Cases/Android/Lib/OpenApp' successfully

2018-09-17 21:28:32 - [TEST_STEP][PASSED] - callTestCase: Call Test Case 'Test Cases/Android/Lib/Onboarding' successfully

2018-09-17 21:28:32 - [TEST_CASE][PASSED] - Test Cases/Android/Lib/Onboarding: Test Cases/Android/Lib/Onboarding

2018-09-17 21:28:32 - [TEST_STEP][PASSED] - tap: Tapped on element 'Object Repository/Android/WF1/android.widget.ImageView1'

2018-09-17 21:28:32 - [MESSAGE][WARNING] - Timeout '0' is invalid. Using default page load timeout: '30'

2018-09-17 21:28:35 - [MESSAGE][PASSED] - Tapped on element 'Object Repository/Android/WF1/android.widget.ImageView1'

2018-09-17 21:28:35 - [TEST_STEP][PASSED] - tap: Tapped on element 'Object Repository/Android/WF1/android.widget.Button0 - LOGIN'

2018-09-17 21:28:35 - [MESSAGE][WARNING] - Timeout '0' is invalid. Using default page load timeout: '30'

2018-09-17 21:28:38 - [MESSAGE][PASSED] - Tapped on element 'Object Repository/Android/WF1/android.widget.Button0 - LOGIN'

2018-09-17 21:28:38 - [TEST_STEP][PASSED] - tap: Tapped on element 'Object Repository/Android/WF1/android.widget.ImageView1 (1)'

2018-09-17 21:28:38 - [MESSAGE][WARNING] - Timeout '0' is invalid. Using default page load timeout: '30'

2018-09-17 21:28:39 - [MESSAGE][PASSED] - Tapped on element 'Object Repository/Android/WF1/android.widget.ImageView1 (1)'

2018-09-17 21:28:39 - [TEST_STEP][PASSED] - tap: Tapped on element 'Object Repository/Android/WF1/android.widget.Button1 - YES'

2018-09-17 21:28:39 - [MESSAGE][WARNING] - Timeout '0' is invalid. Using default page load timeout: '30'

2018-09-17 21:28:41 - [MESSAGE][PASSED] - Tapped on element 'Object Repository/Android/WF1/android.widget.Button1 - YES'

2018-09-17 21:28:41 - [TEST_STEP][PASSED] - tap: Tapped on element 'Object Repository/Android/WF1/android.widget.Button0 - OK'

2018-09-17 21:28:41 - [MESSAGE][WARNING] - Timeout '0' is invalid. Using default page load timeout: '30'

2018-09-17 21:28:43 - [MESSAGE][PASSED] - Tapped on element 'Object Repository/Android/WF1/android.widget.Button0 - OK'

2018-09-17 21:28:43 - [MESSAGE][PASSED] - Call Test Case 'Test Cases/Android/Lib/Onboarding' successfully

2018-09-17 21:28:43 - [TEST_STEP][PASSED] - callTestCase: Call Test Case 'Test Cases/Android/Lib/Menu/UsersMenu/User' successfully

2018-09-17 21:28:43 - [TEST_CASE][PASSED] - Test Cases/Android/Lib/Menu/UsersMenu/User: Test Cases/Android/Lib/Menu/UsersMenu/User

2018-09-17 21:28:43 - [TEST_STEP][PASSED] - tap: Tapped on element 'Object Repository/Android/WF1/android.widget.ImageButton3'

2018-09-17 21:28:43 - [MESSAGE][WARNING] - Timeout '0' is invalid. Using default page load timeout: '30'

2018-09-17 21:28:43 - [MESSAGE][PASSED] - Tapped on element 'Object Repository/Android/WF1/android.widget.ImageButton3'

2018-09-17 21:28:43 - [MESSAGE][PASSED] - Call Test Case 'Test Cases/Android/Lib/Menu/UsersMenu/User' successfully

2018-09-17 21:28:43 - [TEST_STEP][PASSED] - callTestCase: Call Test Case 'Test Cases/Android/Lib/CloseApp' successfully

2018-09-17 21:28:43 - [TEST_CASE][PASSED] - Test Cases/Android/Lib/CloseApp: Test Cases/Android/Lib/CloseApp

2018-09-17 21:28:43 - [TEST_STEP][PASSED] - closeApplication: Close app successfully

2018-09-17 21:28:47 - [MESSAGE][PASSED] - Close app successfully

2018-09-17 21:28:47 - [MESSAGE][PASSED] - Call Test Case 'Test Cases/Android/Lib/CloseApp' successfully

2018-09-17 21:28:47 - [TEST_STEP][PASSED] - Start listener action : sampleAfterTestCase: Invoke 'com.kms.katalon.core.annotation.AfterTestCase' method: 'NewTestListener.sampleAfterTestCase(...)' completed.

2018-09-17 21:28:47 - [TEST_STEP][PASSED] - Statement - println(testCaseContext.getTestCaseId()): null

2018-09-17 21:28:47 - [TEST_STEP][PASSED] - Statement - println(testCaseContext.getTestCaseStatus()): Invoke 'com.kms.katalon.core.annotation.AfterTestCase' method: 'NewTestListener.sampleAfterTestCase(...)' completed.]]></system-out>
         <system-err><![CDATA[]]></system-err>
      </testcase>
      <testcase name="Test Cases/Android/TC/TC_FUSEConfig" classname="Test Cases/Android/TC/TC_FUSEConfig" status="PASSED">
         <system-out><![CDATA[2018-09-17 21:28:49 - [TEST_CASE][PASSED] - Test Cases/Android/TC/TC_FUSEConfig: Test Cases/Android/TC/TC_FUSEConfig

2018-09-17 21:28:49 - [TEST_STEP][PASSED] - Start listener action : sampleBeforeTestCase: Invoke 'com.kms.katalon.core.annotation.BeforeTestCase' method: 'NewTestListener.sampleBeforeTestCase(...)' completed.

2018-09-17 21:28:49 - [TEST_STEP][PASSED] - Statement - println(testCaseContext.getTestCaseId()): null

2018-09-17 21:28:49 - [TEST_STEP][PASSED] - Statement - println(testCaseContext.getTestCaseVariables()): Invoke 'com.kms.katalon.core.annotation.BeforeTestCase' method: 'NewTestListener.sampleBeforeTestCase(...)' completed.

2018-09-17 21:28:49 - [TEST_STEP][PASSED] - callTestCase: Call Test Case 'Test Cases/Android/Lib/OpenApp' successfully

2018-09-17 21:28:49 - [TEST_CASE][PASSED] - Test Cases/Android/Lib/OpenApp: Test Cases/Android/Lib/OpenApp

2018-09-17 21:28:49 - [TEST_STEP][PASSED] - startApplication: Started app at: 'C:\temp\app-development-debug.apk'

2018-09-17 21:29:55 - [MESSAGE][PASSED] - Started app at: 'C:\temp\app-development-debug.apk'

2018-09-17 21:29:55 - [MESSAGE][PASSED] - Call Test Case 'Test Cases/Android/Lib/OpenApp' successfully

2018-09-17 21:29:55 - [TEST_STEP][PASSED] - callTestCase: Call Test Case 'Test Cases/Android/Lib/Onboarding' successfully

2018-09-17 21:29:55 - [TEST_CASE][PASSED] - Test Cases/Android/Lib/Onboarding: Test Cases/Android/Lib/Onboarding

2018-09-17 21:29:55 - [TEST_STEP][PASSED] - tap: Tapped on element 'Object Repository/Android/WF1/android.widget.ImageView1'

2018-09-17 21:29:55 - [MESSAGE][WARNING] - Timeout '0' is invalid. Using default page load timeout: '30'

2018-09-17 21:29:59 - [MESSAGE][PASSED] - Tapped on element 'Object Repository/Android/WF1/android.widget.ImageView1'

2018-09-17 21:29:59 - [TEST_STEP][PASSED] - tap: Tapped on element 'Object Repository/Android/WF1/android.widget.Button0 - LOGIN'

2018-09-17 21:29:59 - [MESSAGE][WARNING] - Timeout '0' is invalid. Using default page load timeout: '30'

2018-09-17 21:30:01 - [MESSAGE][PASSED] - Tapped on element 'Object Repository/Android/WF1/android.widget.Button0 - LOGIN'

2018-09-17 21:30:01 - [TEST_STEP][PASSED] - tap: Tapped on element 'Object Repository/Android/WF1/android.widget.ImageView1 (1)'

2018-09-17 21:30:01 - [MESSAGE][WARNING] - Timeout '0' is invalid. Using default page load timeout: '30'

2018-09-17 21:30:02 - [MESSAGE][PASSED] - Tapped on element 'Object Repository/Android/WF1/android.widget.ImageView1 (1)'

2018-09-17 21:30:02 - [TEST_STEP][PASSED] - tap: Tapped on element 'Object Repository/Android/WF1/android.widget.Button1 - YES'

2018-09-17 21:30:02 - [MESSAGE][WARNING] - Timeout '0' is invalid. Using default page load timeout: '30'

2018-09-17 21:30:05 - [MESSAGE][PASSED] - Tapped on element 'Object Repository/Android/WF1/android.widget.Button1 - YES'

2018-09-17 21:30:05 - [TEST_STEP][PASSED] - tap: Tapped on element 'Object Repository/Android/WF1/android.widget.Button0 - OK'

2018-09-17 21:30:05 - [MESSAGE][WARNING] - Timeout '0' is invalid. Using default page load timeout: '30'

2018-09-17 21:30:06 - [MESSAGE][PASSED] - Tapped on element 'Object Repository/Android/WF1/android.widget.Button0 - OK'

2018-09-17 21:30:06 - [MESSAGE][PASSED] - Call Test Case 'Test Cases/Android/Lib/Onboarding' successfully

2018-09-17 21:30:06 - [TEST_STEP][PASSED] - callTestCase: Call Test Case 'Test Cases/Android/Lib/Menu/ConfigurationMenu/Configuration' successfully

2018-09-17 21:30:06 - [TEST_CASE][PASSED] - Test Cases/Android/Lib/Menu/ConfigurationMenu/Configuration: Test Cases/Android/Lib/Menu/ConfigurationMenu/Configuration

2018-09-17 21:30:06 - [TEST_STEP][PASSED] - tap: Tapped on element 'Object Repository/Android/WF1/android.widget.ImageButton4'

2018-09-17 21:30:06 - [MESSAGE][WARNING] - Timeout '0' is invalid. Using default page load timeout: '30'

2018-09-17 21:30:06 - [MESSAGE][PASSED] - Tapped on element 'Object Repository/Android/WF1/android.widget.ImageButton4'

2018-09-17 21:30:06 - [MESSAGE][PASSED] - Call Test Case 'Test Cases/Android/Lib/Menu/ConfigurationMenu/Configuration' successfully

2018-09-17 21:30:06 - [TEST_STEP][PASSED] - callTestCase: Call Test Case 'Test Cases/Android/Lib/Menu/ConfigurationMenu/FUSEConfig' successfully

2018-09-17 21:30:06 - [TEST_CASE][PASSED] - Test Cases/Android/Lib/Menu/ConfigurationMenu/FUSEConfig: Test Cases/Android/Lib/Menu/ConfigurationMenu/FUSEConfig

2018-09-17 21:30:07 - [TEST_STEP][PASSED] - tap: Tapped on element 'Object Repository/Android/WFSettings/android.widget.ImageButton4'

2018-09-17 21:30:07 - [MESSAGE][WARNING] - Timeout '0' is invalid. Using default page load timeout: '30'

2018-09-17 21:30:08 - [MESSAGE][PASSED] - Tapped on element 'Object Repository/Android/WFSettings/android.widget.ImageButton4'

2018-09-17 21:30:08 - [TEST_STEP][PASSED] - tap: Tapped on element 'Object Repository/Android/WFSettings/android.widget.LinearLayout8'

2018-09-17 21:30:08 - [MESSAGE][WARNING] - Timeout '0' is invalid. Using default page load timeout: '30'

2018-09-17 21:30:11 - [MESSAGE][PASSED] - Tapped on element 'Object Repository/Android/WFSettings/android.widget.LinearLayout8'

2018-09-17 21:30:11 - [TEST_STEP][PASSED] - tap: Tapped on element 'Object Repository/Android/WFSettings/android.widget.TextView1'

2018-09-17 21:30:11 - [MESSAGE][WARNING] - Timeout '0' is invalid. Using default page load timeout: '30'

2018-09-17 21:30:12 - [MESSAGE][PASSED] - Tapped on element 'Object Repository/Android/WFSettings/android.widget.TextView1'

2018-09-17 21:30:12 - [TEST_STEP][PASSED] - setText: Text '192.168.1.150' has been set to element 'Object Repository/Android/WFSettings/android.widget.EditText0 - Enter fuse IP address'

2018-09-17 21:30:12 - [MESSAGE][WARNING] - Timeout '0' is invalid. Using default page load timeout: '30'

2018-09-17 21:30:14 - [MESSAGE][PASSED] - Text '192.168.1.150' has been set to element 'Object Repository/Android/WFSettings/android.widget.EditText0 - Enter fuse IP address'

2018-09-17 21:30:14 - [TEST_STEP][PASSED] - tap: Tapped on element 'Object Repository/Android/WFSettings/android.widget.Button0 - CONNECT'

2018-09-17 21:30:14 - [MESSAGE][WARNING] - Timeout '0' is invalid. Using default page load timeout: '30'

2018-09-17 21:30:15 - [MESSAGE][PASSED] - Tapped on element 'Object Repository/Android/WFSettings/android.widget.Button0 - CONNECT'

2018-09-17 21:30:15 - [TEST_STEP][PASSED] - tap: Tapped on element 'Object Repository/Android/WFSettings/android.widget.ImageButton0'

2018-09-17 21:30:15 - [MESSAGE][WARNING] - Timeout '0' is invalid. Using default page load timeout: '30'

2018-09-17 21:30:18 - [MESSAGE][PASSED] - Tapped on element 'Object Repository/Android/WFSettings/android.widget.ImageButton0'

2018-09-17 21:30:18 - [TEST_STEP][PASSED] - tap: Tapped on element 'Object Repository/Android/WFSettings/android.widget.ImageButton0'

2018-09-17 21:30:18 - [MESSAGE][WARNING] - Timeout '0' is invalid. Using default page load timeout: '30'

2018-09-17 21:30:20 - [MESSAGE][PASSED] - Tapped on element 'Object Repository/Android/WFSettings/android.widget.ImageButton0'

2018-09-17 21:30:20 - [MESSAGE][PASSED] - Call Test Case 'Test Cases/Android/Lib/Menu/ConfigurationMenu/FUSEConfig' successfully

2018-09-17 21:30:20 - [TEST_STEP][PASSED] - callTestCase: Call Test Case 'Test Cases/Android/Lib/CloseApp' successfully

2018-09-17 21:30:20 - [TEST_CASE][PASSED] - Test Cases/Android/Lib/CloseApp: Test Cases/Android/Lib/CloseApp

2018-09-17 21:30:20 - [TEST_STEP][PASSED] - closeApplication: Close app successfully

2018-09-17 21:30:24 - [MESSAGE][PASSED] - Close app successfully

2018-09-17 21:30:24 - [MESSAGE][PASSED] - Call Test Case 'Test Cases/Android/Lib/CloseApp' successfully

2018-09-17 21:30:24 - [TEST_STEP][PASSED] - Start listener action : sampleAfterTestCase: Invoke 'com.kms.katalon.core.annotation.AfterTestCase' method: 'NewTestListener.sampleAfterTestCase(...)' completed.

2018-09-17 21:30:24 - [TEST_STEP][PASSED] - Statement - println(testCaseContext.getTestCaseId()): null

2018-09-17 21:30:24 - [TEST_STEP][PASSED] - Statement - println(testCaseContext.getTestCaseStatus()): Invoke 'com.kms.katalon.core.annotation.AfterTestCase' method: 'NewTestListener.sampleAfterTestCase(...)' completed.]]></system-out>
         <system-err><![CDATA[]]></system-err>
      </testcase>
      <testcase name="Test Cases/Android/TC/TC_VUEConfig" classname="Test Cases/Android/TC/TC_VUEConfig" status="PASSED">
         <system-out><![CDATA[2018-09-17 21:30:26 - [TEST_CASE][PASSED] - Test Cases/Android/TC/TC_VUEConfig: Test Cases/Android/TC/TC_VUEConfig

2018-09-17 21:30:26 - [TEST_STEP][PASSED] - Start listener action : sampleBeforeTestCase: Invoke 'com.kms.katalon.core.annotation.BeforeTestCase' method: 'NewTestListener.sampleBeforeTestCase(...)' completed.

2018-09-17 21:30:26 - [TEST_STEP][PASSED] - Statement - println(testCaseContext.getTestCaseId()): null

2018-09-17 21:30:26 - [TEST_STEP][PASSED] - Statement - println(testCaseContext.getTestCaseVariables()): Invoke 'com.kms.katalon.core.annotation.BeforeTestCase' method: 'NewTestListener.sampleBeforeTestCase(...)' completed.

2018-09-17 21:30:27 - [TEST_STEP][PASSED] - callTestCase: Call Test Case 'Test Cases/Android/Lib/OpenApp' successfully

2018-09-17 21:30:27 - [TEST_CASE][PASSED] - Test Cases/Android/Lib/OpenApp: Test Cases/Android/Lib/OpenApp

2018-09-17 21:30:27 - [TEST_STEP][PASSED] - startApplication: Started app at: 'C:\temp\app-development-debug.apk'

2018-09-17 21:31:36 - [MESSAGE][PASSED] - Started app at: 'C:\temp\app-development-debug.apk'

2018-09-17 21:31:36 - [MESSAGE][PASSED] - Call Test Case 'Test Cases/Android/Lib/OpenApp' successfully

2018-09-17 21:31:36 - [TEST_STEP][PASSED] - callTestCase: Call Test Case 'Test Cases/Android/Lib/Onboarding' successfully

2018-09-17 21:31:36 - [TEST_CASE][PASSED] - Test Cases/Android/Lib/Onboarding: Test Cases/Android/Lib/Onboarding

2018-09-17 21:31:36 - [TEST_STEP][PASSED] - tap: Tapped on element 'Object Repository/Android/WF1/android.widget.ImageView1'

2018-09-17 21:31:36 - [MESSAGE][WARNING] - Timeout '0' is invalid. Using default page load timeout: '30'

2018-09-17 21:31:39 - [MESSAGE][PASSED] - Tapped on element 'Object Repository/Android/WF1/android.widget.ImageView1'

2018-09-17 21:31:39 - [TEST_STEP][PASSED] - tap: Tapped on element 'Object Repository/Android/WF1/android.widget.Button0 - LOGIN'

2018-09-17 21:31:39 - [MESSAGE][WARNING] - Timeout '0' is invalid. Using default page load timeout: '30'

2018-09-17 21:31:42 - [MESSAGE][PASSED] - Tapped on element 'Object Repository/Android/WF1/android.widget.Button0 - LOGIN'

2018-09-17 21:31:42 - [TEST_STEP][PASSED] - tap: Tapped on element 'Object Repository/Android/WF1/android.widget.ImageView1 (1)'

2018-09-17 21:31:42 - [MESSAGE][WARNING] - Timeout '0' is invalid. Using default page load timeout: '30'

2018-09-17 21:31:43 - [MESSAGE][PASSED] - Tapped on element 'Object Repository/Android/WF1/android.widget.ImageView1 (1)'

2018-09-17 21:31:43 - [TEST_STEP][PASSED] - tap: Tapped on element 'Object Repository/Android/WF1/android.widget.Button1 - YES'

2018-09-17 21:31:43 - [MESSAGE][WARNING] - Timeout '0' is invalid. Using default page load timeout: '30'

2018-09-17 21:31:45 - [MESSAGE][PASSED] - Tapped on element 'Object Repository/Android/WF1/android.widget.Button1 - YES'

2018-09-17 21:31:45 - [TEST_STEP][PASSED] - tap: Tapped on element 'Object Repository/Android/WF1/android.widget.Button0 - OK'

2018-09-17 21:31:45 - [MESSAGE][WARNING] - Timeout '0' is invalid. Using default page load timeout: '30'

2018-09-17 21:31:46 - [MESSAGE][PASSED] - Tapped on element 'Object Repository/Android/WF1/android.widget.Button0 - OK'

2018-09-17 21:31:46 - [MESSAGE][PASSED] - Call Test Case 'Test Cases/Android/Lib/Onboarding' successfully

2018-09-17 21:31:46 - [TEST_STEP][PASSED] - callTestCase: Call Test Case 'Test Cases/Android/Lib/Menu/ConfigurationMenu/Configuration' successfully

2018-09-17 21:31:46 - [TEST_CASE][PASSED] - Test Cases/Android/Lib/Menu/ConfigurationMenu/Configuration: Test Cases/Android/Lib/Menu/ConfigurationMenu/Configuration

2018-09-17 21:31:46 - [TEST_STEP][PASSED] - tap: Tapped on element 'Object Repository/Android/WF1/android.widget.ImageButton4'

2018-09-17 21:31:46 - [MESSAGE][WARNING] - Timeout '0' is invalid. Using default page load timeout: '30'

2018-09-17 21:31:47 - [MESSAGE][PASSED] - Tapped on element 'Object Repository/Android/WF1/android.widget.ImageButton4'

2018-09-17 21:31:47 - [MESSAGE][PASSED] - Call Test Case 'Test Cases/Android/Lib/Menu/ConfigurationMenu/Configuration' successfully

2018-09-17 21:31:47 - [TEST_STEP][PASSED] - callTestCase: Call Test Case 'Test Cases/Android/Lib/Menu/ConfigurationMenu/FUSEConfig' successfully

2018-09-17 21:31:47 - [TEST_CASE][PASSED] - Test Cases/Android/Lib/Menu/ConfigurationMenu/FUSEConfig: Test Cases/Android/Lib/Menu/ConfigurationMenu/FUSEConfig

2018-09-17 21:31:47 - [TEST_STEP][PASSED] - tap: Tapped on element 'Object Repository/Android/WFSettings/android.widget.ImageButton4'

2018-09-17 21:31:47 - [MESSAGE][WARNING] - Timeout '0' is invalid. Using default page load timeout: '30'

2018-09-17 21:31:48 - [MESSAGE][PASSED] - Tapped on element 'Object Repository/Android/WFSettings/android.widget.ImageButton4'

2018-09-17 21:31:48 - [TEST_STEP][PASSED] - tap: Tapped on element 'Object Repository/Android/WFSettings/android.widget.LinearLayout8'

2018-09-17 21:31:48 - [MESSAGE][WARNING] - Timeout '0' is invalid. Using default page load timeout: '30'

2018-09-17 21:31:51 - [MESSAGE][PASSED] - Tapped on element 'Object Repository/Android/WFSettings/android.widget.LinearLayout8'

2018-09-17 21:31:51 - [TEST_STEP][PASSED] - tap: Tapped on element 'Object Repository/Android/WFSettings/android.widget.TextView1'

2018-09-17 21:31:51 - [MESSAGE][WARNING] - Timeout '0' is invalid. Using default page load timeout: '30'

2018-09-17 21:31:53 - [MESSAGE][PASSED] - Tapped on element 'Object Repository/Android/WFSettings/android.widget.TextView1'

2018-09-17 21:31:53 - [TEST_STEP][PASSED] - setText: Text '192.168.1.150' has been set to element 'Object Repository/Android/WFSettings/android.widget.EditText0 - Enter fuse IP address'

2018-09-17 21:31:53 - [MESSAGE][WARNING] - Timeout '0' is invalid. Using default page load timeout: '30'

2018-09-17 21:31:54 - [MESSAGE][PASSED] - Text '192.168.1.150' has been set to element 'Object Repository/Android/WFSettings/android.widget.EditText0 - Enter fuse IP address'

2018-09-17 21:31:54 - [TEST_STEP][PASSED] - tap: Tapped on element 'Object Repository/Android/WFSettings/android.widget.Button0 - CONNECT'

2018-09-17 21:31:54 - [MESSAGE][WARNING] - Timeout '0' is invalid. Using default page load timeout: '30'

2018-09-17 21:31:56 - [MESSAGE][PASSED] - Tapped on element 'Object Repository/Android/WFSettings/android.widget.Button0 - CONNECT'

2018-09-17 21:31:56 - [TEST_STEP][PASSED] - tap: Tapped on element 'Object Repository/Android/WFSettings/android.widget.ImageButton0'

2018-09-17 21:31:56 - [MESSAGE][WARNING] - Timeout '0' is invalid. Using default page load timeout: '30'

2018-09-17 21:31:59 - [MESSAGE][PASSED] - Tapped on element 'Object Repository/Android/WFSettings/android.widget.ImageButton0'

2018-09-17 21:31:59 - [TEST_STEP][PASSED] - tap: Tapped on element 'Object Repository/Android/WFSettings/android.widget.ImageButton0'

2018-09-17 21:31:59 - [MESSAGE][WARNING] - Timeout '0' is invalid. Using default page load timeout: '30'

2018-09-17 21:32:01 - [MESSAGE][PASSED] - Tapped on element 'Object Repository/Android/WFSettings/android.widget.ImageButton0'

2018-09-17 21:32:01 - [MESSAGE][PASSED] - Call Test Case 'Test Cases/Android/Lib/Menu/ConfigurationMenu/FUSEConfig' successfully

2018-09-17 21:32:01 - [TEST_STEP][PASSED] - callTestCase: Call Test Case 'Test Cases/Android/Lib/Menu/VUEMenu/CreateAnalisys' successfully

2018-09-17 21:32:01 - [TEST_CASE][PASSED] - Test Cases/Android/Lib/Menu/VUEMenu/CreateAnalisys: Test Cases/Android/Lib/Menu/VUEMenu/CreateAnalisys

2018-09-17 21:32:01 - [TEST_STEP][PASSED] - callTestCase: Call Test Case 'Test Cases/Android/Lib/Menu/VUEMenu/VUE' successfully

2018-09-17 21:32:01 - [TEST_CASE][PASSED] - Test Cases/Android/Lib/Menu/VUEMenu/VUE: Test Cases/Android/Lib/Menu/VUEMenu/VUE

2018-09-17 21:32:01 - [TEST_STEP][PASSED] - tap: Tapped on element 'Object Repository/Android/WFVUE/android.widget.ImageButton2'

2018-09-17 21:32:01 - [MESSAGE][WARNING] - Timeout '0' is invalid. Using default page load timeout: '30'

2018-09-17 21:32:02 - [MESSAGE][PASSED] - Tapped on element 'Object Repository/Android/WFVUE/android.widget.ImageButton2'

2018-09-17 21:32:02 - [MESSAGE][PASSED] - Call Test Case 'Test Cases/Android/Lib/Menu/VUEMenu/VUE' successfully

2018-09-17 21:32:02 - [TEST_STEP][PASSED] - tap: Tapped on element 'Object Repository/Android/Create Analisys/android.widget.ImageView2'

2018-09-17 21:32:02 - [MESSAGE][WARNING] - Timeout '0' is invalid. Using default page load timeout: '30'

2018-09-17 21:32:03 - [MESSAGE][PASSED] - Tapped on element 'Object Repository/Android/Create Analisys/android.widget.ImageView2'

2018-09-17 21:32:03 - [TEST_STEP][PASSED] - tap: Tapped on element 'Object Repository/Android/Create Analisys/android.widget.LinearLayout4'

2018-09-17 21:32:03 - [MESSAGE][WARNING] - Timeout '0' is invalid. Using default page load timeout: '30'

2018-09-17 21:32:04 - [MESSAGE][PASSED] - Tapped on element 'Object Repository/Android/Create Analisys/android.widget.LinearLayout4'

2018-09-17 21:32:04 - [TEST_STEP][PASSED] - tap: Tapped on element 'Object Repository/Android/WFVUE/android.widget.ImageButton0'

2018-09-17 21:32:04 - [MESSAGE][WARNING] - Timeout '0' is invalid. Using default page load timeout: '30'

2018-09-17 21:32:08 - [MESSAGE][PASSED] - Tapped on element 'Object Repository/Android/WFVUE/android.widget.ImageButton0'

2018-09-17 21:32:08 - [TEST_STEP][PASSED] - tap: Tapped on element 'Object Repository/Android/Create Analisys/android.widget.Button0 - OK'

2018-09-17 21:32:08 - [MESSAGE][WARNING] - Timeout '0' is invalid. Using default page load timeout: '30'

2018-09-17 21:32:10 - [MESSAGE][PASSED] - Tapped on element 'Object Repository/Android/Create Analisys/android.widget.Button0 - OK'

2018-09-17 21:32:10 - [TEST_STEP][PASSED] - tap: Tapped on element 'Object Repository/Android/Create Analisys/android.widget.ImageButton0'

2018-09-17 21:32:10 - [MESSAGE][WARNING] - Timeout '0' is invalid. Using default page load timeout: '30'

2018-09-17 21:32:11 - [MESSAGE][PASSED] - Tapped on element 'Object Repository/Android/Create Analisys/android.widget.ImageButton0'

2018-09-17 21:32:11 - [TEST_STEP][PASSED] - tap: Tapped on element 'Object Repository/Android/Create Analisys/android.widget.ImageButton1'

2018-09-17 21:32:11 - [MESSAGE][WARNING] - Timeout '0' is invalid. Using default page load timeout: '30'

2018-09-17 21:32:12 - [MESSAGE][PASSED] - Tapped on element 'Object Repository/Android/Create Analisys/android.widget.ImageButton1'

2018-09-17 21:32:12 - [TEST_STEP][PASSED] - delay: Delayed 60 second(s)

2018-09-17 21:33:12 - [MESSAGE][PASSED] - Delayed 60 second(s)

2018-09-17 21:33:12 - [TEST_STEP][PASSED] - tap: Tapped on element 'Object Repository/Android/WFVUE/android.widget.ImageView0'

2018-09-17 21:33:12 - [MESSAGE][WARNING] - Timeout '0' is invalid. Using default page load timeout: '30'

2018-09-17 21:33:14 - [MESSAGE][PASSED] - Tapped on element 'Object Repository/Android/WFVUE/android.widget.ImageView0'

2018-09-17 21:33:14 - [MESSAGE][PASSED] - Call Test Case 'Test Cases/Android/Lib/Menu/VUEMenu/CreateAnalisys' successfully

2018-09-17 21:33:14 - [TEST_STEP][PASSED] - callTestCase: Call Test Case 'Test Cases/Android/Lib/CloseApp' successfully

2018-09-17 21:33:14 - [TEST_CASE][PASSED] - Test Cases/Android/Lib/CloseApp: Test Cases/Android/Lib/CloseApp

2018-09-17 21:33:14 - [TEST_STEP][PASSED] - closeApplication: Close app successfully

2018-09-17 21:33:17 - [MESSAGE][PASSED] - Close app successfully

2018-09-17 21:33:17 - [MESSAGE][PASSED] - Call Test Case 'Test Cases/Android/Lib/CloseApp' successfully

2018-09-17 21:33:17 - [TEST_STEP][PASSED] - Start listener action : sampleAfterTestCase: Invoke 'com.kms.katalon.core.annotation.AfterTestCase' method: 'NewTestListener.sampleAfterTestCase(...)' completed.

2018-09-17 21:33:17 - [TEST_STEP][PASSED] - Statement - println(testCaseContext.getTestCaseId()): null

2018-09-17 21:33:17 - [TEST_STEP][PASSED] - Statement - println(testCaseContext.getTestCaseStatus()): Invoke 'com.kms.katalon.core.annotation.AfterTestCase' method: 'NewTestListener.sampleAfterTestCase(...)' completed.]]></system-out>
         <system-err><![CDATA[]]></system-err>
      </testcase>
      <system-out><![CDATA[2018-09-17 21:21:39 - [TEST_SUITE][PASSED] - TS_Mobile: Test Cases/Android/TC/TC_VUEConfig]]></system-out>
      <system-err><![CDATA[]]></system-err>
   </testsuite>
</testsuites>
