<?xml version="1.0" encoding="UTF-8"?>
<testsuites name="TS_Test Consult" time="17" tests="1" failures="0" errors="0">
   <testsuite name="TS_Test Consult" tests="1" failures="0" errors="0" time="17" timestamp="2018-09-21 11:05:53" hostname="Agato - 192.168.1.13" id="Test Suites/TS_Test Consult">
      <properties>
         <property name="deviceName" value=""/>
         <property name="devicePlatform" value=""/>
         <property name="logFolder" value="C:\\Users\\Agato\\git\\Abaxis\\Reports\\TS_Test Consult\\20180921_110452"/>
         <property name="logFiles" value="C:\\Users\\Agato\\git\\Abaxis\\Reports\\TS_Test Consult\\20180921_110452\\execution0.log"/>
         <property name="attachments" value=""/>
         <property name="hostName" value="Agato - 192.168.1.13"/>
         <property name="os" value="Windows 10 64bit"/>
         <property name="katalonVersion" value="5.7.1.1"/>
         <property name="browser" value="Chrome 69.0.3497.100"/>
         <property name="hostAddress" value="192.168.1.13"/>
         <property name="sessionId" value="b9c877a70b6a67888dfd5acf7bf8f950"/>
         <property name="seleniumVersion" value="3.7.1"/>
         <property name="proxyInformation" value="ProxyInformation{proxyOption=NO_PROXY, proxyServerType=HTTP, password=, proxyServerAddress=, proxyServerPort=0}"/>
         <property name="platform" value="Windows 10"/>
      </properties>
      <testcase name="Test Cases/Web/FUSE/TC/6.FUSE Webapp - Solicitar un analisis un Owner" classname="Test Cases/Web/FUSE/TC/6.FUSE Webapp - Solicitar un analisis un Owner" status="PASSED">
         <system-out><![CDATA[2018-09-21 11:05:53 - [TEST_CASE][PASSED] - Test Cases/Web/FUSE/TC/6.FUSE Webapp - Solicitar un analisis un Owner: Test Cases/Web/FUSE/TC/6.FUSE Webapp - Solicitar un analisis un Owner

2018-09-21 11:05:53 - [TEST_STEP][PASSED] - Start listener action : sampleBeforeTestCase: Invoke 'com.kms.katalon.core.annotation.BeforeTestCase' method: 'NewTestListener.sampleBeforeTestCase(...)' completed.

2018-09-21 11:05:53 - [TEST_STEP][PASSED] - Statement - println(testCaseContext.getTestCaseId()): null

2018-09-21 11:05:53 - [TEST_STEP][PASSED] - Statement - println(testCaseContext.getTestCaseVariables()): Invoke 'com.kms.katalon.core.annotation.BeforeTestCase' method: 'NewTestListener.sampleBeforeTestCase(...)' completed.

2018-09-21 11:05:54 - [TEST_STEP][PASSED] - callTestCase: Call Test Case 'Test Cases/Web/FUSE/Lib/OpenBrowser' successfully

2018-09-21 11:05:54 - [TEST_CASE][PASSED] - Test Cases/Web/FUSE/Lib/OpenBrowser: Test Cases/Web/FUSE/Lib/OpenBrowser

2018-09-21 11:05:54 - [TEST_STEP][PASSED] - openBrowser: Browser is opened with url: ''

2018-09-21 11:05:57 - [MESSAGE][PASSED] - Browser is opened with url: ''

2018-09-21 11:05:57 - [TEST_STEP][PASSED] - navigateToUrl: Navigate to 'http://192.168.1.150:8080/' successfully

2018-09-21 11:06:04 - [MESSAGE][PASSED] - Navigate to 'http://192.168.1.150:8080/' successfully

2018-09-21 11:06:04 - [TEST_STEP][PASSED] - callTestCase: Call Test Case 'Test Cases/Web/Delay' successfully

2018-09-21 11:06:04 - [TEST_CASE][PASSED] - Test Cases/Web/Delay: Test Cases/Web/Delay

2018-09-21 11:06:04 - [TEST_STEP][PASSED] - Statement - return null: null

2018-09-21 11:06:04 - [MESSAGE][PASSED] - Call Test Case 'Test Cases/Web/Delay' successfully

2018-09-21 11:06:04 - [TEST_STEP][PASSED] - maximizeWindow: Current window maximized

2018-09-21 11:06:05 - [MESSAGE][PASSED] - Current window maximized

2018-09-21 11:06:05 - [MESSAGE][PASSED] - Call Test Case 'Test Cases/Web/FUSE/Lib/OpenBrowser' successfully

2018-09-21 11:06:05 - [TEST_STEP][PASSED] - callTestCase: Call Test Case 'Test Cases/Web/FUSE/Lib/LoginFUSE' successfully

2018-09-21 11:06:05 - [TEST_CASE][PASSED] - Test Cases/Web/FUSE/Lib/LoginFUSE: Test Cases/Web/FUSE/Lib/LoginFUSE

2018-09-21 11:06:05 - [TEST_STEP][PASSED] - click: Object: 'Object Repository/WEB/FUSE/WF1/Page_Abaxis VetScan Fuse/form_Login' is clicked on

2018-09-21 11:06:05 - [MESSAGE][PASSED] - Object: 'Object Repository/WEB/FUSE/WF1/Page_Abaxis VetScan Fuse/form_Login' is clicked on

2018-09-21 11:06:05 - [TEST_STEP][PASSED] - setText: Text 'admin' is set on object 'Object Repository/WEB/FUSE/WF1/Page_Abaxis VetScan Fuse/input_username'

2018-09-21 11:06:05 - [MESSAGE][PASSED] - Text 'admin' is set on object 'Object Repository/WEB/FUSE/WF1/Page_Abaxis VetScan Fuse/input_username'

2018-09-21 11:06:05 - [TEST_STEP][PASSED] - setEncryptedText: Text ****** has been set on object 'Object Repository/WEB/FUSE/WF1/Page_Abaxis VetScan Fuse/input_password'

2018-09-21 11:06:06 - [MESSAGE][PASSED] - Text ****** has been set on object 'Object Repository/WEB/FUSE/WF1/Page_Abaxis VetScan Fuse/input_password'

2018-09-21 11:06:06 - [TEST_STEP][PASSED] - click: Object: 'Object Repository/WEB/FUSE/WF1/Page_Abaxis VetScan Fuse/button_Login' is clicked on

2018-09-21 11:06:06 - [MESSAGE][PASSED] - Object: 'Object Repository/WEB/FUSE/WF1/Page_Abaxis VetScan Fuse/button_Login' is clicked on

2018-09-21 11:06:06 - [MESSAGE][PASSED] - Call Test Case 'Test Cases/Web/FUSE/Lib/LoginFUSE' successfully

2018-09-21 11:06:06 - [TEST_STEP][PASSED] - callTestCase: Call Test Case 'Test Cases/Web/FUSE/Lib/Menus/NewTest_WF/NewTest' successfully

2018-09-21 11:06:06 - [TEST_CASE][PASSED] - Test Cases/Web/FUSE/Lib/Menus/NewTest_WF/NewTest: Test Cases/Web/FUSE/Lib/Menus/NewTest_WF/NewTest

2018-09-21 11:06:06 - [TEST_STEP][PASSED] - click: Object: 'Object Repository/WEB/FUSE/WF1/Page_Abaxis VetScan Fuse/Page_Abaxis VetScan Fuse/button_New Test' is clicked on

2018-09-21 11:06:07 - [MESSAGE][PASSED] - Object: 'Object Repository/WEB/FUSE/WF1/Page_Abaxis VetScan Fuse/Page_Abaxis VetScan Fuse/button_New Test' is clicked on

2018-09-21 11:06:07 - [MESSAGE][PASSED] - Call Test Case 'Test Cases/Web/FUSE/Lib/Menus/NewTest_WF/NewTest' successfully

2018-09-21 11:06:07 - [TEST_STEP][PASSED] - callTestCase: Call Test Case 'Test Cases/Web/FUSE/Lib/CloseBrowser' successfully

2018-09-21 11:06:07 - [TEST_CASE][PASSED] - Test Cases/Web/FUSE/Lib/CloseBrowser: Test Cases/Web/FUSE/Lib/CloseBrowser

2018-09-21 11:06:07 - [TEST_STEP][PASSED] - closeBrowser: Browser is closed

2018-09-21 11:06:09 - [MESSAGE][PASSED] - Browser is closed

2018-09-21 11:06:09 - [MESSAGE][PASSED] - Call Test Case 'Test Cases/Web/FUSE/Lib/CloseBrowser' successfully

2018-09-21 11:06:09 - [TEST_STEP][PASSED] - Start listener action : sampleAfterTestCase: Invoke 'com.kms.katalon.core.annotation.AfterTestCase' method: 'NewTestListener.sampleAfterTestCase(...)' completed.

2018-09-21 11:06:09 - [TEST_STEP][PASSED] - Statement - println(testCaseContext.getTestCaseId()): null

2018-09-21 11:06:09 - [TEST_STEP][PASSED] - Statement - println(testCaseContext.getTestCaseStatus()): Invoke 'com.kms.katalon.core.annotation.AfterTestCase' method: 'NewTestListener.sampleAfterTestCase(...)' completed.]]></system-out>
         <system-err><![CDATA[]]></system-err>
      </testcase>
      <system-out><![CDATA[2018-09-21 11:05:53 - [TEST_SUITE][PASSED] - TS_Test Consult: Test Cases/Web/FUSE/TC/6.FUSE Webapp - Solicitar un analisis un Owner]]></system-out>
      <system-err><![CDATA[]]></system-err>
   </testsuite>
</testsuites>
