<?xml version="1.0" encoding="UTF-8"?>
<testsuites name="TS_Mobile" time="164" tests="1" failures="0" errors="0">
   <testsuite name="TS_Mobile" tests="1" failures="0" errors="0" time="164" timestamp="2018-09-19 10:49:49" hostname="Agato - 192.168.1.4" id="Test Suites/TS_Mobile">
      <properties>
         <property name="deviceName" value="samsung SM-G920F (Android 7.0)"/>
         <property name="devicePlatform" value=""/>
         <property name="logFolder" value="C:\\Users\\Agato\\git\\Abaxis\\Reports\\TS_Mobile\\20180919_104858"/>
         <property name="logFiles" value="C:\\Users\\Agato\\git\\Abaxis\\Reports\\TS_Mobile\\20180919_104858\\appium.log, C:\\Users\\Agato\\git\\Abaxis\\Reports\\TS_Mobile\\20180919_104858\\execution0.log"/>
         <property name="attachments" value=""/>
         <property name="hostName" value="Agato - 192.168.1.4"/>
         <property name="os" value="Windows 10 64bit"/>
         <property name="katalonVersion" value="5.7.1.1"/>
         <property name="deviceOS" value="Android"/>
         <property name="appiumVersion" value="1.8.1"/>
         <property name="deviceModel" value="SM-G920F"/>
         <property name="hostAddress" value="192.168.1.4"/>
         <property name="deviceManufacturer" value="samsung"/>
         <property name="deviceId" value="10160a0973263f03"/>
         <property name="deviceName" value="samsung SM-G920F (Android 7.0)"/>
         <property name="deviceOSVersion" value="7.0"/>
      </properties>
      <testcase name="Test Cases/Android/TC/TC_VUE_NewAnalisys" classname="Test Cases/Android/TC/TC_VUE_NewAnalisys" status="PASSED">
         <system-out><![CDATA[2018-09-19 10:49:49 - [TEST_CASE][PASSED] - Test Cases/Android/TC/TC_VUE_NewAnalisys: Test Cases/Android/TC/TC_VUE_NewAnalisys

2018-09-19 10:49:49 - [TEST_STEP][PASSED] - Start listener action : sampleBeforeTestCase: Invoke 'com.kms.katalon.core.annotation.BeforeTestCase' method: 'NewTestListener.sampleBeforeTestCase(...)' completed.

2018-09-19 10:49:49 - [TEST_STEP][PASSED] - Statement - println(testCaseContext.getTestCaseId()): null

2018-09-19 10:49:49 - [TEST_STEP][PASSED] - Statement - println(testCaseContext.getTestCaseVariables()): Invoke 'com.kms.katalon.core.annotation.BeforeTestCase' method: 'NewTestListener.sampleBeforeTestCase(...)' completed.

2018-09-19 10:49:49 - [TEST_STEP][PASSED] - callTestCase: Call Test Case 'Test Cases/Android/Lib/OpenApp' successfully

2018-09-19 10:49:49 - [TEST_CASE][PASSED] - Test Cases/Android/Lib/OpenApp: Test Cases/Android/Lib/OpenApp

2018-09-19 10:49:50 - [TEST_STEP][PASSED] - startApplication: Started app at: 'C:\temp\app-development-debug.apk'

2018-09-19 10:50:48 - [MESSAGE][PASSED] - Started app at: 'C:\temp\app-development-debug.apk'

2018-09-19 10:50:48 - [MESSAGE][PASSED] - Call Test Case 'Test Cases/Android/Lib/OpenApp' successfully

2018-09-19 10:50:48 - [TEST_STEP][PASSED] - callTestCase: Call Test Case 'Test Cases/Android/Lib/Onboarding' successfully

2018-09-19 10:50:49 - [TEST_CASE][PASSED] - Test Cases/Android/Lib/Onboarding: Test Cases/Android/Lib/Onboarding

2018-09-19 10:50:49 - [TEST_STEP][PASSED] - tap: Tapped on element 'Object Repository/Android/WF1/android.widget.ImageView1'

2018-09-19 10:50:49 - [MESSAGE][WARNING] - Timeout '0' is invalid. Using default page load timeout: '30'

2018-09-19 10:50:51 - [MESSAGE][PASSED] - Tapped on element 'Object Repository/Android/WF1/android.widget.ImageView1'

2018-09-19 10:50:51 - [TEST_STEP][PASSED] - tap: Tapped on element 'Object Repository/Android/WF1/android.widget.Button0 - LOGIN'

2018-09-19 10:50:52 - [MESSAGE][WARNING] - Timeout '0' is invalid. Using default page load timeout: '30'

2018-09-19 10:50:54 - [MESSAGE][PASSED] - Tapped on element 'Object Repository/Android/WF1/android.widget.Button0 - LOGIN'

2018-09-19 10:50:54 - [TEST_STEP][PASSED] - tap: Tapped on element 'Object Repository/Android/WF1/android.widget.ImageView1 (1)'

2018-09-19 10:50:54 - [MESSAGE][WARNING] - Timeout '0' is invalid. Using default page load timeout: '30'

2018-09-19 10:50:55 - [MESSAGE][PASSED] - Tapped on element 'Object Repository/Android/WF1/android.widget.ImageView1 (1)'

2018-09-19 10:50:55 - [TEST_STEP][PASSED] - tap: Tapped on element 'Object Repository/Android/WF1/android.widget.Button1 - YES'

2018-09-19 10:50:55 - [MESSAGE][WARNING] - Timeout '0' is invalid. Using default page load timeout: '30'

2018-09-19 10:50:58 - [MESSAGE][PASSED] - Tapped on element 'Object Repository/Android/WF1/android.widget.Button1 - YES'

2018-09-19 10:50:58 - [TEST_STEP][PASSED] - tap: Tapped on element 'Object Repository/Android/WF1/android.widget.Button0 - OK'

2018-09-19 10:50:58 - [MESSAGE][WARNING] - Timeout '0' is invalid. Using default page load timeout: '30'

2018-09-19 10:51:00 - [MESSAGE][PASSED] - Tapped on element 'Object Repository/Android/WF1/android.widget.Button0 - OK'

2018-09-19 10:51:00 - [MESSAGE][PASSED] - Call Test Case 'Test Cases/Android/Lib/Onboarding' successfully

2018-09-19 10:51:00 - [TEST_STEP][PASSED] - callTestCase: Call Test Case 'Test Cases/Android/Lib/Menu/ConfigurationMenu/Configuration' successfully

2018-09-19 10:51:00 - [TEST_CASE][PASSED] - Test Cases/Android/Lib/Menu/ConfigurationMenu/Configuration: Test Cases/Android/Lib/Menu/ConfigurationMenu/Configuration

2018-09-19 10:51:00 - [TEST_STEP][PASSED] - tap: Tapped on element 'Object Repository/Android/WF1/android.widget.ImageButton4'

2018-09-19 10:51:00 - [MESSAGE][WARNING] - Timeout '0' is invalid. Using default page load timeout: '30'

2018-09-19 10:51:00 - [MESSAGE][PASSED] - Tapped on element 'Object Repository/Android/WF1/android.widget.ImageButton4'

2018-09-19 10:51:00 - [MESSAGE][PASSED] - Call Test Case 'Test Cases/Android/Lib/Menu/ConfigurationMenu/Configuration' successfully

2018-09-19 10:51:00 - [TEST_STEP][PASSED] - callTestCase: Call Test Case 'Test Cases/Android/Lib/Menu/ConfigurationMenu/FUSEConfig' successfully

2018-09-19 10:51:00 - [TEST_CASE][PASSED] - Test Cases/Android/Lib/Menu/ConfigurationMenu/FUSEConfig: Test Cases/Android/Lib/Menu/ConfigurationMenu/FUSEConfig

2018-09-19 10:51:00 - [TEST_STEP][PASSED] - tap: Tapped on element 'Object Repository/Android/WFSettings/android.widget.ImageButton4'

2018-09-19 10:51:00 - [MESSAGE][WARNING] - Timeout '0' is invalid. Using default page load timeout: '30'

2018-09-19 10:51:02 - [MESSAGE][PASSED] - Tapped on element 'Object Repository/Android/WFSettings/android.widget.ImageButton4'

2018-09-19 10:51:02 - [TEST_STEP][PASSED] - tap: Tapped on element 'Object Repository/Android/WFSettings/android.widget.LinearLayout8'

2018-09-19 10:51:02 - [MESSAGE][WARNING] - Timeout '0' is invalid. Using default page load timeout: '30'

2018-09-19 10:51:04 - [MESSAGE][PASSED] - Tapped on element 'Object Repository/Android/WFSettings/android.widget.LinearLayout8'

2018-09-19 10:51:04 - [TEST_STEP][PASSED] - tap: Tapped on element 'Object Repository/Android/WFSettings/android.widget.TextView1'

2018-09-19 10:51:04 - [MESSAGE][WARNING] - Timeout '0' is invalid. Using default page load timeout: '30'

2018-09-19 10:51:06 - [MESSAGE][PASSED] - Tapped on element 'Object Repository/Android/WFSettings/android.widget.TextView1'

2018-09-19 10:51:06 - [TEST_STEP][PASSED] - setText: Text '192.168.1.150' has been set to element 'Object Repository/Android/WFSettings/android.widget.EditText0 - Enter fuse IP address'

2018-09-19 10:51:06 - [MESSAGE][WARNING] - Timeout '0' is invalid. Using default page load timeout: '30'

2018-09-19 10:51:08 - [MESSAGE][PASSED] - Text '192.168.1.150' has been set to element 'Object Repository/Android/WFSettings/android.widget.EditText0 - Enter fuse IP address'

2018-09-19 10:51:08 - [TEST_STEP][PASSED] - tap: Tapped on element 'Object Repository/Android/WFSettings/android.widget.Button0 - CONNECT'

2018-09-19 10:51:08 - [MESSAGE][WARNING] - Timeout '0' is invalid. Using default page load timeout: '30'

2018-09-19 10:51:09 - [MESSAGE][PASSED] - Tapped on element 'Object Repository/Android/WFSettings/android.widget.Button0 - CONNECT'

2018-09-19 10:51:09 - [TEST_STEP][PASSED] - tap: Tapped on element 'Object Repository/Android/WFSettings/android.widget.ImageButton0'

2018-09-19 10:51:09 - [MESSAGE][WARNING] - Timeout '0' is invalid. Using default page load timeout: '30'

2018-09-19 10:51:13 - [MESSAGE][PASSED] - Tapped on element 'Object Repository/Android/WFSettings/android.widget.ImageButton0'

2018-09-19 10:51:13 - [TEST_STEP][PASSED] - tap: Tapped on element 'Object Repository/Android/WFSettings/android.widget.ImageButton0'

2018-09-19 10:51:13 - [MESSAGE][WARNING] - Timeout '0' is invalid. Using default page load timeout: '30'

2018-09-19 10:51:14 - [MESSAGE][PASSED] - Tapped on element 'Object Repository/Android/WFSettings/android.widget.ImageButton0'

2018-09-19 10:51:14 - [MESSAGE][PASSED] - Call Test Case 'Test Cases/Android/Lib/Menu/ConfigurationMenu/FUSEConfig' successfully

2018-09-19 10:51:14 - [TEST_STEP][PASSED] - callTestCase: Call Test Case 'Test Cases/Android/Lib/Menu/VUEMenu/CreateAnalisys' successfully

2018-09-19 10:51:14 - [TEST_CASE][PASSED] - Test Cases/Android/Lib/Menu/VUEMenu/CreateAnalisys: Test Cases/Android/Lib/Menu/VUEMenu/CreateAnalisys

2018-09-19 10:51:14 - [TEST_STEP][PASSED] - callTestCase: Call Test Case 'Test Cases/Android/Lib/Menu/VUEMenu/VUE' successfully

2018-09-19 10:51:14 - [TEST_CASE][PASSED] - Test Cases/Android/Lib/Menu/VUEMenu/VUE: Test Cases/Android/Lib/Menu/VUEMenu/VUE

2018-09-19 10:51:14 - [TEST_STEP][PASSED] - tap: Tapped on element 'Object Repository/Android/WFVUE/android.widget.ImageButton2'

2018-09-19 10:51:14 - [MESSAGE][WARNING] - Timeout '0' is invalid. Using default page load timeout: '30'

2018-09-19 10:51:15 - [MESSAGE][PASSED] - Tapped on element 'Object Repository/Android/WFVUE/android.widget.ImageButton2'

2018-09-19 10:51:15 - [MESSAGE][PASSED] - Call Test Case 'Test Cases/Android/Lib/Menu/VUEMenu/VUE' successfully

2018-09-19 10:51:15 - [TEST_STEP][PASSED] - tap: Tapped on element 'Object Repository/Android/Create Analisys/android.widget.ImageView2'

2018-09-19 10:51:15 - [MESSAGE][WARNING] - Timeout '0' is invalid. Using default page load timeout: '30'

2018-09-19 10:51:17 - [MESSAGE][PASSED] - Tapped on element 'Object Repository/Android/Create Analisys/android.widget.ImageView2'

2018-09-19 10:51:17 - [TEST_STEP][PASSED] - tap: Tapped on element 'Object Repository/Android/Create Analisys/android.widget.LinearLayout4'

2018-09-19 10:51:17 - [MESSAGE][WARNING] - Timeout '0' is invalid. Using default page load timeout: '30'

2018-09-19 10:51:17 - [MESSAGE][PASSED] - Tapped on element 'Object Repository/Android/Create Analisys/android.widget.LinearLayout4'

2018-09-19 10:51:17 - [TEST_STEP][PASSED] - tap: Tapped on element 'Object Repository/Android/WFVUE/android.widget.ImageButton0'

2018-09-19 10:51:17 - [MESSAGE][WARNING] - Timeout '0' is invalid. Using default page load timeout: '30'

2018-09-19 10:51:21 - [MESSAGE][PASSED] - Tapped on element 'Object Repository/Android/WFVUE/android.widget.ImageButton0'

2018-09-19 10:51:21 - [TEST_STEP][PASSED] - tap: Tapped on element 'Object Repository/Android/Create Analisys/android.widget.Button0 - OK'

2018-09-19 10:51:21 - [MESSAGE][WARNING] - Timeout '0' is invalid. Using default page load timeout: '30'

2018-09-19 10:51:24 - [MESSAGE][PASSED] - Tapped on element 'Object Repository/Android/Create Analisys/android.widget.Button0 - OK'

2018-09-19 10:51:24 - [TEST_STEP][PASSED] - tap: Tapped on element 'Object Repository/Android/Create Analisys/android.widget.ImageButton0'

2018-09-19 10:51:24 - [MESSAGE][WARNING] - Timeout '0' is invalid. Using default page load timeout: '30'

2018-09-19 10:51:24 - [MESSAGE][PASSED] - Tapped on element 'Object Repository/Android/Create Analisys/android.widget.ImageButton0'

2018-09-19 10:51:24 - [TEST_STEP][PASSED] - tap: Tapped on element 'Object Repository/Android/Create Analisys/android.widget.ImageButton1'

2018-09-19 10:51:24 - [MESSAGE][WARNING] - Timeout '0' is invalid. Using default page load timeout: '30'

2018-09-19 10:51:25 - [MESSAGE][PASSED] - Tapped on element 'Object Repository/Android/Create Analisys/android.widget.ImageButton1'

2018-09-19 10:51:25 - [TEST_STEP][PASSED] - delay: Delayed 60 second(s)

2018-09-19 10:52:25 - [MESSAGE][PASSED] - Delayed 60 second(s)

2018-09-19 10:52:25 - [TEST_STEP][PASSED] - tap: Tapped on element 'Object Repository/Android/WFVUE/android.widget.ImageView0'

2018-09-19 10:52:26 - [MESSAGE][WARNING] - Timeout '0' is invalid. Using default page load timeout: '30'

2018-09-19 10:52:27 - [MESSAGE][PASSED] - Tapped on element 'Object Repository/Android/WFVUE/android.widget.ImageView0'

2018-09-19 10:52:27 - [MESSAGE][PASSED] - Call Test Case 'Test Cases/Android/Lib/Menu/VUEMenu/CreateAnalisys' successfully

2018-09-19 10:52:27 - [TEST_STEP][PASSED] - callTestCase: Call Test Case 'Test Cases/Android/Lib/CloseApp' successfully

2018-09-19 10:52:27 - [TEST_CASE][PASSED] - Test Cases/Android/Lib/CloseApp: Test Cases/Android/Lib/CloseApp

2018-09-19 10:52:27 - [TEST_STEP][PASSED] - closeApplication: Close app successfully

2018-09-19 10:52:31 - [MESSAGE][PASSED] - Close app successfully

2018-09-19 10:52:31 - [MESSAGE][PASSED] - Call Test Case 'Test Cases/Android/Lib/CloseApp' successfully

2018-09-19 10:52:31 - [TEST_STEP][PASSED] - Start listener action : sampleAfterTestCase: Invoke 'com.kms.katalon.core.annotation.AfterTestCase' method: 'NewTestListener.sampleAfterTestCase(...)' completed.

2018-09-19 10:52:31 - [TEST_STEP][PASSED] - Statement - println(testCaseContext.getTestCaseId()): null

2018-09-19 10:52:31 - [TEST_STEP][PASSED] - Statement - println(testCaseContext.getTestCaseStatus()): Invoke 'com.kms.katalon.core.annotation.AfterTestCase' method: 'NewTestListener.sampleAfterTestCase(...)' completed.]]></system-out>
         <system-err><![CDATA[]]></system-err>
      </testcase>
      <system-out><![CDATA[2018-09-19 10:49:49 - [TEST_SUITE][PASSED] - TS_Mobile: Test Cases/Android/TC/TC_VUE_NewAnalisys]]></system-out>
      <system-err><![CDATA[]]></system-err>
   </testsuite>
</testsuites>
