<?xml version="1.0" encoding="UTF-8"?>
<testsuites name="TS_Mobile" time="351" tests="5" failures="0" errors="0">
   <testsuite name="TS_Mobile" tests="5" failures="0" errors="0" time="351" timestamp="2018-09-07 09:31:23" hostname="Agato - 192.168.1.3" id="Test Suites/TS_Mobile">
      <properties>
         <property name="deviceName" value="samsung SM-G920F (Android 7.0)"/>
         <property name="devicePlatform" value=""/>
         <property name="logFolder" value="C:\\Users\\Agato\\git\\Abaxis\\Reports\\TS_Mobile\\20180907_093122"/>
         <property name="logFiles" value="C:\\Users\\Agato\\git\\Abaxis\\Reports\\TS_Mobile\\20180907_093122\\appium.log, C:\\Users\\Agato\\git\\Abaxis\\Reports\\TS_Mobile\\20180907_093122\\execution0.log"/>
         <property name="attachments" value=""/>
         <property name="hostName" value="Agato - 192.168.1.3"/>
         <property name="os" value="Windows 10 64bit"/>
         <property name="katalonVersion" value="5.6.3.1"/>
         <property name="deviceOS" value="Android"/>
         <property name="appiumVersion" value="1.8.1"/>
         <property name="deviceModel" value="SM-G920F"/>
         <property name="hostAddress" value="192.168.1.3"/>
         <property name="deviceManufacturer" value="samsung"/>
         <property name="deviceId" value="10160a0973263f03"/>
         <property name="deviceName" value="samsung SM-G920F (Android 7.0)"/>
         <property name="deviceOSVersion" value="7.0"/>
      </properties>
      <testcase name="Test Cases/Android/TC/TC_LoginApp" classname="Test Cases/Android/TC/TC_LoginApp" status="PASSED">
         <system-out><![CDATA[2018-09-07 09:31:24 - [TEST_CASE][PASSED] - Test Cases/Android/TC/TC_LoginApp: Test Cases/Android/TC/TC_LoginApp

2018-09-07 09:31:24 - [TEST_STEP][PASSED] - callTestCase: Call Test Case 'Test Cases/Android/Lib/OpenApp' successfully

2018-09-07 09:31:24 - [TEST_CASE][PASSED] - Test Cases/Android/Lib/OpenApp: Test Cases/Android/Lib/OpenApp

2018-09-07 09:31:24 - [TEST_STEP][PASSED] - startApplication: Started app at: 'C:\temp\app-development-debug.apk'

2018-09-07 09:32:12 - [MESSAGE][PASSED] - Started app at: 'C:\temp\app-development-debug.apk'

2018-09-07 09:32:12 - [MESSAGE][PASSED] - Call Test Case 'Test Cases/Android/Lib/OpenApp' successfully

2018-09-07 09:32:12 - [TEST_STEP][PASSED] - callTestCase: Call Test Case 'Test Cases/Android/Lib/EndToEnd' successfully

2018-09-07 09:32:12 - [TEST_CASE][PASSED] - Test Cases/Android/Lib/EndToEnd: Test Cases/Android/Lib/EndToEnd

2018-09-07 09:32:12 - [TEST_STEP][PASSED] - callTestCase: Call Test Case 'Test Cases/Android/Lib/Onboarding' successfully

2018-09-07 09:32:12 - [TEST_CASE][PASSED] - Test Cases/Android/Lib/Onboarding: Test Cases/Android/Lib/Onboarding

2018-09-07 09:32:12 - [TEST_STEP][PASSED] - tap: Tapped on element 'Object Repository/Android/WF1/android.widget.ImageView1'

2018-09-07 09:32:12 - [MESSAGE][WARNING] - Timeout '0' is invalid. Using default page load timeout: '30'

2018-09-07 09:32:15 - [MESSAGE][PASSED] - Tapped on element 'Object Repository/Android/WF1/android.widget.ImageView1'

2018-09-07 09:32:15 - [TEST_STEP][PASSED] - tap: Tapped on element 'Object Repository/Android/WF1/android.widget.Button0 - LOGIN'

2018-09-07 09:32:15 - [MESSAGE][WARNING] - Timeout '0' is invalid. Using default page load timeout: '30'

2018-09-07 09:32:17 - [MESSAGE][PASSED] - Tapped on element 'Object Repository/Android/WF1/android.widget.Button0 - LOGIN'

2018-09-07 09:32:17 - [TEST_STEP][PASSED] - tap: Tapped on element 'Object Repository/Android/WF1/android.widget.ImageView1 (1)'

2018-09-07 09:32:17 - [MESSAGE][WARNING] - Timeout '0' is invalid. Using default page load timeout: '30'

2018-09-07 09:32:18 - [MESSAGE][PASSED] - Tapped on element 'Object Repository/Android/WF1/android.widget.ImageView1 (1)'

2018-09-07 09:32:18 - [TEST_STEP][PASSED] - tap: Tapped on element 'Object Repository/Android/WF1/android.widget.Button1 - YES'

2018-09-07 09:32:18 - [MESSAGE][WARNING] - Timeout '0' is invalid. Using default page load timeout: '30'

2018-09-07 09:32:21 - [MESSAGE][PASSED] - Tapped on element 'Object Repository/Android/WF1/android.widget.Button1 - YES'

2018-09-07 09:32:21 - [TEST_STEP][PASSED] - tap: Tapped on element 'Object Repository/Android/WF1/android.widget.Button0 - OK'

2018-09-07 09:32:21 - [MESSAGE][WARNING] - Timeout '0' is invalid. Using default page load timeout: '30'

2018-09-07 09:32:22 - [MESSAGE][PASSED] - Tapped on element 'Object Repository/Android/WF1/android.widget.Button0 - OK'

2018-09-07 09:32:22 - [MESSAGE][PASSED] - Call Test Case 'Test Cases/Android/Lib/Onboarding' successfully

2018-09-07 09:32:22 - [TEST_STEP][PASSED] - callTestCase: Call Test Case 'Test Cases/Android/Lib/Menu/VUE' successfully

2018-09-07 09:32:22 - [TEST_CASE][PASSED] - Test Cases/Android/Lib/Menu/VUE: Test Cases/Android/Lib/Menu/VUE

2018-09-07 09:32:22 - [TEST_STEP][PASSED] - Statement - return null: null

2018-09-07 09:32:22 - [MESSAGE][PASSED] - Call Test Case 'Test Cases/Android/Lib/Menu/VUE' successfully

2018-09-07 09:32:22 - [TEST_STEP][PASSED] - callTestCase: Call Test Case 'Test Cases/Android/Lib/Menu/User' successfully

2018-09-07 09:32:22 - [TEST_CASE][PASSED] - Test Cases/Android/Lib/Menu/User: Test Cases/Android/Lib/Menu/User

2018-09-07 09:32:22 - [TEST_STEP][PASSED] - tap: Tapped on element 'Object Repository/Android/WF1/android.widget.ImageButton3'

2018-09-07 09:32:22 - [MESSAGE][WARNING] - Timeout '0' is invalid. Using default page load timeout: '30'

2018-09-07 09:32:24 - [MESSAGE][PASSED] - Tapped on element 'Object Repository/Android/WF1/android.widget.ImageButton3'

2018-09-07 09:32:24 - [MESSAGE][PASSED] - Call Test Case 'Test Cases/Android/Lib/Menu/User' successfully

2018-09-07 09:32:24 - [TEST_STEP][PASSED] - callTestCase: Call Test Case 'Test Cases/Android/Lib/Menu/Historico' successfully

2018-09-07 09:32:24 - [TEST_CASE][PASSED] - Test Cases/Android/Lib/Menu/Historico: Test Cases/Android/Lib/Menu/Historico

2018-09-07 09:32:24 - [TEST_STEP][PASSED] - Statement - return null: null

2018-09-07 09:32:24 - [MESSAGE][PASSED] - Call Test Case 'Test Cases/Android/Lib/Menu/Historico' successfully

2018-09-07 09:32:24 - [TEST_STEP][PASSED] - callTestCase: Call Test Case 'Test Cases/Android/Lib/Menu/Configuration' successfully

2018-09-07 09:32:24 - [TEST_CASE][PASSED] - Test Cases/Android/Lib/Menu/Configuration: Test Cases/Android/Lib/Menu/Configuration

2018-09-07 09:32:24 - [TEST_STEP][PASSED] - tap: Tapped on element 'Object Repository/Android/WF1/android.widget.ImageButton4'

2018-09-07 09:32:24 - [MESSAGE][WARNING] - Timeout '0' is invalid. Using default page load timeout: '30'

2018-09-07 09:32:26 - [MESSAGE][PASSED] - Tapped on element 'Object Repository/Android/WF1/android.widget.ImageButton4'

2018-09-07 09:32:26 - [MESSAGE][PASSED] - Call Test Case 'Test Cases/Android/Lib/Menu/Configuration' successfully

2018-09-07 09:32:26 - [TEST_STEP][PASSED] - pressBack: Press back button successfully

2018-09-07 09:32:27 - [MESSAGE][PASSED] - Press back button successfully

2018-09-07 09:32:27 - [TEST_STEP][PASSED] - tap: Tapped on element 'Object Repository/Android/WF1/android.widget.Button1 - YES'

2018-09-07 09:32:27 - [MESSAGE][WARNING] - Timeout '0' is invalid. Using default page load timeout: '30'

2018-09-07 09:32:29 - [MESSAGE][PASSED] - Tapped on element 'Object Repository/Android/WF1/android.widget.Button1 - YES'

2018-09-07 09:32:29 - [MESSAGE][PASSED] - Call Test Case 'Test Cases/Android/Lib/EndToEnd' successfully

2018-09-07 09:32:29 - [TEST_STEP][PASSED] - callTestCase: Call Test Case 'Test Cases/Android/Lib/CloseApp' successfully

2018-09-07 09:32:29 - [TEST_CASE][PASSED] - Test Cases/Android/Lib/CloseApp: Test Cases/Android/Lib/CloseApp

2018-09-07 09:32:29 - [TEST_STEP][PASSED] - closeApplication: Close app successfully

2018-09-07 09:32:33 - [MESSAGE][PASSED] - Close app successfully

2018-09-07 09:32:33 - [MESSAGE][PASSED] - Call Test Case 'Test Cases/Android/Lib/CloseApp' successfully]]></system-out>
         <system-err><![CDATA[]]></system-err>
      </testcase>
      <testcase name="Test Cases/Android/TC/TC_Configuration" classname="Test Cases/Android/TC/TC_Configuration" status="PASSED">
         <system-out><![CDATA[2018-09-07 09:32:33 - [TEST_CASE][PASSED] - Test Cases/Android/TC/TC_Configuration: Test Cases/Android/TC/TC_Configuration

2018-09-07 09:32:33 - [TEST_STEP][PASSED] - callTestCase: Call Test Case 'Test Cases/Android/Lib/OpenApp' successfully

2018-09-07 09:32:33 - [TEST_CASE][PASSED] - Test Cases/Android/Lib/OpenApp: Test Cases/Android/Lib/OpenApp

2018-09-07 09:32:33 - [TEST_STEP][PASSED] - startApplication: Started app at: 'C:\temp\app-development-debug.apk'

2018-09-07 09:33:21 - [MESSAGE][PASSED] - Started app at: 'C:\temp\app-development-debug.apk'

2018-09-07 09:33:21 - [MESSAGE][PASSED] - Call Test Case 'Test Cases/Android/Lib/OpenApp' successfully

2018-09-07 09:33:21 - [TEST_STEP][PASSED] - callTestCase: Call Test Case 'Test Cases/Android/Lib/Onboarding' successfully

2018-09-07 09:33:21 - [TEST_CASE][PASSED] - Test Cases/Android/Lib/Onboarding: Test Cases/Android/Lib/Onboarding

2018-09-07 09:33:21 - [TEST_STEP][PASSED] - tap: Tapped on element 'Object Repository/Android/WF1/android.widget.ImageView1'

2018-09-07 09:33:21 - [MESSAGE][WARNING] - Timeout '0' is invalid. Using default page load timeout: '30'

2018-09-07 09:33:24 - [MESSAGE][PASSED] - Tapped on element 'Object Repository/Android/WF1/android.widget.ImageView1'

2018-09-07 09:33:24 - [TEST_STEP][PASSED] - tap: Tapped on element 'Object Repository/Android/WF1/android.widget.Button0 - LOGIN'

2018-09-07 09:33:24 - [MESSAGE][WARNING] - Timeout '0' is invalid. Using default page load timeout: '30'

2018-09-07 09:33:25 - [MESSAGE][PASSED] - Tapped on element 'Object Repository/Android/WF1/android.widget.Button0 - LOGIN'

2018-09-07 09:33:25 - [TEST_STEP][PASSED] - tap: Tapped on element 'Object Repository/Android/WF1/android.widget.ImageView1 (1)'

2018-09-07 09:33:25 - [MESSAGE][WARNING] - Timeout '0' is invalid. Using default page load timeout: '30'

2018-09-07 09:33:28 - [MESSAGE][PASSED] - Tapped on element 'Object Repository/Android/WF1/android.widget.ImageView1 (1)'

2018-09-07 09:33:28 - [TEST_STEP][PASSED] - tap: Tapped on element 'Object Repository/Android/WF1/android.widget.Button1 - YES'

2018-09-07 09:33:28 - [MESSAGE][WARNING] - Timeout '0' is invalid. Using default page load timeout: '30'

2018-09-07 09:33:31 - [MESSAGE][PASSED] - Tapped on element 'Object Repository/Android/WF1/android.widget.Button1 - YES'

2018-09-07 09:33:31 - [TEST_STEP][PASSED] - tap: Tapped on element 'Object Repository/Android/WF1/android.widget.Button0 - OK'

2018-09-07 09:33:31 - [MESSAGE][WARNING] - Timeout '0' is invalid. Using default page load timeout: '30'

2018-09-07 09:33:32 - [MESSAGE][PASSED] - Tapped on element 'Object Repository/Android/WF1/android.widget.Button0 - OK'

2018-09-07 09:33:32 - [MESSAGE][PASSED] - Call Test Case 'Test Cases/Android/Lib/Onboarding' successfully

2018-09-07 09:33:32 - [TEST_STEP][PASSED] - callTestCase: Call Test Case 'Test Cases/Android/Lib/Menu/Historico' successfully

2018-09-07 09:33:32 - [TEST_CASE][PASSED] - Test Cases/Android/Lib/Menu/Historico: Test Cases/Android/Lib/Menu/Historico

2018-09-07 09:33:32 - [TEST_STEP][PASSED] - Statement - return null: null

2018-09-07 09:33:32 - [MESSAGE][PASSED] - Call Test Case 'Test Cases/Android/Lib/Menu/Historico' successfully

2018-09-07 09:33:32 - [TEST_STEP][PASSED] - callTestCase: Call Test Case 'Test Cases/Android/Lib/CloseApp' successfully

2018-09-07 09:33:32 - [TEST_CASE][PASSED] - Test Cases/Android/Lib/CloseApp: Test Cases/Android/Lib/CloseApp

2018-09-07 09:33:32 - [TEST_STEP][PASSED] - closeApplication: Close app successfully

2018-09-07 09:33:36 - [MESSAGE][PASSED] - Close app successfully

2018-09-07 09:33:36 - [MESSAGE][PASSED] - Call Test Case 'Test Cases/Android/Lib/CloseApp' successfully]]></system-out>
         <system-err><![CDATA[]]></system-err>
      </testcase>
      <testcase name="Test Cases/Android/TC/TC_Historico" classname="Test Cases/Android/TC/TC_Historico" status="PASSED">
         <system-out><![CDATA[2018-09-07 09:33:36 - [TEST_CASE][PASSED] - Test Cases/Android/TC/TC_Historico: Test Cases/Android/TC/TC_Historico

2018-09-07 09:33:36 - [TEST_STEP][PASSED] - callTestCase: Call Test Case 'Test Cases/Android/Lib/OpenApp' successfully

2018-09-07 09:33:36 - [TEST_CASE][PASSED] - Test Cases/Android/Lib/OpenApp: Test Cases/Android/Lib/OpenApp

2018-09-07 09:33:36 - [TEST_STEP][PASSED] - startApplication: Started app at: 'C:\temp\app-development-debug.apk'

2018-09-07 09:34:32 - [MESSAGE][PASSED] - Started app at: 'C:\temp\app-development-debug.apk'

2018-09-07 09:34:32 - [MESSAGE][PASSED] - Call Test Case 'Test Cases/Android/Lib/OpenApp' successfully

2018-09-07 09:34:32 - [TEST_STEP][PASSED] - callTestCase: Call Test Case 'Test Cases/Android/Lib/Onboarding' successfully

2018-09-07 09:34:32 - [TEST_CASE][PASSED] - Test Cases/Android/Lib/Onboarding: Test Cases/Android/Lib/Onboarding

2018-09-07 09:34:32 - [TEST_STEP][PASSED] - tap: Tapped on element 'Object Repository/Android/WF1/android.widget.ImageView1'

2018-09-07 09:34:32 - [MESSAGE][WARNING] - Timeout '0' is invalid. Using default page load timeout: '30'

2018-09-07 09:34:35 - [MESSAGE][PASSED] - Tapped on element 'Object Repository/Android/WF1/android.widget.ImageView1'

2018-09-07 09:34:35 - [TEST_STEP][PASSED] - tap: Tapped on element 'Object Repository/Android/WF1/android.widget.Button0 - LOGIN'

2018-09-07 09:34:35 - [MESSAGE][WARNING] - Timeout '0' is invalid. Using default page load timeout: '30'

2018-09-07 09:34:38 - [MESSAGE][PASSED] - Tapped on element 'Object Repository/Android/WF1/android.widget.Button0 - LOGIN'

2018-09-07 09:34:38 - [TEST_STEP][PASSED] - tap: Tapped on element 'Object Repository/Android/WF1/android.widget.ImageView1 (1)'

2018-09-07 09:34:38 - [MESSAGE][WARNING] - Timeout '0' is invalid. Using default page load timeout: '30'

2018-09-07 09:34:39 - [MESSAGE][PASSED] - Tapped on element 'Object Repository/Android/WF1/android.widget.ImageView1 (1)'

2018-09-07 09:34:39 - [TEST_STEP][PASSED] - tap: Tapped on element 'Object Repository/Android/WF1/android.widget.Button1 - YES'

2018-09-07 09:34:39 - [MESSAGE][WARNING] - Timeout '0' is invalid. Using default page load timeout: '30'

2018-09-07 09:34:41 - [MESSAGE][PASSED] - Tapped on element 'Object Repository/Android/WF1/android.widget.Button1 - YES'

2018-09-07 09:34:41 - [TEST_STEP][PASSED] - tap: Tapped on element 'Object Repository/Android/WF1/android.widget.Button0 - OK'

2018-09-07 09:34:41 - [MESSAGE][WARNING] - Timeout '0' is invalid. Using default page load timeout: '30'

2018-09-07 09:34:43 - [MESSAGE][PASSED] - Tapped on element 'Object Repository/Android/WF1/android.widget.Button0 - OK'

2018-09-07 09:34:43 - [MESSAGE][PASSED] - Call Test Case 'Test Cases/Android/Lib/Onboarding' successfully

2018-09-07 09:34:43 - [TEST_STEP][PASSED] - callTestCase: Call Test Case 'Test Cases/Android/Lib/Menu/Configuration' successfully

2018-09-07 09:34:43 - [TEST_CASE][PASSED] - Test Cases/Android/Lib/Menu/Configuration: Test Cases/Android/Lib/Menu/Configuration

2018-09-07 09:34:43 - [TEST_STEP][PASSED] - tap: Tapped on element 'Object Repository/Android/WF1/android.widget.ImageButton4'

2018-09-07 09:34:43 - [MESSAGE][WARNING] - Timeout '0' is invalid. Using default page load timeout: '30'

2018-09-07 09:34:44 - [MESSAGE][PASSED] - Tapped on element 'Object Repository/Android/WF1/android.widget.ImageButton4'

2018-09-07 09:34:44 - [MESSAGE][PASSED] - Call Test Case 'Test Cases/Android/Lib/Menu/Configuration' successfully

2018-09-07 09:34:44 - [TEST_STEP][PASSED] - callTestCase: Call Test Case 'Test Cases/Android/Lib/CloseApp' successfully

2018-09-07 09:34:44 - [TEST_CASE][PASSED] - Test Cases/Android/Lib/CloseApp: Test Cases/Android/Lib/CloseApp

2018-09-07 09:34:44 - [TEST_STEP][PASSED] - closeApplication: Close app successfully

2018-09-07 09:34:48 - [MESSAGE][PASSED] - Close app successfully

2018-09-07 09:34:48 - [MESSAGE][PASSED] - Call Test Case 'Test Cases/Android/Lib/CloseApp' successfully]]></system-out>
         <system-err><![CDATA[]]></system-err>
      </testcase>
      <testcase name="Test Cases/Android/TC/TC_Users" classname="Test Cases/Android/TC/TC_Users" status="PASSED">
         <system-out><![CDATA[2018-09-07 09:34:48 - [TEST_CASE][PASSED] - Test Cases/Android/TC/TC_Users: Test Cases/Android/TC/TC_Users

2018-09-07 09:34:48 - [TEST_STEP][PASSED] - callTestCase: Call Test Case 'Test Cases/Android/Lib/OpenApp' successfully

2018-09-07 09:34:48 - [TEST_CASE][PASSED] - Test Cases/Android/Lib/OpenApp: Test Cases/Android/Lib/OpenApp

2018-09-07 09:34:49 - [TEST_STEP][PASSED] - startApplication: Started app at: 'C:\temp\app-development-debug.apk'

2018-09-07 09:35:45 - [MESSAGE][PASSED] - Started app at: 'C:\temp\app-development-debug.apk'

2018-09-07 09:35:45 - [MESSAGE][PASSED] - Call Test Case 'Test Cases/Android/Lib/OpenApp' successfully

2018-09-07 09:35:45 - [TEST_STEP][PASSED] - callTestCase: Call Test Case 'Test Cases/Android/Lib/Onboarding' successfully

2018-09-07 09:35:45 - [TEST_CASE][PASSED] - Test Cases/Android/Lib/Onboarding: Test Cases/Android/Lib/Onboarding

2018-09-07 09:35:45 - [TEST_STEP][PASSED] - tap: Tapped on element 'Object Repository/Android/WF1/android.widget.ImageView1'

2018-09-07 09:35:45 - [MESSAGE][WARNING] - Timeout '0' is invalid. Using default page load timeout: '30'

2018-09-07 09:35:48 - [MESSAGE][PASSED] - Tapped on element 'Object Repository/Android/WF1/android.widget.ImageView1'

2018-09-07 09:35:48 - [TEST_STEP][PASSED] - tap: Tapped on element 'Object Repository/Android/WF1/android.widget.Button0 - LOGIN'

2018-09-07 09:35:48 - [MESSAGE][WARNING] - Timeout '0' is invalid. Using default page load timeout: '30'

2018-09-07 09:35:50 - [MESSAGE][PASSED] - Tapped on element 'Object Repository/Android/WF1/android.widget.Button0 - LOGIN'

2018-09-07 09:35:50 - [TEST_STEP][PASSED] - tap: Tapped on element 'Object Repository/Android/WF1/android.widget.ImageView1 (1)'

2018-09-07 09:35:50 - [MESSAGE][WARNING] - Timeout '0' is invalid. Using default page load timeout: '30'

2018-09-07 09:35:52 - [MESSAGE][PASSED] - Tapped on element 'Object Repository/Android/WF1/android.widget.ImageView1 (1)'

2018-09-07 09:35:52 - [TEST_STEP][PASSED] - tap: Tapped on element 'Object Repository/Android/WF1/android.widget.Button1 - YES'

2018-09-07 09:35:52 - [MESSAGE][WARNING] - Timeout '0' is invalid. Using default page load timeout: '30'

2018-09-07 09:35:54 - [MESSAGE][PASSED] - Tapped on element 'Object Repository/Android/WF1/android.widget.Button1 - YES'

2018-09-07 09:35:54 - [TEST_STEP][PASSED] - tap: Tapped on element 'Object Repository/Android/WF1/android.widget.Button0 - OK'

2018-09-07 09:35:54 - [MESSAGE][WARNING] - Timeout '0' is invalid. Using default page load timeout: '30'

2018-09-07 09:35:55 - [MESSAGE][PASSED] - Tapped on element 'Object Repository/Android/WF1/android.widget.Button0 - OK'

2018-09-07 09:35:55 - [MESSAGE][PASSED] - Call Test Case 'Test Cases/Android/Lib/Onboarding' successfully

2018-09-07 09:35:55 - [TEST_STEP][PASSED] - callTestCase: Call Test Case 'Test Cases/Android/Lib/Menu/VUE' successfully

2018-09-07 09:35:56 - [TEST_CASE][PASSED] - Test Cases/Android/Lib/Menu/VUE: Test Cases/Android/Lib/Menu/VUE

2018-09-07 09:35:56 - [TEST_STEP][PASSED] - Statement - return null: null

2018-09-07 09:35:56 - [MESSAGE][PASSED] - Call Test Case 'Test Cases/Android/Lib/Menu/VUE' successfully

2018-09-07 09:35:56 - [TEST_STEP][PASSED] - callTestCase: Call Test Case 'Test Cases/Android/Lib/CloseApp' successfully

2018-09-07 09:35:56 - [TEST_CASE][PASSED] - Test Cases/Android/Lib/CloseApp: Test Cases/Android/Lib/CloseApp

2018-09-07 09:35:56 - [TEST_STEP][PASSED] - closeApplication: Close app successfully

2018-09-07 09:35:58 - [MESSAGE][PASSED] - Close app successfully

2018-09-07 09:35:58 - [MESSAGE][PASSED] - Call Test Case 'Test Cases/Android/Lib/CloseApp' successfully]]></system-out>
         <system-err><![CDATA[]]></system-err>
      </testcase>
      <testcase name="Test Cases/Android/TC/TC_VUE" classname="Test Cases/Android/TC/TC_VUE" status="PASSED">
         <system-out><![CDATA[2018-09-07 09:35:58 - [TEST_CASE][PASSED] - Test Cases/Android/TC/TC_VUE: Test Cases/Android/TC/TC_VUE

2018-09-07 09:35:59 - [TEST_STEP][PASSED] - callTestCase: Call Test Case 'Test Cases/Android/Lib/OpenApp' successfully

2018-09-07 09:35:59 - [TEST_CASE][PASSED] - Test Cases/Android/Lib/OpenApp: Test Cases/Android/Lib/OpenApp

2018-09-07 09:35:59 - [TEST_STEP][PASSED] - startApplication: Started app at: 'C:\temp\app-development-debug.apk'

2018-09-07 09:36:59 - [MESSAGE][PASSED] - Started app at: 'C:\temp\app-development-debug.apk'

2018-09-07 09:36:59 - [MESSAGE][PASSED] - Call Test Case 'Test Cases/Android/Lib/OpenApp' successfully

2018-09-07 09:36:59 - [TEST_STEP][PASSED] - callTestCase: Call Test Case 'Test Cases/Android/Lib/Onboarding' successfully

2018-09-07 09:36:59 - [TEST_CASE][PASSED] - Test Cases/Android/Lib/Onboarding: Test Cases/Android/Lib/Onboarding

2018-09-07 09:37:00 - [TEST_STEP][PASSED] - tap: Tapped on element 'Object Repository/Android/WF1/android.widget.ImageView1'

2018-09-07 09:37:00 - [MESSAGE][WARNING] - Timeout '0' is invalid. Using default page load timeout: '30'

2018-09-07 09:37:03 - [MESSAGE][PASSED] - Tapped on element 'Object Repository/Android/WF1/android.widget.ImageView1'

2018-09-07 09:37:03 - [TEST_STEP][PASSED] - tap: Tapped on element 'Object Repository/Android/WF1/android.widget.Button0 - LOGIN'

2018-09-07 09:37:03 - [MESSAGE][WARNING] - Timeout '0' is invalid. Using default page load timeout: '30'

2018-09-07 09:37:05 - [MESSAGE][PASSED] - Tapped on element 'Object Repository/Android/WF1/android.widget.Button0 - LOGIN'

2018-09-07 09:37:05 - [TEST_STEP][PASSED] - tap: Tapped on element 'Object Repository/Android/WF1/android.widget.ImageView1 (1)'

2018-09-07 09:37:05 - [MESSAGE][WARNING] - Timeout '0' is invalid. Using default page load timeout: '30'

2018-09-07 09:37:06 - [MESSAGE][PASSED] - Tapped on element 'Object Repository/Android/WF1/android.widget.ImageView1 (1)'

2018-09-07 09:37:06 - [TEST_STEP][PASSED] - tap: Tapped on element 'Object Repository/Android/WF1/android.widget.Button1 - YES'

2018-09-07 09:37:06 - [MESSAGE][WARNING] - Timeout '0' is invalid. Using default page load timeout: '30'

2018-09-07 09:37:09 - [MESSAGE][PASSED] - Tapped on element 'Object Repository/Android/WF1/android.widget.Button1 - YES'

2018-09-07 09:37:09 - [TEST_STEP][PASSED] - tap: Tapped on element 'Object Repository/Android/WF1/android.widget.Button0 - OK'

2018-09-07 09:37:09 - [MESSAGE][WARNING] - Timeout '0' is invalid. Using default page load timeout: '30'

2018-09-07 09:37:10 - [MESSAGE][PASSED] - Tapped on element 'Object Repository/Android/WF1/android.widget.Button0 - OK'

2018-09-07 09:37:10 - [MESSAGE][PASSED] - Call Test Case 'Test Cases/Android/Lib/Onboarding' successfully

2018-09-07 09:37:10 - [TEST_STEP][PASSED] - callTestCase: Call Test Case 'Test Cases/Android/Lib/Menu/User' successfully

2018-09-07 09:37:10 - [TEST_CASE][PASSED] - Test Cases/Android/Lib/Menu/User: Test Cases/Android/Lib/Menu/User

2018-09-07 09:37:10 - [TEST_STEP][PASSED] - tap: Tapped on element 'Object Repository/Android/WF1/android.widget.ImageButton3'

2018-09-07 09:37:10 - [MESSAGE][WARNING] - Timeout '0' is invalid. Using default page load timeout: '30'

2018-09-07 09:37:11 - [MESSAGE][PASSED] - Tapped on element 'Object Repository/Android/WF1/android.widget.ImageButton3'

2018-09-07 09:37:11 - [MESSAGE][PASSED] - Call Test Case 'Test Cases/Android/Lib/Menu/User' successfully

2018-09-07 09:37:11 - [TEST_STEP][PASSED] - callTestCase: Call Test Case 'Test Cases/Android/Lib/CloseApp' successfully

2018-09-07 09:37:12 - [TEST_CASE][PASSED] - Test Cases/Android/Lib/CloseApp: Test Cases/Android/Lib/CloseApp

2018-09-07 09:37:12 - [TEST_STEP][PASSED] - closeApplication: Close app successfully

2018-09-07 09:37:15 - [MESSAGE][PASSED] - Close app successfully

2018-09-07 09:37:15 - [MESSAGE][PASSED] - Call Test Case 'Test Cases/Android/Lib/CloseApp' successfully]]></system-out>
         <system-err><![CDATA[]]></system-err>
      </testcase>
      <system-out><![CDATA[2018-09-07 09:31:23 - [TEST_SUITE][PASSED] - TS_Mobile: Test Cases/Android/TC/TC_VUE]]></system-out>
      <system-err><![CDATA[]]></system-err>
   </testsuite>
</testsuites>
