<?xml version="1.0" encoding="UTF-8"?>
<testsuites name="TS_Web" time="57" tests="5" failures="0" errors="0">
   <testsuite name="TS_Web" tests="5" failures="0" errors="0" time="57" timestamp="2018-09-07 08:59:12" hostname="Agato - 192.168.1.3" id="Test Suites/TS_Web">
      <properties>
         <property name="deviceName" value=""/>
         <property name="devicePlatform" value=""/>
         <property name="logFolder" value="C:\\Users\\Agato\\git\\Abaxis\\Reports\\TS_Web\\20180907_085312"/>
         <property name="logFiles" value="C:\\Users\\Agato\\git\\Abaxis\\Reports\\TS_Web\\20180907_085312\\execution0.log"/>
         <property name="attachments" value=""/>
         <property name="hostName" value="Agato - 192.168.1.3"/>
         <property name="os" value="Windows 10 64bit"/>
         <property name="katalonVersion" value="5.6.3.1"/>
         <property name="browser" value="Chrome 68.0.3440.106"/>
         <property name="hostAddress" value="192.168.1.3"/>
         <property name="sessionId" value="e74ac463a89a2f9950cba9d75757ae95"/>
         <property name="seleniumVersion" value="3.7.1"/>
         <property name="proxyInformation" value="ProxyInformation{proxyOption=NO_PROXY, proxyServerType=HTTP, password=, proxyServerAddress=, proxyServerPort=0}"/>
         <property name="platform" value="Windows 10"/>
      </properties>
      <testcase name="Test Cases/Web/BO FUSE/TC/TC_Login" classname="Test Cases/Web/BO FUSE/TC/TC_Login" status="PASSED">
         <system-out><![CDATA[2018-09-07 08:59:13 - [TEST_CASE][PASSED] - Test Cases/Web/BO FUSE/TC/TC_Login: Test Cases/Web/BO FUSE/TC/TC_Login

2018-09-07 08:59:13 - [TEST_STEP][PASSED] - callTestCase: Call Test Case 'Test Cases/Web/BO FUSE/Lib/OpenBrowser' successfully

2018-09-07 08:59:13 - [TEST_CASE][PASSED] - Test Cases/Web/BO FUSE/Lib/OpenBrowser: Test Cases/Web/BO FUSE/Lib/OpenBrowser

2018-09-07 08:59:13 - [TEST_STEP][PASSED] - openBrowser: Browser is opened with url: ''

2018-09-07 08:59:16 - [MESSAGE][PASSED] - Browser is opened with url: ''

2018-09-07 08:59:16 - [TEST_STEP][PASSED] - navigateToUrl: Navigate to 'https://fuseint-public.opentrends.net/vetscan-fuse/login.do;jsessionid=CD400AB63E662264D13AEC8ED7B72AE4' successfully

2018-09-07 08:59:20 - [MESSAGE][PASSED] - Navigate to 'https://fuseint-public.opentrends.net/vetscan-fuse/login.do;jsessionid=CD400AB63E662264D13AEC8ED7B72AE4' successfully

2018-09-07 08:59:20 - [TEST_STEP][PASSED] - callTestCase: Call Test Case 'Test Cases/Web/Delay' successfully

2018-09-07 08:59:20 - [TEST_CASE][PASSED] - Test Cases/Web/Delay: Test Cases/Web/Delay

2018-09-07 08:59:20 - [TEST_STEP][PASSED] - Statement - return null: null

2018-09-07 08:59:20 - [MESSAGE][PASSED] - Call Test Case 'Test Cases/Web/Delay' successfully

2018-09-07 08:59:20 - [MESSAGE][PASSED] - Call Test Case 'Test Cases/Web/BO FUSE/Lib/OpenBrowser' successfully

2018-09-07 08:59:20 - [TEST_STEP][PASSED] - callTestCase: Call Test Case 'Test Cases/Web/BO FUSE/Lib/Login' successfully

2018-09-07 08:59:20 - [TEST_CASE][PASSED] - Test Cases/Web/BO FUSE/Lib/Login: Test Cases/Web/BO FUSE/Lib/Login

2018-09-07 08:59:20 - [TEST_STEP][PASSED] - setText: Text 'admin' is set on object 'Object Repository/WEB/BO FUSE/Page_VetScan FUSE - Backoffice/input_j_username'

2018-09-07 08:59:21 - [MESSAGE][PASSED] - Text 'admin' is set on object 'Object Repository/WEB/BO FUSE/Page_VetScan FUSE - Backoffice/input_j_username'

2018-09-07 08:59:21 - [TEST_STEP][PASSED] - setEncryptedText: Text ****** has been set on object 'Object Repository/WEB/BO FUSE/Page_VetScan FUSE - Backoffice/input_j_password'

2018-09-07 08:59:21 - [MESSAGE][PASSED] - Text ****** has been set on object 'Object Repository/WEB/BO FUSE/Page_VetScan FUSE - Backoffice/input_j_password'

2018-09-07 08:59:21 - [TEST_STEP][PASSED] - click: Object: 'Object Repository/WEB/BO FUSE/Page_VetScan FUSE - Backoffice/div_LOG IN' is clicked on

2018-09-07 08:59:23 - [MESSAGE][PASSED] - Object: 'Object Repository/WEB/BO FUSE/Page_VetScan FUSE - Backoffice/div_LOG IN' is clicked on

2018-09-07 08:59:23 - [MESSAGE][PASSED] - Call Test Case 'Test Cases/Web/BO FUSE/Lib/Login' successfully

2018-09-07 08:59:23 - [TEST_STEP][PASSED] - callTestCase: Call Test Case 'Test Cases/Web/BO FUSE/Lib/CloseBrowser' successfully

2018-09-07 08:59:23 - [TEST_CASE][PASSED] - Test Cases/Web/BO FUSE/Lib/CloseBrowser: Test Cases/Web/BO FUSE/Lib/CloseBrowser

2018-09-07 08:59:23 - [TEST_STEP][PASSED] - closeBrowser: Browser is closed

2018-09-07 08:59:23 - [MESSAGE][PASSED] - Browser is closed

2018-09-07 08:59:23 - [MESSAGE][PASSED] - Call Test Case 'Test Cases/Web/BO FUSE/Lib/CloseBrowser' successfully]]></system-out>
         <system-err><![CDATA[]]></system-err>
      </testcase>
      <testcase name="Test Cases/Web/FUSE/TC/TC_LoginFUSE" classname="Test Cases/Web/FUSE/TC/TC_LoginFUSE" status="PASSED">
         <system-out><![CDATA[2018-09-07 08:59:23 - [TEST_CASE][PASSED] - Test Cases/Web/FUSE/TC/TC_LoginFUSE: Test Cases/Web/FUSE/TC/TC_LoginFUSE

2018-09-07 08:59:24 - [TEST_STEP][PASSED] - callTestCase: Call Test Case 'Test Cases/Web/FUSE/Lib/OpenBrowser' successfully

2018-09-07 08:59:24 - [TEST_CASE][PASSED] - Test Cases/Web/FUSE/Lib/OpenBrowser: Test Cases/Web/FUSE/Lib/OpenBrowser

2018-09-07 08:59:24 - [TEST_STEP][PASSED] - openBrowser: Browser is opened with url: ''

2018-09-07 08:59:26 - [MESSAGE][PASSED] - Browser is opened with url: ''

2018-09-07 08:59:26 - [TEST_STEP][PASSED] - navigateToUrl: Navigate to 'http://192.168.1.201:8080/#/' successfully

2018-09-07 08:59:33 - [MESSAGE][PASSED] - Navigate to 'http://192.168.1.201:8080/#/' successfully

2018-09-07 08:59:33 - [TEST_STEP][PASSED] - callTestCase: Call Test Case 'Test Cases/Web/Delay' successfully

2018-09-07 08:59:33 - [TEST_CASE][PASSED] - Test Cases/Web/Delay: Test Cases/Web/Delay

2018-09-07 08:59:33 - [TEST_STEP][PASSED] - Statement - return null: null

2018-09-07 08:59:33 - [MESSAGE][PASSED] - Call Test Case 'Test Cases/Web/Delay' successfully

2018-09-07 08:59:33 - [MESSAGE][PASSED] - Call Test Case 'Test Cases/Web/FUSE/Lib/OpenBrowser' successfully

2018-09-07 08:59:33 - [TEST_STEP][PASSED] - callTestCase: Call Test Case 'Test Cases/Web/FUSE/Lib/LoginFUSE' successfully

2018-09-07 08:59:33 - [TEST_CASE][PASSED] - Test Cases/Web/FUSE/Lib/LoginFUSE: Test Cases/Web/FUSE/Lib/LoginFUSE

2018-09-07 08:59:33 - [TEST_STEP][PASSED] - click: Object: 'Object Repository/WEB/FUSE/WF1/Page_Abaxis VetScan Fuse/form_Login' is clicked on

2018-09-07 08:59:33 - [MESSAGE][PASSED] - Object: 'Object Repository/WEB/FUSE/WF1/Page_Abaxis VetScan Fuse/form_Login' is clicked on

2018-09-07 08:59:33 - [TEST_STEP][PASSED] - setText: Text 'admin' is set on object 'Object Repository/WEB/FUSE/WF1/Page_Abaxis VetScan Fuse/input_username'

2018-09-07 08:59:33 - [MESSAGE][PASSED] - Text 'admin' is set on object 'Object Repository/WEB/FUSE/WF1/Page_Abaxis VetScan Fuse/input_username'

2018-09-07 08:59:33 - [TEST_STEP][PASSED] - setEncryptedText: Text ****** has been set on object 'Object Repository/WEB/FUSE/WF1/Page_Abaxis VetScan Fuse/input_password'

2018-09-07 08:59:33 - [MESSAGE][PASSED] - Text ****** has been set on object 'Object Repository/WEB/FUSE/WF1/Page_Abaxis VetScan Fuse/input_password'

2018-09-07 08:59:33 - [TEST_STEP][PASSED] - click: Object: 'Object Repository/WEB/FUSE/WF1/Page_Abaxis VetScan Fuse/button_Login' is clicked on

2018-09-07 08:59:33 - [MESSAGE][PASSED] - Object: 'Object Repository/WEB/FUSE/WF1/Page_Abaxis VetScan Fuse/button_Login' is clicked on

2018-09-07 08:59:33 - [MESSAGE][PASSED] - Call Test Case 'Test Cases/Web/FUSE/Lib/LoginFUSE' successfully

2018-09-07 08:59:33 - [TEST_STEP][PASSED] - callTestCase: Call Test Case 'Test Cases/Web/FUSE/Lib/CloseBrowser' successfully

2018-09-07 08:59:33 - [TEST_CASE][PASSED] - Test Cases/Web/FUSE/Lib/CloseBrowser: Test Cases/Web/FUSE/Lib/CloseBrowser

2018-09-07 08:59:33 - [TEST_STEP][PASSED] - closeBrowser: Browser is closed

2018-09-07 08:59:34 - [MESSAGE][PASSED] - Browser is closed

2018-09-07 08:59:34 - [MESSAGE][PASSED] - Call Test Case 'Test Cases/Web/FUSE/Lib/CloseBrowser' successfully]]></system-out>
         <system-err><![CDATA[]]></system-err>
      </testcase>
      <testcase name="Test Cases/Web/BO FUSE/TC/TC_Users" classname="Test Cases/Web/BO FUSE/TC/TC_Users" status="PASSED">
         <system-out><![CDATA[2018-09-07 08:59:34 - [TEST_CASE][PASSED] - Test Cases/Web/BO FUSE/TC/TC_Users: Test Cases/Web/BO FUSE/TC/TC_Users

2018-09-07 08:59:34 - [TEST_STEP][PASSED] - callTestCase: Call Test Case 'Test Cases/Web/BO FUSE/Lib/OpenBrowser' successfully

2018-09-07 08:59:34 - [TEST_CASE][PASSED] - Test Cases/Web/BO FUSE/Lib/OpenBrowser: Test Cases/Web/BO FUSE/Lib/OpenBrowser

2018-09-07 08:59:34 - [TEST_STEP][PASSED] - openBrowser: Browser is opened with url: ''

2018-09-07 08:59:36 - [MESSAGE][PASSED] - Browser is opened with url: ''

2018-09-07 08:59:36 - [TEST_STEP][PASSED] - navigateToUrl: Navigate to 'https://fuseint-public.opentrends.net/vetscan-fuse/login.do;jsessionid=CD400AB63E662264D13AEC8ED7B72AE4' successfully

2018-09-07 08:59:38 - [MESSAGE][PASSED] - Navigate to 'https://fuseint-public.opentrends.net/vetscan-fuse/login.do;jsessionid=CD400AB63E662264D13AEC8ED7B72AE4' successfully

2018-09-07 08:59:38 - [TEST_STEP][PASSED] - callTestCase: Call Test Case 'Test Cases/Web/Delay' successfully

2018-09-07 08:59:38 - [TEST_CASE][PASSED] - Test Cases/Web/Delay: Test Cases/Web/Delay

2018-09-07 08:59:38 - [TEST_STEP][PASSED] - Statement - return null: null

2018-09-07 08:59:38 - [MESSAGE][PASSED] - Call Test Case 'Test Cases/Web/Delay' successfully

2018-09-07 08:59:38 - [MESSAGE][PASSED] - Call Test Case 'Test Cases/Web/BO FUSE/Lib/OpenBrowser' successfully

2018-09-07 08:59:38 - [TEST_STEP][PASSED] - callTestCase: Call Test Case 'Test Cases/Web/BO FUSE/Lib/Login' successfully

2018-09-07 08:59:38 - [TEST_CASE][PASSED] - Test Cases/Web/BO FUSE/Lib/Login: Test Cases/Web/BO FUSE/Lib/Login

2018-09-07 08:59:38 - [TEST_STEP][PASSED] - setText: Text 'admin' is set on object 'Object Repository/WEB/BO FUSE/Page_VetScan FUSE - Backoffice/input_j_username'

2018-09-07 08:59:38 - [MESSAGE][PASSED] - Text 'admin' is set on object 'Object Repository/WEB/BO FUSE/Page_VetScan FUSE - Backoffice/input_j_username'

2018-09-07 08:59:38 - [TEST_STEP][PASSED] - setEncryptedText: Text ****** has been set on object 'Object Repository/WEB/BO FUSE/Page_VetScan FUSE - Backoffice/input_j_password'

2018-09-07 08:59:38 - [MESSAGE][PASSED] - Text ****** has been set on object 'Object Repository/WEB/BO FUSE/Page_VetScan FUSE - Backoffice/input_j_password'

2018-09-07 08:59:38 - [TEST_STEP][PASSED] - click: Object: 'Object Repository/WEB/BO FUSE/Page_VetScan FUSE - Backoffice/div_LOG IN' is clicked on

2018-09-07 08:59:39 - [MESSAGE][PASSED] - Object: 'Object Repository/WEB/BO FUSE/Page_VetScan FUSE - Backoffice/div_LOG IN' is clicked on

2018-09-07 08:59:39 - [MESSAGE][PASSED] - Call Test Case 'Test Cases/Web/BO FUSE/Lib/Login' successfully

2018-09-07 08:59:39 - [TEST_STEP][PASSED] - callTestCase: Call Test Case 'Test Cases/Web/BO FUSE/Lib/BO_Users' successfully

2018-09-07 08:59:40 - [TEST_CASE][PASSED] - Test Cases/Web/BO FUSE/Lib/BO_Users: Test Cases/Web/BO FUSE/Lib/BO_Users

2018-09-07 08:59:40 - [TEST_STEP][PASSED] - click: Object: 'Object Repository/WEB/BO FUSE/Page_VetScan FUSE - Backoffice/i_icon-assets_ng_ic_users_18' is clicked on

2018-09-07 08:59:40 - [MESSAGE][PASSED] - Object: 'Object Repository/WEB/BO FUSE/Page_VetScan FUSE - Backoffice/i_icon-assets_ng_ic_users_18' is clicked on

2018-09-07 08:59:40 - [MESSAGE][PASSED] - Call Test Case 'Test Cases/Web/BO FUSE/Lib/BO_Users' successfully

2018-09-07 08:59:40 - [TEST_STEP][PASSED] - callTestCase: Call Test Case 'Test Cases/Web/BO FUSE/Lib/CrearVeterinaria' successfully

2018-09-07 08:59:40 - [TEST_CASE][PASSED] - Test Cases/Web/BO FUSE/Lib/CrearVeterinaria: Test Cases/Web/BO FUSE/Lib/CrearVeterinaria

2018-09-07 08:59:40 - [TEST_STEP][PASSED] - click: Object: 'Object Repository/WEB/BO FUSE/Page_VetScan FUSE - Backoffice/a_NewUser' is clicked on

2018-09-07 08:59:41 - [MESSAGE][PASSED] - Object: 'Object Repository/WEB/BO FUSE/Page_VetScan FUSE - Backoffice/a_NewUser' is clicked on

2018-09-07 08:59:41 - [TEST_STEP][PASSED] - setText: Text 'agatox' is set on object 'Object Repository/WEB/BO FUSE/Page_VetScan FUSE - Backoffice/input_userName'

2018-09-07 08:59:41 - [MESSAGE][PASSED] - Text 'agatox' is set on object 'Object Repository/WEB/BO FUSE/Page_VetScan FUSE - Backoffice/input_userName'

2018-09-07 08:59:41 - [TEST_STEP][PASSED] - setEncryptedText: Text ****** has been set on object 'Object Repository/WEB/BO FUSE/Page_VetScan FUSE - Backoffice/input_password'

2018-09-07 08:59:41 - [MESSAGE][PASSED] - Text ****** has been set on object 'Object Repository/WEB/BO FUSE/Page_VetScan FUSE - Backoffice/input_password'

2018-09-07 08:59:41 - [TEST_STEP][PASSED] - setText: Text 'agato@opentrends.net' is set on object 'Object Repository/WEB/BO FUSE/Page_VetScan FUSE - Backoffice/input_email'

2018-09-07 08:59:41 - [MESSAGE][PASSED] - Text 'agato@opentrends.net' is set on object 'Object Repository/WEB/BO FUSE/Page_VetScan FUSE - Backoffice/input_email'

2018-09-07 08:59:41 - [TEST_STEP][PASSED] - selectOptionByValue: All options with value '1' are selected in object 'Object Repository/WEB/BO FUSE/Page_VetScan FUSE - Backoffice/select_Abaxis AdminAbaxis EngA'  using regular expression

2018-09-07 08:59:41 - [MESSAGE][PASSED] - All options with value '1' are selected in object 'Object Repository/WEB/BO FUSE/Page_VetScan FUSE - Backoffice/select_Abaxis AdminAbaxis EngA'  using regular expression

2018-09-07 08:59:41 - [TEST_STEP][PASSED] - click: Object: 'Object Repository/WEB/BO FUSE/Page_VetScan FUSE - Backoffice/button_Save' is clicked on

2018-09-07 08:59:41 - [MESSAGE][PASSED] - Object: 'Object Repository/WEB/BO FUSE/Page_VetScan FUSE - Backoffice/button_Save' is clicked on

2018-09-07 08:59:41 - [TEST_STEP][NOT_RUN] - click: NOT_RUN: click

2018-09-07 08:59:41 - [MESSAGE][NOT_RUN] - NOT_RUN: click

2018-09-07 08:59:41 - [MESSAGE][PASSED] - Call Test Case 'Test Cases/Web/BO FUSE/Lib/CrearVeterinaria' successfully

2018-09-07 08:59:41 - [TEST_STEP][PASSED] - callTestCase: Call Test Case 'Test Cases/Web/BO FUSE/Lib/RemoveUser' successfully

2018-09-07 08:59:41 - [TEST_CASE][PASSED] - Test Cases/Web/BO FUSE/Lib/RemoveUser: Test Cases/Web/BO FUSE/Lib/RemoveUser

2018-09-07 08:59:41 - [TEST_STEP][NOT_RUN] - verifyElementText: NOT_RUN: verifyElementText

2018-09-07 08:59:41 - [MESSAGE][NOT_RUN] - NOT_RUN: verifyElementText

2018-09-07 08:59:41 - [TEST_STEP][NOT_RUN] - click: NOT_RUN: click

2018-09-07 08:59:41 - [MESSAGE][NOT_RUN] - NOT_RUN: click

2018-09-07 08:59:41 - [TEST_STEP][NOT_RUN] - click: NOT_RUN: click

2018-09-07 08:59:41 - [MESSAGE][NOT_RUN] - NOT_RUN: click

2018-09-07 08:59:41 - [TEST_STEP][NOT_RUN] - click: NOT_RUN: click

2018-09-07 08:59:41 - [MESSAGE][NOT_RUN] - NOT_RUN: click

2018-09-07 08:59:41 - [TEST_STEP][PASSED] - comment: Hay que mirar de hacer el remove user automatizado a

2018-09-07 08:59:41 - [MESSAGE][PASSED] - Call Test Case 'Test Cases/Web/BO FUSE/Lib/RemoveUser' successfully

2018-09-07 08:59:41 - [TEST_STEP][PASSED] - callTestCase: Call Test Case 'Test Cases/Web/BO FUSE/Lib/CloseBrowser' successfully

2018-09-07 08:59:42 - [TEST_CASE][PASSED] - Test Cases/Web/BO FUSE/Lib/CloseBrowser: Test Cases/Web/BO FUSE/Lib/CloseBrowser

2018-09-07 08:59:42 - [TEST_STEP][PASSED] - closeBrowser: Browser is closed

2018-09-07 08:59:42 - [MESSAGE][PASSED] - Browser is closed

2018-09-07 08:59:42 - [MESSAGE][PASSED] - Call Test Case 'Test Cases/Web/BO FUSE/Lib/CloseBrowser' successfully]]></system-out>
         <system-err><![CDATA[]]></system-err>
      </testcase>
      <testcase name="Test Cases/Web/FUSE/TC/TC_Navigation" classname="Test Cases/Web/FUSE/TC/TC_Navigation" status="PASSED">
         <system-out><![CDATA[2018-09-07 08:59:42 - [TEST_CASE][PASSED] - Test Cases/Web/FUSE/TC/TC_Navigation: Test Cases/Web/FUSE/TC/TC_Navigation

2018-09-07 08:59:42 - [TEST_STEP][PASSED] - callTestCase: Call Test Case 'Test Cases/Web/FUSE/Lib/OpenBrowser' successfully

2018-09-07 08:59:42 - [TEST_CASE][PASSED] - Test Cases/Web/FUSE/Lib/OpenBrowser: Test Cases/Web/FUSE/Lib/OpenBrowser

2018-09-07 08:59:42 - [TEST_STEP][PASSED] - openBrowser: Browser is opened with url: ''

2018-09-07 08:59:44 - [MESSAGE][PASSED] - Browser is opened with url: ''

2018-09-07 08:59:44 - [TEST_STEP][PASSED] - navigateToUrl: Navigate to 'http://192.168.1.201:8080/#/' successfully

2018-09-07 08:59:48 - [MESSAGE][PASSED] - Navigate to 'http://192.168.1.201:8080/#/' successfully

2018-09-07 08:59:48 - [TEST_STEP][PASSED] - callTestCase: Call Test Case 'Test Cases/Web/Delay' successfully

2018-09-07 08:59:48 - [TEST_CASE][PASSED] - Test Cases/Web/Delay: Test Cases/Web/Delay

2018-09-07 08:59:48 - [TEST_STEP][PASSED] - Statement - return null: null

2018-09-07 08:59:48 - [MESSAGE][PASSED] - Call Test Case 'Test Cases/Web/Delay' successfully

2018-09-07 08:59:48 - [MESSAGE][PASSED] - Call Test Case 'Test Cases/Web/FUSE/Lib/OpenBrowser' successfully

2018-09-07 08:59:48 - [TEST_STEP][PASSED] - callTestCase: Call Test Case 'Test Cases/Web/FUSE/Lib/LoginFUSE' successfully

2018-09-07 08:59:48 - [TEST_CASE][PASSED] - Test Cases/Web/FUSE/Lib/LoginFUSE: Test Cases/Web/FUSE/Lib/LoginFUSE

2018-09-07 08:59:48 - [TEST_STEP][PASSED] - click: Object: 'Object Repository/WEB/FUSE/WF1/Page_Abaxis VetScan Fuse/form_Login' is clicked on

2018-09-07 08:59:49 - [MESSAGE][PASSED] - Object: 'Object Repository/WEB/FUSE/WF1/Page_Abaxis VetScan Fuse/form_Login' is clicked on

2018-09-07 08:59:49 - [TEST_STEP][PASSED] - setText: Text 'admin' is set on object 'Object Repository/WEB/FUSE/WF1/Page_Abaxis VetScan Fuse/input_username'

2018-09-07 08:59:49 - [MESSAGE][PASSED] - Text 'admin' is set on object 'Object Repository/WEB/FUSE/WF1/Page_Abaxis VetScan Fuse/input_username'

2018-09-07 08:59:49 - [TEST_STEP][PASSED] - setEncryptedText: Text ****** has been set on object 'Object Repository/WEB/FUSE/WF1/Page_Abaxis VetScan Fuse/input_password'

2018-09-07 08:59:49 - [MESSAGE][PASSED] - Text ****** has been set on object 'Object Repository/WEB/FUSE/WF1/Page_Abaxis VetScan Fuse/input_password'

2018-09-07 08:59:49 - [TEST_STEP][PASSED] - click: Object: 'Object Repository/WEB/FUSE/WF1/Page_Abaxis VetScan Fuse/button_Login' is clicked on

2018-09-07 08:59:49 - [MESSAGE][PASSED] - Object: 'Object Repository/WEB/FUSE/WF1/Page_Abaxis VetScan Fuse/button_Login' is clicked on

2018-09-07 08:59:49 - [MESSAGE][PASSED] - Call Test Case 'Test Cases/Web/FUSE/Lib/LoginFUSE' successfully

2018-09-07 08:59:49 - [TEST_STEP][PASSED] - callTestCase: Call Test Case 'Test Cases/Web/FUSE/Lib/Menus/Devices_WF/Devices' successfully

2018-09-07 08:59:49 - [TEST_CASE][PASSED] - Test Cases/Web/FUSE/Lib/Menus/Devices_WF/Devices: Test Cases/Web/FUSE/Lib/Menus/Devices_WF/Devices

2018-09-07 08:59:49 - [TEST_STEP][PASSED] - click: Object: 'Object Repository/WEB/FUSE/WF1/Page_Abaxis VetScan Fuse/Page_Abaxis VetScan Fuse/a_Devices' is clicked on

2018-09-07 08:59:50 - [MESSAGE][PASSED] - Object: 'Object Repository/WEB/FUSE/WF1/Page_Abaxis VetScan Fuse/Page_Abaxis VetScan Fuse/a_Devices' is clicked on

2018-09-07 08:59:50 - [MESSAGE][PASSED] - Call Test Case 'Test Cases/Web/FUSE/Lib/Menus/Devices_WF/Devices' successfully

2018-09-07 08:59:50 - [TEST_STEP][PASSED] - callTestCase: Call Test Case 'Test Cases/Web/FUSE/Lib/Menus/NewTest_WF/NewTest' successfully

2018-09-07 08:59:50 - [TEST_CASE][PASSED] - Test Cases/Web/FUSE/Lib/Menus/NewTest_WF/NewTest: Test Cases/Web/FUSE/Lib/Menus/NewTest_WF/NewTest

2018-09-07 08:59:50 - [TEST_STEP][PASSED] - click: Object: 'Object Repository/WEB/FUSE/WF1/Page_Abaxis VetScan Fuse/Page_Abaxis VetScan Fuse/button_New Test' is clicked on

2018-09-07 08:59:50 - [MESSAGE][PASSED] - Object: 'Object Repository/WEB/FUSE/WF1/Page_Abaxis VetScan Fuse/Page_Abaxis VetScan Fuse/button_New Test' is clicked on

2018-09-07 08:59:50 - [MESSAGE][PASSED] - Call Test Case 'Test Cases/Web/FUSE/Lib/Menus/NewTest_WF/NewTest' successfully

2018-09-07 08:59:50 - [TEST_STEP][PASSED] - back: Navigate back successfully

2018-09-07 08:59:50 - [MESSAGE][PASSED] - Navigate back successfully

2018-09-07 08:59:50 - [TEST_STEP][PASSED] - callTestCase: Call Test Case 'Test Cases/Web/FUSE/Lib/Menus/Patients_WF/Patients' successfully

2018-09-07 08:59:50 - [TEST_CASE][PASSED] - Test Cases/Web/FUSE/Lib/Menus/Patients_WF/Patients: Test Cases/Web/FUSE/Lib/Menus/Patients_WF/Patients

2018-09-07 08:59:50 - [TEST_STEP][PASSED] - click: Object: 'Object Repository/WEB/FUSE/WF1/Page_Abaxis VetScan Fuse/Page_Abaxis VetScan Fuse/a_Patients' is clicked on

2018-09-07 08:59:50 - [MESSAGE][PASSED] - Object: 'Object Repository/WEB/FUSE/WF1/Page_Abaxis VetScan Fuse/Page_Abaxis VetScan Fuse/a_Patients' is clicked on

2018-09-07 08:59:50 - [MESSAGE][PASSED] - Call Test Case 'Test Cases/Web/FUSE/Lib/Menus/Patients_WF/Patients' successfully

2018-09-07 08:59:50 - [TEST_STEP][PASSED] - callTestCase: Call Test Case 'Test Cases/Web/FUSE/Lib/Menus/Settings_WF/Settings' successfully

2018-09-07 08:59:50 - [TEST_CASE][PASSED] - Test Cases/Web/FUSE/Lib/Menus/Settings_WF/Settings: Test Cases/Web/FUSE/Lib/Menus/Settings_WF/Settings

2018-09-07 08:59:50 - [TEST_STEP][PASSED] - click: Object: 'Object Repository/WEB/FUSE/WF1/Page_Abaxis VetScan Fuse/Page_Abaxis VetScan Fuse/a_Settings' is clicked on

2018-09-07 08:59:50 - [MESSAGE][PASSED] - Object: 'Object Repository/WEB/FUSE/WF1/Page_Abaxis VetScan Fuse/Page_Abaxis VetScan Fuse/a_Settings' is clicked on

2018-09-07 08:59:50 - [MESSAGE][PASSED] - Call Test Case 'Test Cases/Web/FUSE/Lib/Menus/Settings_WF/Settings' successfully

2018-09-07 08:59:50 - [TEST_STEP][PASSED] - callTestCase: Call Test Case 'Test Cases/Web/FUSE/Lib/Menus/Test_WF/Tests' successfully

2018-09-07 08:59:50 - [TEST_CASE][PASSED] - Test Cases/Web/FUSE/Lib/Menus/Test_WF/Tests: Test Cases/Web/FUSE/Lib/Menus/Test_WF/Tests

2018-09-07 08:59:50 - [TEST_STEP][PASSED] - click: Object: 'Object Repository/WEB/FUSE/WF1/Page_Abaxis VetScan Fuse/Page_Abaxis VetScan Fuse/a_Tests' is clicked on

2018-09-07 08:59:51 - [MESSAGE][PASSED] - Object: 'Object Repository/WEB/FUSE/WF1/Page_Abaxis VetScan Fuse/Page_Abaxis VetScan Fuse/a_Tests' is clicked on

2018-09-07 08:59:51 - [MESSAGE][PASSED] - Call Test Case 'Test Cases/Web/FUSE/Lib/Menus/Test_WF/Tests' successfully

2018-09-07 08:59:51 - [TEST_STEP][PASSED] - callTestCase: Call Test Case 'Test Cases/Web/FUSE/Lib/CloseBrowser' successfully

2018-09-07 08:59:51 - [TEST_CASE][PASSED] - Test Cases/Web/FUSE/Lib/CloseBrowser: Test Cases/Web/FUSE/Lib/CloseBrowser

2018-09-07 08:59:51 - [TEST_STEP][PASSED] - closeBrowser: Browser is closed

2018-09-07 08:59:51 - [MESSAGE][PASSED] - Browser is closed

2018-09-07 08:59:51 - [MESSAGE][PASSED] - Call Test Case 'Test Cases/Web/FUSE/Lib/CloseBrowser' successfully]]></system-out>
         <system-err><![CDATA[]]></system-err>
      </testcase>
      <testcase name="Test Cases/Web/FUSE/TC/TC_NewOwner" classname="Test Cases/Web/FUSE/TC/TC_NewOwner" status="PASSED">
         <system-out><![CDATA[2018-09-07 08:59:51 - [TEST_CASE][PASSED] - Test Cases/Web/FUSE/TC/TC_NewOwner: Test Cases/Web/FUSE/TC/TC_NewOwner

2018-09-07 08:59:51 - [TEST_STEP][PASSED] - callTestCase: Call Test Case 'Test Cases/Web/FUSE/Lib/OpenBrowser' successfully

2018-09-07 08:59:52 - [TEST_CASE][PASSED] - Test Cases/Web/FUSE/Lib/OpenBrowser: Test Cases/Web/FUSE/Lib/OpenBrowser

2018-09-07 08:59:52 - [TEST_STEP][PASSED] - openBrowser: Browser is opened with url: ''

2018-09-07 08:59:54 - [MESSAGE][PASSED] - Browser is opened with url: ''

2018-09-07 08:59:54 - [TEST_STEP][PASSED] - navigateToUrl: Navigate to 'http://192.168.1.201:8080/#/' successfully

2018-09-07 09:00:02 - [MESSAGE][PASSED] - Navigate to 'http://192.168.1.201:8080/#/' successfully

2018-09-07 09:00:02 - [TEST_STEP][PASSED] - callTestCase: Call Test Case 'Test Cases/Web/Delay' successfully

2018-09-07 09:00:02 - [TEST_CASE][PASSED] - Test Cases/Web/Delay: Test Cases/Web/Delay

2018-09-07 09:00:02 - [TEST_STEP][PASSED] - Statement - return null: null

2018-09-07 09:00:02 - [MESSAGE][PASSED] - Call Test Case 'Test Cases/Web/Delay' successfully

2018-09-07 09:00:02 - [MESSAGE][PASSED] - Call Test Case 'Test Cases/Web/FUSE/Lib/OpenBrowser' successfully

2018-09-07 09:00:02 - [TEST_STEP][PASSED] - callTestCase: Call Test Case 'Test Cases/Web/FUSE/Lib/LoginFUSE' successfully

2018-09-07 09:00:02 - [TEST_CASE][PASSED] - Test Cases/Web/FUSE/Lib/LoginFUSE: Test Cases/Web/FUSE/Lib/LoginFUSE

2018-09-07 09:00:02 - [TEST_STEP][PASSED] - click: Object: 'Object Repository/WEB/FUSE/WF1/Page_Abaxis VetScan Fuse/form_Login' is clicked on

2018-09-07 09:00:03 - [MESSAGE][PASSED] - Object: 'Object Repository/WEB/FUSE/WF1/Page_Abaxis VetScan Fuse/form_Login' is clicked on

2018-09-07 09:00:03 - [TEST_STEP][PASSED] - setText: Text 'admin' is set on object 'Object Repository/WEB/FUSE/WF1/Page_Abaxis VetScan Fuse/input_username'

2018-09-07 09:00:03 - [MESSAGE][PASSED] - Text 'admin' is set on object 'Object Repository/WEB/FUSE/WF1/Page_Abaxis VetScan Fuse/input_username'

2018-09-07 09:00:03 - [TEST_STEP][PASSED] - setEncryptedText: Text ****** has been set on object 'Object Repository/WEB/FUSE/WF1/Page_Abaxis VetScan Fuse/input_password'

2018-09-07 09:00:03 - [MESSAGE][PASSED] - Text ****** has been set on object 'Object Repository/WEB/FUSE/WF1/Page_Abaxis VetScan Fuse/input_password'

2018-09-07 09:00:03 - [TEST_STEP][PASSED] - click: Object: 'Object Repository/WEB/FUSE/WF1/Page_Abaxis VetScan Fuse/button_Login' is clicked on

2018-09-07 09:00:03 - [MESSAGE][PASSED] - Object: 'Object Repository/WEB/FUSE/WF1/Page_Abaxis VetScan Fuse/button_Login' is clicked on

2018-09-07 09:00:03 - [MESSAGE][PASSED] - Call Test Case 'Test Cases/Web/FUSE/Lib/LoginFUSE' successfully

2018-09-07 09:00:03 - [TEST_STEP][PASSED] - callTestCase: Call Test Case 'Test Cases/Web/FUSE/Lib/Menus/Patients_WF/NewOwner' successfully

2018-09-07 09:00:03 - [TEST_CASE][PASSED] - Test Cases/Web/FUSE/Lib/Menus/Patients_WF/NewOwner: Test Cases/Web/FUSE/Lib/Menus/Patients_WF/NewOwner

2018-09-07 09:00:03 - [TEST_STEP][PASSED] - callTestCase: Call Test Case 'Test Cases/Web/FUSE/Lib/Menus/Patients_WF/Patients' successfully

2018-09-07 09:00:03 - [TEST_CASE][PASSED] - Test Cases/Web/FUSE/Lib/Menus/Patients_WF/Patients: Test Cases/Web/FUSE/Lib/Menus/Patients_WF/Patients

2018-09-07 09:00:03 - [TEST_STEP][PASSED] - click: Object: 'Object Repository/WEB/FUSE/WF1/Page_Abaxis VetScan Fuse/Page_Abaxis VetScan Fuse/a_Patients' is clicked on

2018-09-07 09:00:04 - [MESSAGE][PASSED] - Object: 'Object Repository/WEB/FUSE/WF1/Page_Abaxis VetScan Fuse/Page_Abaxis VetScan Fuse/a_Patients' is clicked on

2018-09-07 09:00:04 - [MESSAGE][PASSED] - Call Test Case 'Test Cases/Web/FUSE/Lib/Menus/Patients_WF/Patients' successfully

2018-09-07 09:00:04 - [TEST_STEP][PASSED] - click: Object: 'Object Repository/WEB/FUSE/WF1/PatientsWF/Page_Abaxis VetScan Fuse/a_sidebar__slider__arrowlink' is clicked on

2018-09-07 09:00:05 - [MESSAGE][PASSED] - Object: 'Object Repository/WEB/FUSE/WF1/PatientsWF/Page_Abaxis VetScan Fuse/a_sidebar__slider__arrowlink' is clicked on

2018-09-07 09:00:05 - [TEST_STEP][PASSED] - callTestCase: Call Test Case 'Test Cases/Web/Delay' successfully

2018-09-07 09:00:05 - [TEST_CASE][PASSED] - Test Cases/Web/Delay: Test Cases/Web/Delay

2018-09-07 09:00:05 - [TEST_STEP][PASSED] - Statement - return null: null

2018-09-07 09:00:05 - [MESSAGE][PASSED] - Call Test Case 'Test Cases/Web/Delay' successfully

2018-09-07 09:00:05 - [TEST_STEP][PASSED] - click: Object: 'Object Repository/WEB/FUSE/WF1/PatientsWF/Page_Abaxis VetScan Fuse/span_New Owner' is clicked on

2018-09-07 09:00:06 - [MESSAGE][PASSED] - Object: 'Object Repository/WEB/FUSE/WF1/PatientsWF/Page_Abaxis VetScan Fuse/span_New Owner' is clicked on

2018-09-07 09:00:06 - [TEST_STEP][PASSED] - callTestCase: Call Test Case 'Test Cases/Web/Delay' successfully

2018-09-07 09:00:06 - [TEST_CASE][PASSED] - Test Cases/Web/Delay: Test Cases/Web/Delay

2018-09-07 09:00:06 - [TEST_STEP][PASSED] - Statement - return null: null

2018-09-07 09:00:06 - [MESSAGE][PASSED] - Call Test Case 'Test Cases/Web/Delay' successfully

2018-09-07 09:00:06 - [TEST_STEP][PASSED] - setText: Text 'Alex1' is set on object 'Object Repository/WEB/FUSE/WF1/PatientsWF/Page_Abaxis VetScan Fuse/input_firstName'

2018-09-07 09:00:06 - [MESSAGE][PASSED] - Text 'Alex1' is set on object 'Object Repository/WEB/FUSE/WF1/PatientsWF/Page_Abaxis VetScan Fuse/input_firstName'

2018-09-07 09:00:06 - [TEST_STEP][PASSED] - callTestCase: Call Test Case 'Test Cases/Web/Delay' successfully

2018-09-07 09:00:06 - [TEST_CASE][PASSED] - Test Cases/Web/Delay: Test Cases/Web/Delay

2018-09-07 09:00:06 - [TEST_STEP][PASSED] - Statement - return null: null

2018-09-07 09:00:06 - [MESSAGE][PASSED] - Call Test Case 'Test Cases/Web/Delay' successfully

2018-09-07 09:00:06 - [TEST_STEP][PASSED] - setText: Text 'Gato' is set on object 'Object Repository/WEB/FUSE/WF1/PatientsWF/Page_Abaxis VetScan Fuse/input_lastName'

2018-09-07 09:00:07 - [MESSAGE][PASSED] - Text 'Gato' is set on object 'Object Repository/WEB/FUSE/WF1/PatientsWF/Page_Abaxis VetScan Fuse/input_lastName'

2018-09-07 09:00:07 - [TEST_STEP][PASSED] - callTestCase: Call Test Case 'Test Cases/Web/Delay' successfully

2018-09-07 09:00:07 - [TEST_CASE][PASSED] - Test Cases/Web/Delay: Test Cases/Web/Delay

2018-09-07 09:00:07 - [TEST_STEP][PASSED] - Statement - return null: null

2018-09-07 09:00:07 - [MESSAGE][PASSED] - Call Test Case 'Test Cases/Web/Delay' successfully

2018-09-07 09:00:07 - [TEST_STEP][PASSED] - setText: Text 'agato@opentrends.net' is set on object 'Object Repository/WEB/FUSE/WF1/PatientsWF/Page_Abaxis VetScan Fuse/input_email'

2018-09-07 09:00:07 - [MESSAGE][PASSED] - Text 'agato@opentrends.net' is set on object 'Object Repository/WEB/FUSE/WF1/PatientsWF/Page_Abaxis VetScan Fuse/input_email'

2018-09-07 09:00:07 - [TEST_STEP][PASSED] - callTestCase: Call Test Case 'Test Cases/Web/Delay' successfully

2018-09-07 09:00:07 - [TEST_CASE][PASSED] - Test Cases/Web/Delay: Test Cases/Web/Delay

2018-09-07 09:00:07 - [TEST_STEP][PASSED] - Statement - return null: null

2018-09-07 09:00:07 - [MESSAGE][PASSED] - Call Test Case 'Test Cases/Web/Delay' successfully

2018-09-07 09:00:07 - [TEST_STEP][PASSED] - setText: Text '66666666' is set on object 'Object Repository/WEB/FUSE/WF1/PatientsWF/Page_Abaxis VetScan Fuse/input_mobilePhone'

2018-09-07 09:00:07 - [MESSAGE][PASSED] - Text '66666666' is set on object 'Object Repository/WEB/FUSE/WF1/PatientsWF/Page_Abaxis VetScan Fuse/input_mobilePhone'

2018-09-07 09:00:07 - [TEST_STEP][PASSED] - callTestCase: Call Test Case 'Test Cases/Web/Delay' successfully

2018-09-07 09:00:07 - [TEST_CASE][PASSED] - Test Cases/Web/Delay: Test Cases/Web/Delay

2018-09-07 09:00:07 - [TEST_STEP][PASSED] - Statement - return null: null

2018-09-07 09:00:07 - [MESSAGE][PASSED] - Call Test Case 'Test Cases/Web/Delay' successfully

2018-09-07 09:00:07 - [TEST_STEP][PASSED] - setText: Text '66666666' is set on object 'Object Repository/WEB/FUSE/WF1/PatientsWF/Page_Abaxis VetScan Fuse/input_homePhone'

2018-09-07 09:00:07 - [MESSAGE][PASSED] - Text '66666666' is set on object 'Object Repository/WEB/FUSE/WF1/PatientsWF/Page_Abaxis VetScan Fuse/input_homePhone'

2018-09-07 09:00:07 - [TEST_STEP][PASSED] - callTestCase: Call Test Case 'Test Cases/Web/Delay' successfully

2018-09-07 09:00:07 - [TEST_CASE][PASSED] - Test Cases/Web/Delay: Test Cases/Web/Delay

2018-09-07 09:00:07 - [TEST_STEP][PASSED] - Statement - return null: null

2018-09-07 09:00:07 - [MESSAGE][PASSED] - Call Test Case 'Test Cases/Web/Delay' successfully

2018-09-07 09:00:07 - [TEST_STEP][PASSED] - setText: Text '66666666' is set on object 'Object Repository/WEB/FUSE/WF1/PatientsWF/Page_Abaxis VetScan Fuse/input_workPhone'

2018-09-07 09:00:08 - [MESSAGE][PASSED] - Text '66666666' is set on object 'Object Repository/WEB/FUSE/WF1/PatientsWF/Page_Abaxis VetScan Fuse/input_workPhone'

2018-09-07 09:00:08 - [TEST_STEP][PASSED] - callTestCase: Call Test Case 'Test Cases/Web/Delay' successfully

2018-09-07 09:00:08 - [TEST_CASE][PASSED] - Test Cases/Web/Delay: Test Cases/Web/Delay

2018-09-07 09:00:08 - [TEST_STEP][PASSED] - Statement - return null: null

2018-09-07 09:00:08 - [MESSAGE][PASSED] - Call Test Case 'Test Cases/Web/Delay' successfully

2018-09-07 09:00:08 - [TEST_STEP][PASSED] - setText: Text 'aaaaaaaaa' is set on object 'Object Repository/WEB/FUSE/WF1/PatientsWF/Page_Abaxis VetScan Fuse/input_address'

2018-09-07 09:00:08 - [MESSAGE][PASSED] - Text 'aaaaaaaaa' is set on object 'Object Repository/WEB/FUSE/WF1/PatientsWF/Page_Abaxis VetScan Fuse/input_address'

2018-09-07 09:00:08 - [TEST_STEP][PASSED] - callTestCase: Call Test Case 'Test Cases/Web/Delay' successfully

2018-09-07 09:00:08 - [TEST_CASE][PASSED] - Test Cases/Web/Delay: Test Cases/Web/Delay

2018-09-07 09:00:08 - [TEST_STEP][PASSED] - Statement - return null: null

2018-09-07 09:00:08 - [MESSAGE][PASSED] - Call Test Case 'Test Cases/Web/Delay' successfully

2018-09-07 09:00:08 - [TEST_STEP][PASSED] - setText: Text 'aaaaaaaa' is set on object 'Object Repository/WEB/FUSE/WF1/PatientsWF/Page_Abaxis VetScan Fuse/input_location'

2018-09-07 09:00:08 - [MESSAGE][PASSED] - Text 'aaaaaaaa' is set on object 'Object Repository/WEB/FUSE/WF1/PatientsWF/Page_Abaxis VetScan Fuse/input_location'

2018-09-07 09:00:08 - [TEST_STEP][PASSED] - callTestCase: Call Test Case 'Test Cases/Web/Delay' successfully

2018-09-07 09:00:08 - [TEST_CASE][PASSED] - Test Cases/Web/Delay: Test Cases/Web/Delay

2018-09-07 09:00:08 - [TEST_STEP][PASSED] - Statement - return null: null

2018-09-07 09:00:08 - [MESSAGE][PASSED] - Call Test Case 'Test Cases/Web/Delay' successfully

2018-09-07 09:00:08 - [TEST_STEP][PASSED] - click: Object: 'Object Repository/WEB/FUSE/WF1/PatientsWF/Page_Abaxis VetScan Fuse/span_Save' is clicked on

2018-09-07 09:00:08 - [MESSAGE][PASSED] - Object: 'Object Repository/WEB/FUSE/WF1/PatientsWF/Page_Abaxis VetScan Fuse/span_Save' is clicked on

2018-09-07 09:00:08 - [TEST_STEP][PASSED] - callTestCase: Call Test Case 'Test Cases/Web/Delay' successfully

2018-09-07 09:00:08 - [TEST_CASE][PASSED] - Test Cases/Web/Delay: Test Cases/Web/Delay

2018-09-07 09:00:08 - [TEST_STEP][PASSED] - Statement - return null: null

2018-09-07 09:00:08 - [MESSAGE][PASSED] - Call Test Case 'Test Cases/Web/Delay' successfully

2018-09-07 09:00:08 - [MESSAGE][PASSED] - Call Test Case 'Test Cases/Web/FUSE/Lib/Menus/Patients_WF/NewOwner' successfully

2018-09-07 09:00:08 - [TEST_STEP][PASSED] - callTestCase: Call Test Case 'Test Cases/Web/FUSE/Lib/CloseBrowser' successfully

2018-09-07 09:00:08 - [TEST_CASE][PASSED] - Test Cases/Web/FUSE/Lib/CloseBrowser: Test Cases/Web/FUSE/Lib/CloseBrowser

2018-09-07 09:00:08 - [TEST_STEP][PASSED] - closeBrowser: Browser is closed

2018-09-07 09:00:10 - [MESSAGE][PASSED] - Browser is closed

2018-09-07 09:00:10 - [MESSAGE][PASSED] - Call Test Case 'Test Cases/Web/FUSE/Lib/CloseBrowser' successfully]]></system-out>
         <system-err><![CDATA[]]></system-err>
      </testcase>
      <system-out><![CDATA[2018-09-07 08:59:12 - [TEST_SUITE][PASSED] - TS_Web: Test Cases/Web/FUSE/TC/TC_NewOwner]]></system-out>
      <system-err><![CDATA[]]></system-err>
   </testsuite>
</testsuites>
